#
# There is insufficient memory for the Java Runtime Environment to continue.
# Native memory allocation (mmap) failed to map 71303168 bytes for Failed to commit area from 0x000000008fa00000 to 0x0000000093e00000 of length 71303168.
# Possible reasons:
#   The system is out of physical RAM or swap space
#   The process is running with CompressedOops enabled, and the Java Heap may be blocking the growth of the native heap
# Possible solutions:
#   Reduce memory load on the system
#   Increase physical memory or swap space
#   Check if swap backing store is full
#   Decrease Java heap size (-Xmx/-Xms)
#   Decrease number of Java threads
#   Decrease Java thread stack sizes (-Xss)
#   Set larger code cache with -XX:ReservedCodeCacheSize=
#   JVM is running with Unscaled Compressed Oops mode in which the Java heap is
#     placed in the first 4GB address space. The Java Heap base address is the
#     maximum limit for the native heap growth. Please use -XX:HeapBaseMinAddress
#     to set the Java Heap base and to place the Java Heap above 4GB virtual address.
# This output file may be truncated or incomplete.
#
#  Out of Memory Error (./src/hotspot/os/windows/os_windows.cpp:3301), pid=15544, tid=14860
#
# JRE version: OpenJDK Runtime Environment (11.0.10) (build 11.0.10+0-b96-7249189)
# Java VM: OpenJDK 64-Bit Server VM (11.0.10+0-b96-7249189, mixed mode, tiered, compressed oops, g1 gc, windows-amd64)
# No core dump will be written. Minidumps are not enabled by default on client versions of Windows
#

---------------  S U M M A R Y ------------

Command Line: --add-opens=java.base/java.util=ALL-UNNAMED --add-opens=java.base/java.lang=ALL-UNNAMED --add-opens=java.base/java.lang.invoke=ALL-UNNAMED --add-opens=java.base/java.util=ALL-UNNAMED --add-opens=java.prefs/java.util.prefs=ALL-UNNAMED --add-opens=java.prefs/java.util.prefs=ALL-UNNAMED --add-opens=java.base/java.nio.charset=ALL-UNNAMED --add-opens=java.base/java.net=ALL-UNNAMED --add-opens=java.base/java.util.concurrent.atomic=ALL-UNNAMED -Xmx2048m -Dfile.encoding=UTF-8 -Duser.country=CN -Duser.language=zh -Duser.variant org.gradle.launcher.daemon.bootstrap.GradleDaemon 7.0.2

Host: Intel(R) Core(TM) i5-8250U CPU @ 1.60GHz, 8 cores, 7G,  Windows 10 , 64 bit Build 19041 (10.0.19041.1348)
Time: Fri Nov 19 23:35:26 2021 中国标准时间 elapsed time: 21.165077 seconds (0d 0h 0m 21s)

---------------  T H R E A D  ---------------

Current thread (0x0000019fdb952800):  VMThread "VM Thread" [stack: 0x000000859d800000,0x000000859d900000] [id=14860]

Stack: [0x000000859d800000,0x000000859d900000]
[error occurred during error reporting (printing stack bounds), id 0xc0000005, EXCEPTION_ACCESS_VIOLATION (0xc0000005) at pc=0x0000019fc47f0f2d]

Native frames: (J=compiled Java code, j=interpreted, Vv=VM code, C=native code)
V  [jvm.dll+0x5ecfaa]
V  [jvm.dll+0x722bd5]
V  [jvm.dll+0x72412d]
V  [jvm.dll+0x724745]
V  [jvm.dll+0x7246fb]
V  [jvm.dll+0x5ec348]
V  [jvm.dll+0x5ecad8]
C  [ntdll.dll+0xa20cf]
C  [ntdll.dll+0x51454]
C  [ntdll.dll+0xa0bfe]
C  0x0000019fc47f0f2d

VM_Operation (0x00000085a2afe510): G1CollectForAllocation, mode: safepoint, requested by thread 0x0000019fdf060800


---------------  P R O C E S S  ---------------

Threads class SMR info:
_java_thread_list=0x0000019fe20f7fa0, length=72, elements={
0x0000019fbf4dc000, 0x0000019fdb955800, 0x0000019fdb957800, 0x0000019fdb982000,
0x0000019fdb983000, 0x0000019fdb984800, 0x0000019fdc1df800, 0x0000019fdc1e3800,
0x0000019fdc1ea800, 0x0000019fdc1ef800, 0x0000019fdc1eb800, 0x0000019fdc1ec000,
0x0000019fdc1e9800, 0x0000019fdc1f0000, 0x0000019fdc1ee000, 0x0000019fdc1ed000,
0x0000019fdc1ee800, 0x0000019fdd1a4800, 0x0000019fdd1a2000, 0x0000019fdd1a7000,
0x0000019fdd1a3800, 0x0000019fdd1a1800, 0x0000019fdd1a8800, 0x0000019fdd115800,
0x0000019fdd1a8000, 0x0000019fdd1a3000, 0x0000019fdd1a9800, 0x0000019fdd1aa800,
0x0000019fdd1ab000, 0x0000019fdfec5800, 0x0000019fdd1a5800, 0x0000019fdd1ac000,
0x0000019fdd1ac800, 0x0000019fdd1ae800, 0x0000019fdd1af000, 0x0000019fdf826800,
0x0000019fdf829000, 0x0000019fdf82a000, 0x0000019fdf82d000, 0x0000019fdf82a800,
0x0000019fdf827800, 0x0000019fdf828000, 0x0000019fdf830800, 0x0000019fdf82e000,
0x0000019fdf82b800, 0x0000019fdf831000, 0x0000019fdf82f000, 0x0000019fdf82f800,
0x0000019fdf832000, 0x0000019fdf82c800, 0x0000019fdf833800, 0x0000019fdf833000,
0x0000019fe1c96800, 0x0000019fe1c97000, 0x0000019fe1c91800, 0x0000019fe1c98000,
0x0000019fe1c92800, 0x0000019fe1c99000, 0x0000019fe1c93000, 0x0000019fe1c99800,
0x0000019fe1c94000, 0x0000019fe1c9a800, 0x0000019fe1c95000, 0x0000019fe1c9b800,
0x0000019fe1c95800, 0x0000019fe1c9c000, 0x0000019fe1c9d000, 0x0000019fe1c9d800,
0x0000019fe1c9e800, 0x0000019fe1c9f800, 0x0000019fe1ca0000, 0x0000019fdf060800
}

Java Threads: ( => current thread )
  0x0000019fbf4dc000 JavaThread "main" [_thread_blocked, id=18860, stack(0x000000859d200000,0x000000859d300000)]
  0x0000019fdb955800 JavaThread "Reference Handler" daemon [_thread_blocked, id=3220, stack(0x000000859d900000,0x000000859da00000)]
  0x0000019fdb957800 JavaThread "Finalizer" daemon [_thread_blocked, id=15176, stack(0x000000859da00000,0x000000859db00000)]
  0x0000019fdb982000 JavaThread "Signal Dispatcher" daemon [_thread_blocked, id=8804, stack(0x000000859db00000,0x000000859dc00000)]
  0x0000019fdb983000 JavaThread "Attach Listener" daemon [_thread_blocked, id=19304, stack(0x000000859dc00000,0x000000859dd00000)]
  0x0000019fdb984800 JavaThread "Service Thread" daemon [_thread_blocked, id=10188, stack(0x000000859dd00000,0x000000859de00000)]
  0x0000019fdc1df800 JavaThread "C2 CompilerThread0" daemon [_thread_in_native, id=15016, stack(0x000000859de00000,0x000000859df00000)]
  0x0000019fdc1e3800 JavaThread "C1 CompilerThread0" daemon [_thread_blocked, id=19368, stack(0x000000859df00000,0x000000859e000000)]
  0x0000019fdc1ea800 JavaThread "Sweeper thread" daemon [_thread_blocked, id=2968, stack(0x000000859e000000,0x000000859e100000)]
  0x0000019fdc1ef800 JavaThread "Common-Cleaner" daemon [_thread_blocked, id=5584, stack(0x000000859e100000,0x000000859e200000)]
  0x0000019fdc1eb800 JavaThread "Daemon health stats" [_thread_blocked, id=7376, stack(0x000000859e700000,0x000000859e800000)]
  0x0000019fdc1ec000 JavaThread "Incoming local TCP Connector on port 58294" [_thread_in_native, id=16336, stack(0x000000859e300000,0x000000859e400000)]
  0x0000019fdc1e9800 JavaThread "Daemon periodic checks" [_thread_blocked, id=4088, stack(0x000000859e600000,0x000000859e700000)]
  0x0000019fdc1f0000 JavaThread "Daemon" [_thread_blocked, id=17248, stack(0x000000859e800000,0x000000859e900000)]
  0x0000019fdc1ee000 JavaThread "Handler for socket connection from /127.0.0.1:58294 to /127.0.0.1:58295" [_thread_in_native, id=4412, stack(0x000000859e900000,0x000000859ea00000)]
  0x0000019fdc1ed000 JavaThread "Cancel handler" [_thread_blocked, id=13952, stack(0x000000859ea00000,0x000000859eb00000)]
  0x0000019fdc1ee800 JavaThread "Daemon worker" [_thread_blocked, id=11144, stack(0x000000859eb00000,0x000000859ec00000)]
  0x0000019fdd1a4800 JavaThread "Asynchronous log dispatcher for DefaultDaemonConnection: socket connection from /127.0.0.1:58294 to /127.0.0.1:58295" [_thread_blocked, id=11240, stack(0x000000859ec00000,0x000000859ed00000)]
  0x0000019fdd1a2000 JavaThread "Stdin handler" [_thread_blocked, id=16616, stack(0x000000859ed00000,0x000000859ee00000)]
  0x0000019fdd1a7000 JavaThread "Daemon client event forwarder" [_thread_blocked, id=18844, stack(0x000000859ee00000,0x000000859ef00000)]
  0x0000019fdd1a3800 JavaThread "Cache worker for file hash cache (C:\Users\HUAWEI\.gradle\caches\7.0.2\fileHashes)" [_thread_blocked, id=13804, stack(0x000000859f400000,0x000000859f500000)]
  0x0000019fdd1a1800 JavaThread "File lock request listener" [_thread_in_native, id=14320, stack(0x000000859f500000,0x000000859f600000)]
  0x0000019fdd1a8800 JavaThread "Cache worker for journal cache (C:\Users\HUAWEI\.gradle\caches\journal-1)" [_thread_blocked, id=12056, stack(0x000000859f700000,0x000000859f800000)]
  0x0000019fdd115800 JavaThread "C2 CompilerThread1" daemon [_thread_blocked, id=14508, stack(0x000000859f800000,0x000000859f900000)]
  0x0000019fdd1a8000 JavaThread "Cache worker for file hash cache (E:\codefile\Android\MyAccount\.gradle\7.0.2\fileHashes)" [_thread_blocked, id=7944, stack(0x000000859f900000,0x000000859fa00000)]
  0x0000019fdd1a3000 JavaThread "File watcher server" daemon [_thread_blocked, id=2652, stack(0x000000859fa00000,0x000000859fb00000)]
  0x0000019fdd1a9800 JavaThread "File watcher consumer" daemon [_thread_blocked, id=3384, stack(0x000000859fb00000,0x000000859fc00000)]
  0x0000019fdd1aa800 JavaThread "Cache worker for checksums cache (E:\codefile\Android\MyAccount\.gradle\checksums)" [_thread_blocked, id=18060, stack(0x000000859fc00000,0x000000859fd00000)]
  0x0000019fdd1ab000 JavaThread "Cache worker for cache directory md-supplier (C:\Users\HUAWEI\.gradle\caches\7.0.2\md-supplier)" [_thread_blocked, id=18252, stack(0x000000859fd00000,0x000000859fe00000)]
  0x0000019fdfec5800 JavaThread "C2 CompilerThread2" daemon [_thread_in_native, id=18508, stack(0x000000859fe00000,0x000000859ff00000)]
  0x0000019fdd1a5800 JavaThread "Cache worker for cache directory md-rule (C:\Users\HUAWEI\.gradle\caches\7.0.2\md-rule)" [_thread_blocked, id=17144, stack(0x000000859ff00000,0x00000085a0000000)]
  0x0000019fdd1ac000 JavaThread "Cache worker for execution history cache (C:\Users\HUAWEI\.gradle\caches\7.0.2\executionHistory)" [_thread_blocked, id=4376, stack(0x00000085a0000000,0x00000085a0100000)]
  0x0000019fdd1ac800 JavaThread "jar transforms" [_thread_blocked, id=18512, stack(0x00000085a0100000,0x00000085a0200000)]
  0x0000019fdd1ae800 JavaThread "jar transforms Thread 2" [_thread_blocked, id=16128, stack(0x00000085a0200000,0x00000085a0300000)]
  0x0000019fdd1af000 JavaThread "Cache worker for file content cache (C:\Users\HUAWEI\.gradle\caches\7.0.2\fileContent)" [_thread_blocked, id=6132, stack(0x00000085a0300000,0x00000085a0400000)]
  0x0000019fdf826800 JavaThread "Cache worker for dependencies-accessors (E:\codefile\Android\MyAccount\.gradle\7.0.2\dependencies-accessors)" [_thread_blocked, id=3108, stack(0x00000085a0400000,0x00000085a0500000)]
  0x0000019fdf829000 JavaThread "jar transforms Thread 3" [_thread_blocked, id=19168, stack(0x00000085a0500000,0x00000085a0600000)]
  0x0000019fdf82a000 JavaThread "Cache worker for Build Output Cleanup Cache (E:\codefile\Android\MyAccount\.gradle\buildOutputCleanup)" [_thread_blocked, id=13476, stack(0x00000085a0600000,0x00000085a0700000)]
  0x0000019fdf82d000 JavaThread "Build operations" [_thread_blocked, id=19352, stack(0x00000085a0700000,0x00000085a0800000)]
  0x0000019fdf82a800 JavaThread "Build operations Thread 2" [_thread_blocked, id=19180, stack(0x00000085a0800000,0x00000085a0900000)]
  0x0000019fdf827800 JavaThread "Build operations Thread 3" [_thread_blocked, id=13424, stack(0x00000085a0900000,0x00000085a0a00000)]
  0x0000019fdf828000 JavaThread "Build operations Thread 4" [_thread_blocked, id=9468, stack(0x00000085a0a00000,0x00000085a0b00000)]
  0x0000019fdf830800 JavaThread "Build operations Thread 5" [_thread_blocked, id=17816, stack(0x00000085a0b00000,0x00000085a0c00000)]
  0x0000019fdf82e000 JavaThread "Build operations Thread 6" [_thread_blocked, id=5032, stack(0x00000085a0c00000,0x00000085a0d00000)]
  0x0000019fdf82b800 JavaThread "Build operations Thread 7" [_thread_blocked, id=16512, stack(0x00000085a0d00000,0x00000085a0e00000)]
  0x0000019fdf831000 JavaThread "Build operations Thread 8" [_thread_blocked, id=15820, stack(0x00000085a0e00000,0x00000085a0f00000)]
  0x0000019fdf82f000 JavaThread "jar transforms Thread 4" [_thread_blocked, id=11752, stack(0x00000085a0f00000,0x00000085a1000000)]
  0x0000019fdf82f800 JavaThread "jar transforms Thread 5" [_thread_blocked, id=18664, stack(0x00000085a1000000,0x00000085a1100000)]
  0x0000019fdf832000 JavaThread "jar transforms Thread 6" [_thread_blocked, id=3312, stack(0x00000085a1100000,0x00000085a1200000)]
  0x0000019fdf82c800 JavaThread "jar transforms Thread 7" [_thread_blocked, id=17900, stack(0x00000085a1200000,0x00000085a1300000)]
  0x0000019fdf833800 JavaThread "jar transforms Thread 8" [_thread_blocked, id=14520, stack(0x00000085a1300000,0x00000085a1400000)]
  0x0000019fdf833000 JavaThread "Memory manager" [_thread_blocked, id=19116, stack(0x00000085a1400000,0x00000085a1500000)]
  0x0000019fe1c96800 JavaThread "build event listener" [_thread_blocked, id=17908, stack(0x00000085a1500000,0x00000085a1600000)]
  0x0000019fe1c97000 JavaThread "Execution worker for ':'" [_thread_blocked, id=12124, stack(0x00000085a1600000,0x00000085a1700000)]
  0x0000019fe1c91800 JavaThread "Execution worker for ':' Thread 2" [_thread_blocked, id=12448, stack(0x00000085a1700000,0x00000085a1800000)]
  0x0000019fe1c98000 JavaThread "Execution worker for ':' Thread 3" [_thread_blocked, id=13076, stack(0x00000085a1800000,0x00000085a1900000)]
  0x0000019fe1c92800 JavaThread "Execution worker for ':' Thread 4" [_thread_blocked, id=17128, stack(0x00000085a1900000,0x00000085a1a00000)]
  0x0000019fe1c99000 JavaThread "Execution worker for ':' Thread 5" [_thread_blocked, id=12116, stack(0x00000085a1a00000,0x00000085a1b00000)]
  0x0000019fe1c93000 JavaThread "Execution worker for ':' Thread 6" [_thread_blocked, id=364, stack(0x00000085a1b00000,0x00000085a1c00000)]
  0x0000019fe1c99800 JavaThread "Execution worker for ':' Thread 7" [_thread_blocked, id=5052, stack(0x00000085a1c00000,0x00000085a1d00000)]
  0x0000019fe1c94000 JavaThread "Cache worker for execution history cache (E:\codefile\Android\MyAccount\.gradle\7.0.2\executionHistory)" [_thread_blocked, id=17148, stack(0x00000085a1d00000,0x00000085a1e00000)]
  0x0000019fe1c9a800 JavaThread "WorkerExecutor Queue" [_thread_blocked, id=9356, stack(0x00000085a1e00000,0x00000085a1f00000)]
  0x0000019fe1c95000 JavaThread "WorkerExecutor Queue Thread 2" [_thread_blocked, id=7048, stack(0x00000085a1f00000,0x00000085a2000000)]
  0x0000019fe1c9b800 JavaThread "WorkerExecutor Queue Thread 3" [_thread_blocked, id=14332, stack(0x00000085a2000000,0x00000085a2100000)]
  0x0000019fe1c95800 JavaThread "ForkJoinPool-1-worker-3" daemon [_thread_blocked, id=17044, stack(0x00000085a2300000,0x00000085a2400000)]
  0x0000019fe1c9c000 JavaThread "ForkJoinPool-1-worker-5" daemon [_thread_blocked, id=13792, stack(0x00000085a2400000,0x00000085a2500000)]
  0x0000019fe1c9d000 JavaThread "ForkJoinPool-1-worker-7" daemon [_thread_blocked, id=16928, stack(0x00000085a2500000,0x00000085a2600000)]
  0x0000019fe1c9d800 JavaThread "ForkJoinPool-1-worker-9" daemon [_thread_blocked, id=10780, stack(0x00000085a2600000,0x00000085a2700000)]
  0x0000019fe1c9e800 JavaThread "ForkJoinPool-1-worker-11" daemon [_thread_blocked, id=17048, stack(0x00000085a2700000,0x00000085a2800000)]
  0x0000019fe1c9f800 JavaThread "ForkJoinPool-1-worker-13" daemon [_thread_blocked, id=16764, stack(0x00000085a2800000,0x00000085a2900000)]
  0x0000019fe1ca0000 JavaThread "ForkJoinPool-1-worker-15" daemon [_thread_blocked, id=17040, stack(0x00000085a2900000,0x00000085a2a00000)]
  0x0000019fdf060800 JavaThread "ForkJoinPool-1-worker-1" daemon [_thread_blocked, id=5568, stack(0x00000085a2a00000,0x00000085a2b00000)]

Other Threads:
=>0x0000019fdb952800 VMThread "VM Thread" [stack: 0x000000859d800000,0x000000859d900000] [id=14860]
  0x0000019fdc385800 WatcherThread [stack: 0x000000859e200000,0x000000859e300000] [id=11852]
  0x0000019fbf4f4000 GCTaskThread "GC Thread#0" [stack: 0x000000859d300000,0x000000859d400000] [id=10000]
  0x0000019fdce17000 GCTaskThread "GC Thread#1" [stack: 0x000000859e400000,0x000000859e500000] [id=13460]
  0x0000019fdcb0a800 GCTaskThread "GC Thread#2" [stack: 0x000000859e500000,0x000000859e600000] [id=17232]
  0x0000019fde81d800 GCTaskThread "GC Thread#3" [stack: 0x000000859ef00000,0x000000859f000000] [id=5396]
  0x0000019fdf742000 GCTaskThread "GC Thread#4" [stack: 0x000000859f000000,0x000000859f100000] [id=5408]
  0x0000019fdf746800 GCTaskThread "GC Thread#5" [stack: 0x000000859f100000,0x000000859f200000] [id=556]
  0x0000019fdf747000 GCTaskThread "GC Thread#6" [stack: 0x000000859f200000,0x000000859f300000] [id=16720]
  0x0000019fdd069800 GCTaskThread "GC Thread#7" [stack: 0x000000859f300000,0x000000859f400000] [id=18800]
  0x0000019fbf528000 ConcurrentGCThread "G1 Main Marker" [stack: 0x000000859d400000,0x000000859d500000] [id=12436]
  0x0000019fbf52b000 ConcurrentGCThread "G1 Conc#0" [stack: 0x000000859d500000,0x000000859d600000] [id=9572]
  0x0000019fdead8000 ConcurrentGCThread "G1 Conc#1" [stack: 0x000000859f600000,0x000000859f700000] [id=17772]
  0x0000019fdb7a0800 ConcurrentGCThread "G1 Refine#0" [stack: 0x000000859d600000,0x000000859d700000] [id=8580]
  0x0000019fe4fb6000 ConcurrentGCThread "G1 Refine#1" [stack: 0x00000085a2100000,0x00000085a2200000] [id=704]
  0x0000019fdf06c000 ConcurrentGCThread "G1 Refine#2" [stack: 0x00000085a2200000,0x00000085a2300000] [id=16696]
  0x0000019fe3399800 ConcurrentGCThread "G1 Refine#3" [stack: 0x00000085a2b00000,0x00000085a2c00000] [id=2812]
  0x0000019fe4f67800 ConcurrentGCThread "G1 Refine#4" [stack: 0x00000085a2c00000,0x00000085a2d00000] [id=13924]
  0x0000019fdb7a1800 ConcurrentGCThread "G1 Young RemSet Sampling" [stack: 0x000000859d700000,0x000000859d800000] [id=6184]

Threads with active compile tasks:
C2 CompilerThread0  21196 11428       4       com.android.tools.r8.dex.o::a (11 bytes)
C2 CompilerThread1  21196 11461       4       java.util.TimSort::sort (229 bytes)
C2 CompilerThread2  21196 11423       4       com.android.tools.r8.graph.Z$$Lambda$1238/0x0000000100ac3c40::accept (12 bytes)

VM state:at safepoint (normal execution)

VM Mutex/Monitor currently owned by a thread:  ([mutex/lock_event])
[0x0000019fbf4dadd0] Threads_lock - owner thread: 0x0000019fdb952800
[0x0000019fbf4da8c0] Heap_lock - owner thread: 0x0000019fdf060800

Heap address: 0x0000000080000000, size: 2048 MB, Compressed Oops mode: 32-bit
Narrow klass base: 0x0000000000000000, Narrow klass shift: 3
Compressed class space size: 1073741824 Address: 0x0000000100000000

Heap:
 garbage-first heap   total 325632K, used 152916K [0x0000000080000000, 0x0000000100000000)
  region size 1024K, 5 young (5120K), 5 survivors (5120K)
 Metaspace       used 88892K, capacity 91122K, committed 91468K, reserved 1128448K
  class space    used 11710K, capacity 12524K, committed 12620K, reserved 1048576K
Heap Regions: E=young(eden), S=young(survivor), O=old, HS=humongous(starts), HC=humongous(continues), CS=collection set, F=free, A=archive, TAMS=top-at-mark-start (previous, next)
|   0|0x0000000080000000, 0x0000000080100000, 0x0000000080100000|100%| O|  |TAMS 0x0000000080100000, 0x0000000080000000| Untracked 
|   1|0x0000000080100000, 0x0000000080200000, 0x0000000080200000|100%| O|  |TAMS 0x0000000080200000, 0x0000000080100000| Untracked 
|   2|0x0000000080200000, 0x0000000080300000, 0x0000000080300000|100%| O|  |TAMS 0x0000000080300000, 0x0000000080200000| Untracked 
|   3|0x0000000080300000, 0x0000000080400000, 0x0000000080400000|100%|HS|  |TAMS 0x0000000080400000, 0x0000000080300000| Complete 
|   4|0x0000000080400000, 0x0000000080500000, 0x0000000080500000|100%|HC|  |TAMS 0x0000000080500000, 0x0000000080400000| Complete 
|   5|0x0000000080500000, 0x0000000080600000, 0x0000000080600000|100%|HC|  |TAMS 0x0000000080600000, 0x0000000080500000| Complete 
|   6|0x0000000080600000, 0x0000000080700000, 0x0000000080700000|100%| O|  |TAMS 0x0000000080700000, 0x0000000080600000| Untracked 
|   7|0x0000000080700000, 0x0000000080800000, 0x0000000080800000|100%| O|  |TAMS 0x0000000080800000, 0x0000000080700000| Untracked 
|   8|0x0000000080800000, 0x0000000080900000, 0x0000000080900000|100%| O|  |TAMS 0x0000000080900000, 0x0000000080800000| Untracked 
|   9|0x0000000080900000, 0x0000000080a00000, 0x0000000080a00000|100%| O|  |TAMS 0x0000000080a00000, 0x0000000080900000| Untracked 
|  10|0x0000000080a00000, 0x0000000080b00000, 0x0000000080b00000|100%| O|  |TAMS 0x0000000080b00000, 0x0000000080a00000| Untracked 
|  11|0x0000000080b00000, 0x0000000080c00000, 0x0000000080c00000|100%| O|  |TAMS 0x0000000080c00000, 0x0000000080b00000| Untracked 
|  12|0x0000000080c00000, 0x0000000080d00000, 0x0000000080d00000|100%| O|  |TAMS 0x0000000080d00000, 0x0000000080c00000| Untracked 
|  13|0x0000000080d00000, 0x0000000080e00000, 0x0000000080e00000|100%| O|  |TAMS 0x0000000080e00000, 0x0000000080d00000| Untracked 
|  14|0x0000000080e00000, 0x0000000080f00000, 0x0000000080f00000|100%| O|  |TAMS 0x0000000080f00000, 0x0000000080e00000| Untracked 
|  15|0x0000000080f00000, 0x0000000081000000, 0x0000000081000000|100%| O|  |TAMS 0x0000000081000000, 0x0000000080f00000| Untracked 
|  16|0x0000000081000000, 0x0000000081100000, 0x0000000081100000|100%|HS|  |TAMS 0x0000000081100000, 0x0000000081000000| Complete 
|  17|0x0000000081100000, 0x0000000081200000, 0x0000000081200000|100%| O|  |TAMS 0x0000000081200000, 0x0000000081100000| Untracked 
|  18|0x0000000081200000, 0x0000000081300000, 0x0000000081300000|100%| O|  |TAMS 0x0000000081300000, 0x0000000081200000| Untracked 
|  19|0x0000000081300000, 0x0000000081400000, 0x0000000081400000|100%| O|  |TAMS 0x0000000081400000, 0x0000000081300000| Untracked 
|  20|0x0000000081400000, 0x0000000081500000, 0x0000000081500000|100%| O|  |TAMS 0x0000000081500000, 0x0000000081400000| Untracked 
|  21|0x0000000081500000, 0x0000000081600000, 0x0000000081600000|100%| O|  |TAMS 0x0000000081600000, 0x0000000081500000| Untracked 
|  22|0x0000000081600000, 0x0000000081700000, 0x0000000081700000|100%| O|  |TAMS 0x0000000081700000, 0x0000000081600000| Untracked 
|  23|0x0000000081700000, 0x0000000081800000, 0x0000000081800000|100%| O|  |TAMS 0x0000000081800000, 0x0000000081700000| Untracked 
|  24|0x0000000081800000, 0x0000000081900000, 0x0000000081900000|100%| O|  |TAMS 0x0000000081900000, 0x0000000081800000| Untracked 
|  25|0x0000000081900000, 0x0000000081a00000, 0x0000000081a00000|100%| O|  |TAMS 0x0000000081a00000, 0x0000000081900000| Untracked 
|  26|0x0000000081a00000, 0x0000000081b00000, 0x0000000081b00000|100%| O|  |TAMS 0x0000000081b00000, 0x0000000081a00000| Untracked 
|  27|0x0000000081b00000, 0x0000000081c00000, 0x0000000081c00000|100%|HS|  |TAMS 0x0000000081c00000, 0x0000000081b00000| Complete 
|  28|0x0000000081c00000, 0x0000000081d00000, 0x0000000081d00000|100%|HS|  |TAMS 0x0000000081d00000, 0x0000000081c00000| Complete 
|  29|0x0000000081d00000, 0x0000000081e00000, 0x0000000081e00000|100%|HC|  |TAMS 0x0000000081e00000, 0x0000000081d00000| Complete 
|  30|0x0000000081e00000, 0x0000000081f00000, 0x0000000081f00000|100%| O|  |TAMS 0x0000000081f00000, 0x0000000081e00000| Untracked 
|  31|0x0000000081f00000, 0x0000000082000000, 0x0000000082000000|100%| O|  |TAMS 0x0000000082000000, 0x0000000081f00000| Untracked 
|  32|0x0000000082000000, 0x0000000082100000, 0x0000000082100000|100%| O|  |TAMS 0x0000000082100000, 0x0000000082000000| Untracked 
|  33|0x0000000082100000, 0x0000000082200000, 0x0000000082200000|100%| O|  |TAMS 0x0000000082200000, 0x0000000082100000| Untracked 
|  34|0x0000000082200000, 0x0000000082300000, 0x0000000082300000|100%| O|  |TAMS 0x0000000082300000, 0x0000000082200000| Untracked 
|  35|0x0000000082300000, 0x0000000082400000, 0x0000000082400000|100%| O|  |TAMS 0x0000000082400000, 0x0000000082300000| Untracked 
|  36|0x0000000082400000, 0x0000000082500000, 0x0000000082500000|100%| O|  |TAMS 0x0000000082500000, 0x0000000082400000| Untracked 
|  37|0x0000000082500000, 0x0000000082600000, 0x0000000082600000|100%| O|  |TAMS 0x0000000082600000, 0x0000000082500000| Untracked 
|  38|0x0000000082600000, 0x0000000082700000, 0x0000000082700000|100%| O|  |TAMS 0x0000000082700000, 0x0000000082600000| Untracked 
|  39|0x0000000082700000, 0x0000000082800000, 0x0000000082800000|100%| O|  |TAMS 0x0000000082800000, 0x0000000082700000| Untracked 
|  40|0x0000000082800000, 0x0000000082900000, 0x0000000082900000|100%| O|  |TAMS 0x0000000082900000, 0x0000000082800000| Untracked 
|  41|0x0000000082900000, 0x0000000082a00000, 0x0000000082a00000|100%| O|  |TAMS 0x0000000082a00000, 0x0000000082900000| Untracked 
|  42|0x0000000082a00000, 0x0000000082b00000, 0x0000000082b00000|100%| O|  |TAMS 0x0000000082b00000, 0x0000000082a00000| Untracked 
|  43|0x0000000082b00000, 0x0000000082c00000, 0x0000000082c00000|100%| O|  |TAMS 0x0000000082c00000, 0x0000000082b00000| Untracked 
|  44|0x0000000082c00000, 0x0000000082d00000, 0x0000000082d00000|100%| O|  |TAMS 0x0000000082d00000, 0x0000000082c00000| Untracked 
|  45|0x0000000082d00000, 0x0000000082e00000, 0x0000000082e00000|100%| O|  |TAMS 0x0000000082e00000, 0x0000000082d00000| Untracked 
|  46|0x0000000082e00000, 0x0000000082f00000, 0x0000000082f00000|100%| O|  |TAMS 0x0000000082f00000, 0x0000000082e00000| Untracked 
|  47|0x0000000082f00000, 0x0000000083000000, 0x0000000083000000|100%| O|  |TAMS 0x0000000083000000, 0x0000000082f00000| Untracked 
|  48|0x0000000083000000, 0x0000000083100000, 0x0000000083100000|100%| O|  |TAMS 0x0000000083100000, 0x0000000083000000| Untracked 
|  49|0x0000000083100000, 0x0000000083200000, 0x0000000083200000|100%| O|  |TAMS 0x0000000083200000, 0x0000000083100000| Untracked 
|  50|0x0000000083200000, 0x0000000083300000, 0x0000000083300000|100%| O|  |TAMS 0x0000000083300000, 0x0000000083200000| Untracked 
|  51|0x0000000083300000, 0x0000000083400000, 0x0000000083400000|100%| O|  |TAMS 0x0000000083400000, 0x0000000083300000| Untracked 
|  52|0x0000000083400000, 0x0000000083500000, 0x0000000083500000|100%| O|  |TAMS 0x0000000083500000, 0x0000000083400000| Untracked 
|  53|0x0000000083500000, 0x0000000083600000, 0x0000000083600000|100%| O|  |TAMS 0x0000000083600000, 0x0000000083500000| Untracked 
|  54|0x0000000083600000, 0x0000000083700000, 0x0000000083700000|100%| O|  |TAMS 0x0000000083700000, 0x0000000083600000| Untracked 
|  55|0x0000000083700000, 0x0000000083800000, 0x0000000083800000|100%| O|  |TAMS 0x0000000083800000, 0x0000000083700000| Untracked 
|  56|0x0000000083800000, 0x0000000083900000, 0x0000000083900000|100%| O|  |TAMS 0x0000000083900000, 0x0000000083800000| Untracked 
|  57|0x0000000083900000, 0x0000000083a00000, 0x0000000083a00000|100%| O|  |TAMS 0x0000000083a00000, 0x0000000083900000| Untracked 
|  58|0x0000000083a00000, 0x0000000083b00000, 0x0000000083b00000|100%| O|  |TAMS 0x0000000083b00000, 0x0000000083a00000| Untracked 
|  59|0x0000000083b00000, 0x0000000083c00000, 0x0000000083c00000|100%| O|  |TAMS 0x0000000083c00000, 0x0000000083b00000| Untracked 
|  60|0x0000000083c00000, 0x0000000083d00000, 0x0000000083d00000|100%| O|  |TAMS 0x0000000083d00000, 0x0000000083c00000| Untracked 
|  61|0x0000000083d00000, 0x0000000083e00000, 0x0000000083e00000|100%| O|  |TAMS 0x0000000083e00000, 0x0000000083d00000| Untracked 
|  62|0x0000000083e00000, 0x0000000083f00000, 0x0000000083f00000|100%| O|  |TAMS 0x0000000083f00000, 0x0000000083e00000| Untracked 
|  63|0x0000000083f00000, 0x0000000084000000, 0x0000000084000000|100%|HS|  |TAMS 0x0000000084000000, 0x0000000083f00000| Complete 
|  64|0x0000000084000000, 0x0000000084100000, 0x0000000084100000|100%|HC|  |TAMS 0x0000000084100000, 0x0000000084000000| Complete 
|  65|0x0000000084100000, 0x0000000084200000, 0x0000000084200000|100%|HC|  |TAMS 0x0000000084200000, 0x0000000084100000| Complete 
|  66|0x0000000084200000, 0x0000000084300000, 0x0000000084300000|100%|HC|  |TAMS 0x0000000084300000, 0x0000000084200000| Complete 
|  67|0x0000000084300000, 0x0000000084400000, 0x0000000084400000|100%|HC|  |TAMS 0x0000000084400000, 0x0000000084300000| Complete 
|  68|0x0000000084400000, 0x0000000084500000, 0x0000000084500000|100%| O|  |TAMS 0x0000000084500000, 0x0000000084400000| Untracked 
|  69|0x0000000084500000, 0x0000000084600000, 0x0000000084600000|100%| O|  |TAMS 0x0000000084600000, 0x0000000084500000| Untracked 
|  70|0x0000000084600000, 0x0000000084700000, 0x0000000084700000|100%| O|  |TAMS 0x0000000084700000, 0x0000000084600000| Untracked 
|  71|0x0000000084700000, 0x0000000084800000, 0x0000000084800000|100%| O|  |TAMS 0x0000000084800000, 0x0000000084700000| Untracked 
|  72|0x0000000084800000, 0x0000000084900000, 0x0000000084900000|100%| O|  |TAMS 0x0000000084900000, 0x0000000084800000| Untracked 
|  73|0x0000000084900000, 0x0000000084a00000, 0x0000000084a00000|100%| O|  |TAMS 0x0000000084a00000, 0x0000000084900000| Untracked 
|  74|0x0000000084a00000, 0x0000000084b00000, 0x0000000084b00000|100%| O|  |TAMS 0x0000000084b00000, 0x0000000084a00000| Untracked 
|  75|0x0000000084b00000, 0x0000000084c00000, 0x0000000084c00000|100%| O|  |TAMS 0x0000000084c00000, 0x0000000084b00000| Untracked 
|  76|0x0000000084c00000, 0x0000000084d00000, 0x0000000084d00000|100%| O|  |TAMS 0x0000000084d00000, 0x0000000084c00000| Untracked 
|  77|0x0000000084d00000, 0x0000000084e00000, 0x0000000084e00000|100%| O|  |TAMS 0x0000000084e00000, 0x0000000084d00000| Untracked 
|  78|0x0000000084e00000, 0x0000000084f00000, 0x0000000084f00000|100%| O|  |TAMS 0x0000000084f00000, 0x0000000084e00000| Untracked 
|  79|0x0000000084f00000, 0x0000000085000000, 0x0000000085000000|100%| O|  |TAMS 0x0000000085000000, 0x0000000084f00000| Untracked 
|  80|0x0000000085000000, 0x0000000085100000, 0x0000000085100000|100%| O|  |TAMS 0x0000000085100000, 0x0000000085000000| Untracked 
|  81|0x0000000085100000, 0x0000000085200000, 0x0000000085200000|100%| O|  |TAMS 0x0000000085200000, 0x0000000085100000| Untracked 
|  82|0x0000000085200000, 0x0000000085300000, 0x0000000085300000|100%| O|  |TAMS 0x0000000085300000, 0x0000000085200000| Untracked 
|  83|0x0000000085300000, 0x0000000085400000, 0x0000000085400000|100%| O|  |TAMS 0x0000000085400000, 0x0000000085300000| Untracked 
|  84|0x0000000085400000, 0x0000000085500000, 0x0000000085500000|100%| O|  |TAMS 0x0000000085500000, 0x0000000085400000| Untracked 
|  85|0x0000000085500000, 0x0000000085600000, 0x0000000085600000|100%| O|  |TAMS 0x0000000085600000, 0x0000000085500000| Untracked 
|  86|0x0000000085600000, 0x0000000085700000, 0x0000000085700000|100%| O|  |TAMS 0x0000000085700000, 0x0000000085600000| Untracked 
|  87|0x0000000085700000, 0x0000000085800000, 0x0000000085800000|100%| O|  |TAMS 0x0000000085800000, 0x0000000085700000| Untracked 
|  88|0x0000000085800000, 0x0000000085900000, 0x0000000085900000|100%| O|  |TAMS 0x0000000085900000, 0x0000000085800000| Untracked 
|  89|0x0000000085900000, 0x0000000085a00000, 0x0000000085a00000|100%| O|  |TAMS 0x0000000085a00000, 0x0000000085900000| Untracked 
|  90|0x0000000085a00000, 0x0000000085b00000, 0x0000000085b00000|100%| O|  |TAMS 0x0000000085b00000, 0x0000000085a00000| Untracked 
|  91|0x0000000085b00000, 0x0000000085c00000, 0x0000000085c00000|100%| O|  |TAMS 0x0000000085c00000, 0x0000000085b00000| Untracked 
|  92|0x0000000085c00000, 0x0000000085d00000, 0x0000000085d00000|100%| O|  |TAMS 0x0000000085d00000, 0x0000000085c00000| Untracked 
|  93|0x0000000085d00000, 0x0000000085e00000, 0x0000000085e00000|100%| O|  |TAMS 0x0000000085e00000, 0x0000000085d00000| Untracked 
|  94|0x0000000085e00000, 0x0000000085f00000, 0x0000000085f00000|100%| O|  |TAMS 0x0000000085f00000, 0x0000000085e00000| Untracked 
|  95|0x0000000085f00000, 0x0000000086000000, 0x0000000086000000|100%| O|  |TAMS 0x0000000086000000, 0x0000000085f00000| Untracked 
|  96|0x0000000086000000, 0x0000000086100000, 0x0000000086100000|100%| O|  |TAMS 0x0000000086100000, 0x0000000086000000| Untracked 
|  97|0x0000000086100000, 0x0000000086200000, 0x0000000086200000|100%| O|  |TAMS 0x0000000086200000, 0x0000000086100000| Untracked 
|  98|0x0000000086200000, 0x0000000086300000, 0x0000000086300000|100%| O|  |TAMS 0x0000000086300000, 0x0000000086200000| Untracked 
|  99|0x0000000086300000, 0x0000000086400000, 0x0000000086400000|100%| O|  |TAMS 0x0000000086400000, 0x0000000086300000| Untracked 
| 100|0x0000000086400000, 0x0000000086500000, 0x0000000086500000|100%| O|  |TAMS 0x0000000086500000, 0x0000000086400000| Untracked 
| 101|0x0000000086500000, 0x0000000086600000, 0x0000000086600000|100%| O|  |TAMS 0x0000000086600000, 0x0000000086500000| Untracked 
| 102|0x0000000086600000, 0x0000000086700000, 0x0000000086700000|100%| O|  |TAMS 0x0000000086700000, 0x0000000086600000| Untracked 
| 103|0x0000000086700000, 0x0000000086800000, 0x0000000086800000|100%| O|  |TAMS 0x0000000086800000, 0x0000000086700000| Untracked 
| 104|0x0000000086800000, 0x0000000086900000, 0x0000000086900000|100%| O|  |TAMS 0x0000000086900000, 0x0000000086800000| Untracked 
| 105|0x0000000086900000, 0x0000000086a00000, 0x0000000086a00000|100%| O|  |TAMS 0x0000000086a00000, 0x0000000086900000| Untracked 
| 106|0x0000000086a00000, 0x0000000086b00000, 0x0000000086b00000|100%| O|  |TAMS 0x0000000086b00000, 0x0000000086a00000| Untracked 
| 107|0x0000000086b00000, 0x0000000086c00000, 0x0000000086c00000|100%| O|  |TAMS 0x0000000086c00000, 0x0000000086b00000| Untracked 
| 108|0x0000000086c00000, 0x0000000086d00000, 0x0000000086d00000|100%| O|  |TAMS 0x0000000086d00000, 0x0000000086c00000| Untracked 
| 109|0x0000000086d00000, 0x0000000086e00000, 0x0000000086e00000|100%| O|  |TAMS 0x0000000086e00000, 0x0000000086d00000| Untracked 
| 110|0x0000000086e00000, 0x0000000086f00000, 0x0000000086f00000|100%| O|  |TAMS 0x0000000086f00000, 0x0000000086e00000| Untracked 
| 111|0x0000000086f00000, 0x0000000087000000, 0x0000000087000000|100%| O|  |TAMS 0x0000000087000000, 0x0000000086f00000| Untracked 
| 112|0x0000000087000000, 0x0000000087100000, 0x0000000087100000|100%| O|  |TAMS 0x0000000087100000, 0x0000000087000000| Untracked 
| 113|0x0000000087100000, 0x0000000087200000, 0x0000000087200000|100%| O|  |TAMS 0x0000000087200000, 0x0000000087100000| Untracked 
| 114|0x0000000087200000, 0x0000000087300000, 0x0000000087300000|100%| O|  |TAMS 0x0000000087300000, 0x0000000087200000| Untracked 
| 115|0x0000000087300000, 0x0000000087400000, 0x0000000087400000|100%| O|  |TAMS 0x0000000087400000, 0x0000000087300000| Untracked 
| 116|0x0000000087400000, 0x0000000087500000, 0x0000000087500000|100%| O|  |TAMS 0x0000000087500000, 0x0000000087400000| Untracked 
| 117|0x0000000087500000, 0x0000000087600000, 0x0000000087600000|100%| O|  |TAMS 0x0000000087600000, 0x0000000087500000| Untracked 
| 118|0x0000000087600000, 0x0000000087700000, 0x0000000087700000|100%| O|  |TAMS 0x0000000087700000, 0x0000000087600000| Untracked 
| 119|0x0000000087700000, 0x0000000087800000, 0x0000000087800000|100%| O|  |TAMS 0x0000000087800000, 0x0000000087700000| Untracked 
| 120|0x0000000087800000, 0x0000000087900000, 0x0000000087900000|100%| O|  |TAMS 0x0000000087900000, 0x0000000087800000| Untracked 
| 121|0x0000000087900000, 0x0000000087a00000, 0x0000000087a00000|100%| O|  |TAMS 0x0000000087a00000, 0x0000000087900000| Untracked 
| 122|0x0000000087a00000, 0x0000000087b00000, 0x0000000087b00000|100%| O|  |TAMS 0x0000000087b00000, 0x0000000087a00000| Untracked 
| 123|0x0000000087b00000, 0x0000000087c00000, 0x0000000087c00000|100%| O|  |TAMS 0x0000000087c00000, 0x0000000087b00000| Untracked 
| 124|0x0000000087c00000, 0x0000000087d00000, 0x0000000087d00000|100%| O|  |TAMS 0x0000000087d00000, 0x0000000087c00000| Untracked 
| 125|0x0000000087d00000, 0x0000000087e00000, 0x0000000087e00000|100%| O|  |TAMS 0x0000000087e00000, 0x0000000087d00000| Untracked 
| 126|0x0000000087e00000, 0x0000000087f00000, 0x0000000087f00000|100%| O|  |TAMS 0x0000000087e5a600, 0x0000000087e00000| Untracked 
| 127|0x0000000087f00000, 0x0000000088000000, 0x0000000088000000|100%|HS|  |TAMS 0x0000000088000000, 0x0000000087f00000| Complete 
| 128|0x0000000088000000, 0x0000000088100000, 0x0000000088100000|100%| O|  |TAMS 0x0000000088100000, 0x0000000088000000| Untracked 
| 129|0x0000000088100000, 0x0000000088200000, 0x0000000088200000|100%| O|  |TAMS 0x0000000088200000, 0x0000000088100000| Untracked 
| 130|0x0000000088200000, 0x0000000088300000, 0x0000000088300000|100%| O|  |TAMS 0x0000000088300000, 0x0000000088200000| Untracked 
| 131|0x0000000088300000, 0x0000000088400000, 0x0000000088400000|100%| O|  |TAMS 0x0000000088400000, 0x0000000088300000| Untracked 
| 132|0x0000000088400000, 0x0000000088500000, 0x0000000088500000|100%|HS|  |TAMS 0x0000000088500000, 0x0000000088400000| Complete 
| 133|0x0000000088500000, 0x0000000088600000, 0x0000000088600000|100%|HS|  |TAMS 0x0000000088500000, 0x0000000088500000| Complete 
| 134|0x0000000088600000, 0x0000000088700000, 0x0000000088700000|100%|HS|  |TAMS 0x0000000088700000, 0x0000000088600000| Complete 
| 135|0x0000000088700000, 0x0000000088800000, 0x0000000088800000|100%|HC|  |TAMS 0x0000000088800000, 0x0000000088700000| Complete 
| 136|0x0000000088800000, 0x0000000088900000, 0x0000000088900000|100%|HS|  |TAMS 0x0000000088900000, 0x0000000088800000| Complete 
| 137|0x0000000088900000, 0x0000000088a00000, 0x0000000088a00000|100%|HS|  |TAMS 0x0000000088900000, 0x0000000088900000| Complete 
| 138|0x0000000088a00000, 0x0000000088b00000, 0x0000000088b00000|100%|HS|  |TAMS 0x0000000088a00000, 0x0000000088a00000| Complete 
| 139|0x0000000088b00000, 0x0000000088c00000, 0x0000000088c00000|100%|HS|  |TAMS 0x0000000088b00000, 0x0000000088b00000| Complete 
| 140|0x0000000088c00000, 0x0000000088d00000, 0x0000000088d00000|100%| O|  |TAMS 0x0000000088c00000, 0x0000000088c00000| Untracked 
| 141|0x0000000088d00000, 0x0000000088e00000, 0x0000000088e00000|100%| O|  |TAMS 0x0000000088d00000, 0x0000000088d00000| Untracked 
| 142|0x0000000088e00000, 0x0000000088f00000, 0x0000000088f00000|100%| O|  |TAMS 0x0000000088e00000, 0x0000000088e00000| Untracked 
| 143|0x0000000088f00000, 0x0000000089000000, 0x0000000089000000|100%| O|  |TAMS 0x0000000088f00000, 0x0000000088f00000| Untracked 
| 144|0x0000000089000000, 0x0000000089055000, 0x0000000089100000| 33%| O|  |TAMS 0x0000000089000000, 0x0000000089000000| Untracked 
| 145|0x0000000089100000, 0x0000000089100000, 0x0000000089200000|  0%| F|  |TAMS 0x0000000089100000, 0x0000000089100000| Untracked 
| 146|0x0000000089200000, 0x0000000089200000, 0x0000000089300000|  0%| F|  |TAMS 0x0000000089200000, 0x0000000089200000| Untracked 
| 147|0x0000000089300000, 0x0000000089300000, 0x0000000089400000|  0%| F|  |TAMS 0x0000000089300000, 0x0000000089300000| Untracked 
| 148|0x0000000089400000, 0x0000000089400000, 0x0000000089500000|  0%| F|  |TAMS 0x0000000089400000, 0x0000000089400000| Untracked 
| 149|0x0000000089500000, 0x0000000089500000, 0x0000000089600000|  0%| F|  |TAMS 0x0000000089500000, 0x0000000089500000| Untracked 
| 150|0x0000000089600000, 0x0000000089600000, 0x0000000089700000|  0%| F|  |TAMS 0x0000000089600000, 0x0000000089600000| Untracked 
| 151|0x0000000089700000, 0x0000000089700000, 0x0000000089800000|  0%| F|  |TAMS 0x0000000089700000, 0x0000000089700000| Untracked 
| 152|0x0000000089800000, 0x0000000089800000, 0x0000000089900000|  0%| F|  |TAMS 0x0000000089800000, 0x0000000089800000| Untracked 
| 153|0x0000000089900000, 0x0000000089900000, 0x0000000089a00000|  0%| F|  |TAMS 0x0000000089900000, 0x0000000089900000| Untracked 
| 154|0x0000000089a00000, 0x0000000089a00000, 0x0000000089b00000|  0%| F|  |TAMS 0x0000000089a00000, 0x0000000089a00000| Untracked 
| 155|0x0000000089b00000, 0x0000000089b00000, 0x0000000089c00000|  0%| F|  |TAMS 0x0000000089b00000, 0x0000000089b00000| Untracked 
| 156|0x0000000089c00000, 0x0000000089c00000, 0x0000000089d00000|  0%| F|  |TAMS 0x0000000089c00000, 0x0000000089c00000| Untracked 
| 157|0x0000000089d00000, 0x0000000089d00000, 0x0000000089e00000|  0%| F|  |TAMS 0x0000000089d00000, 0x0000000089d00000| Untracked 
| 158|0x0000000089e00000, 0x0000000089e00000, 0x0000000089f00000|  0%| F|  |TAMS 0x0000000089e00000, 0x0000000089e00000| Untracked 
| 159|0x0000000089f00000, 0x0000000089f00000, 0x000000008a000000|  0%| F|  |TAMS 0x0000000089f00000, 0x0000000089f00000| Untracked 
| 160|0x000000008a000000, 0x000000008a000000, 0x000000008a100000|  0%| F|  |TAMS 0x000000008a000000, 0x000000008a000000| Untracked 
| 161|0x000000008a100000, 0x000000008a100000, 0x000000008a200000|  0%| F|  |TAMS 0x000000008a100000, 0x000000008a100000| Untracked 
| 162|0x000000008a200000, 0x000000008a200000, 0x000000008a300000|  0%| F|  |TAMS 0x000000008a200000, 0x000000008a200000| Untracked 
| 163|0x000000008a300000, 0x000000008a300000, 0x000000008a400000|  0%| F|  |TAMS 0x000000008a300000, 0x000000008a300000| Untracked 
| 164|0x000000008a400000, 0x000000008a400000, 0x000000008a500000|  0%| F|  |TAMS 0x000000008a400000, 0x000000008a400000| Untracked 
| 165|0x000000008a500000, 0x000000008a500000, 0x000000008a600000|  0%| F|  |TAMS 0x000000008a500000, 0x000000008a500000| Untracked 
| 166|0x000000008a600000, 0x000000008a600000, 0x000000008a700000|  0%| F|  |TAMS 0x000000008a600000, 0x000000008a600000| Untracked 
| 167|0x000000008a700000, 0x000000008a700000, 0x000000008a800000|  0%| F|  |TAMS 0x000000008a700000, 0x000000008a700000| Untracked 
| 168|0x000000008a800000, 0x000000008a800000, 0x000000008a900000|  0%| F|  |TAMS 0x000000008a800000, 0x000000008a800000| Untracked 
| 169|0x000000008a900000, 0x000000008a900000, 0x000000008aa00000|  0%| F|  |TAMS 0x000000008a900000, 0x000000008a900000| Untracked 
| 170|0x000000008aa00000, 0x000000008aa00000, 0x000000008ab00000|  0%| F|  |TAMS 0x000000008aa00000, 0x000000008aa00000| Untracked 
| 171|0x000000008ab00000, 0x000000008ab00000, 0x000000008ac00000|  0%| F|  |TAMS 0x000000008ab00000, 0x000000008ab00000| Untracked 
| 172|0x000000008ac00000, 0x000000008ac00000, 0x000000008ad00000|  0%| F|  |TAMS 0x000000008ac00000, 0x000000008ac00000| Untracked 
| 173|0x000000008ad00000, 0x000000008ad00000, 0x000000008ae00000|  0%| F|  |TAMS 0x000000008ad00000, 0x000000008ad00000| Untracked 
| 174|0x000000008ae00000, 0x000000008ae00000, 0x000000008af00000|  0%| F|  |TAMS 0x000000008ae00000, 0x000000008ae00000| Untracked 
| 175|0x000000008af00000, 0x000000008af00000, 0x000000008b000000|  0%| F|  |TAMS 0x000000008af00000, 0x000000008af00000| Untracked 
| 176|0x000000008b000000, 0x000000008b000000, 0x000000008b100000|  0%| F|  |TAMS 0x000000008b000000, 0x000000008b000000| Untracked 
| 177|0x000000008b100000, 0x000000008b100000, 0x000000008b200000|  0%| F|  |TAMS 0x000000008b100000, 0x000000008b100000| Untracked 
| 178|0x000000008b200000, 0x000000008b200000, 0x000000008b300000|  0%| F|  |TAMS 0x000000008b200000, 0x000000008b200000| Untracked 
| 179|0x000000008b300000, 0x000000008b300000, 0x000000008b400000|  0%| F|  |TAMS 0x000000008b300000, 0x000000008b300000| Untracked 
| 180|0x000000008b400000, 0x000000008b400000, 0x000000008b500000|  0%| F|  |TAMS 0x000000008b400000, 0x000000008b400000| Untracked 
| 181|0x000000008b500000, 0x000000008b500000, 0x000000008b600000|  0%| F|  |TAMS 0x000000008b500000, 0x000000008b500000| Untracked 
| 182|0x000000008b600000, 0x000000008b600000, 0x000000008b700000|  0%| F|  |TAMS 0x000000008b600000, 0x000000008b600000| Untracked 
| 183|0x000000008b700000, 0x000000008b700000, 0x000000008b800000|  0%| F|  |TAMS 0x000000008b700000, 0x000000008b700000| Untracked 
| 184|0x000000008b800000, 0x000000008b800000, 0x000000008b900000|  0%| F|  |TAMS 0x000000008b800000, 0x000000008b800000| Untracked 
| 185|0x000000008b900000, 0x000000008b900000, 0x000000008ba00000|  0%| F|  |TAMS 0x000000008b900000, 0x000000008b900000| Untracked 
| 186|0x000000008ba00000, 0x000000008ba00000, 0x000000008bb00000|  0%| F|  |TAMS 0x000000008ba00000, 0x000000008ba00000| Untracked 
| 187|0x000000008bb00000, 0x000000008bb00000, 0x000000008bc00000|  0%| F|  |TAMS 0x000000008bb00000, 0x000000008bb00000| Untracked 
| 188|0x000000008bc00000, 0x000000008bc00000, 0x000000008bd00000|  0%| F|  |TAMS 0x000000008bc00000, 0x000000008bc00000| Untracked 
| 189|0x000000008bd00000, 0x000000008bd00000, 0x000000008be00000|  0%| F|  |TAMS 0x000000008bd00000, 0x000000008bd00000| Untracked 
| 190|0x000000008be00000, 0x000000008be00000, 0x000000008bf00000|  0%| F|  |TAMS 0x000000008be00000, 0x000000008be00000| Untracked 
| 191|0x000000008bf00000, 0x000000008bf00000, 0x000000008c000000|  0%| F|  |TAMS 0x000000008bf00000, 0x000000008bf00000| Untracked 
| 192|0x000000008c000000, 0x000000008c000000, 0x000000008c100000|  0%| F|  |TAMS 0x000000008c000000, 0x000000008c000000| Untracked 
| 193|0x000000008c100000, 0x000000008c100000, 0x000000008c200000|  0%| F|  |TAMS 0x000000008c100000, 0x000000008c100000| Untracked 
| 194|0x000000008c200000, 0x000000008c200000, 0x000000008c300000|  0%| F|  |TAMS 0x000000008c200000, 0x000000008c200000| Untracked 
| 195|0x000000008c300000, 0x000000008c300000, 0x000000008c400000|  0%| F|  |TAMS 0x000000008c300000, 0x000000008c300000| Untracked 
| 196|0x000000008c400000, 0x000000008c400000, 0x000000008c500000|  0%| F|  |TAMS 0x000000008c400000, 0x000000008c400000| Untracked 
| 197|0x000000008c500000, 0x000000008c500000, 0x000000008c600000|  0%| F|  |TAMS 0x000000008c500000, 0x000000008c500000| Untracked 
| 198|0x000000008c600000, 0x000000008c600000, 0x000000008c700000|  0%| F|  |TAMS 0x000000008c600000, 0x000000008c600000| Untracked 
| 199|0x000000008c700000, 0x000000008c700000, 0x000000008c800000|  0%| F|  |TAMS 0x000000008c700000, 0x000000008c700000| Untracked 
| 200|0x000000008c800000, 0x000000008c800000, 0x000000008c900000|  0%| F|  |TAMS 0x000000008c800000, 0x000000008c800000| Untracked 
| 201|0x000000008c900000, 0x000000008c900000, 0x000000008ca00000|  0%| F|  |TAMS 0x000000008c900000, 0x000000008c900000| Untracked 
| 202|0x000000008ca00000, 0x000000008ca00000, 0x000000008cb00000|  0%| F|  |TAMS 0x000000008ca00000, 0x000000008ca00000| Untracked 
| 203|0x000000008cb00000, 0x000000008cb00000, 0x000000008cc00000|  0%| F|  |TAMS 0x000000008cb00000, 0x000000008cb00000| Untracked 
| 204|0x000000008cc00000, 0x000000008cc00000, 0x000000008cd00000|  0%| F|  |TAMS 0x000000008cc00000, 0x000000008cc00000| Untracked 
| 205|0x000000008cd00000, 0x000000008cd00000, 0x000000008ce00000|  0%| F|  |TAMS 0x000000008cd00000, 0x000000008cd00000| Untracked 
| 206|0x000000008ce00000, 0x000000008cf00000, 0x000000008cf00000|100%| S|CS|TAMS 0x000000008ce00000, 0x000000008ce00000| Complete 
| 207|0x000000008cf00000, 0x000000008d000000, 0x000000008d000000|100%| S|CS|TAMS 0x000000008cf00000, 0x000000008cf00000| Complete 
| 208|0x000000008d000000, 0x000000008d100000, 0x000000008d100000|100%| S|CS|TAMS 0x000000008d000000, 0x000000008d000000| Complete 
| 209|0x000000008d100000, 0x000000008d200000, 0x000000008d200000|100%| S|CS|TAMS 0x000000008d100000, 0x000000008d100000| Complete 
| 210|0x000000008d200000, 0x000000008d300000, 0x000000008d300000|100%| S|CS|TAMS 0x000000008d200000, 0x000000008d200000| Complete 
| 211|0x000000008d300000, 0x000000008d300000, 0x000000008d400000|  0%| F|  |TAMS 0x000000008d300000, 0x000000008d300000| Untracked 
| 212|0x000000008d400000, 0x000000008d400000, 0x000000008d500000|  0%| F|  |TAMS 0x000000008d400000, 0x000000008d400000| Untracked 
| 213|0x000000008d500000, 0x000000008d500000, 0x000000008d600000|  0%| F|  |TAMS 0x000000008d500000, 0x000000008d500000| Untracked 
| 214|0x000000008d600000, 0x000000008d600000, 0x000000008d700000|  0%| F|  |TAMS 0x000000008d600000, 0x000000008d600000| Untracked 
| 215|0x000000008d700000, 0x000000008d700000, 0x000000008d800000|  0%| F|  |TAMS 0x000000008d700000, 0x000000008d700000| Untracked 
| 216|0x000000008d800000, 0x000000008d800000, 0x000000008d900000|  0%| F|  |TAMS 0x000000008d800000, 0x000000008d800000| Untracked 
| 217|0x000000008d900000, 0x000000008d900000, 0x000000008da00000|  0%| F|  |TAMS 0x000000008d900000, 0x000000008d900000| Untracked 
| 218|0x000000008da00000, 0x000000008da00000, 0x000000008db00000|  0%| F|  |TAMS 0x000000008da00000, 0x000000008da00000| Untracked 
| 219|0x000000008db00000, 0x000000008db00000, 0x000000008dc00000|  0%| F|  |TAMS 0x000000008db00000, 0x000000008db00000| Untracked 
| 220|0x000000008dc00000, 0x000000008dc00000, 0x000000008dd00000|  0%| F|  |TAMS 0x000000008dc00000, 0x000000008dc00000| Untracked 
| 221|0x000000008dd00000, 0x000000008dd00000, 0x000000008de00000|  0%| F|  |TAMS 0x000000008dd00000, 0x000000008dd00000| Untracked 
| 222|0x000000008de00000, 0x000000008de00000, 0x000000008df00000|  0%| F|  |TAMS 0x000000008de00000, 0x000000008de00000| Untracked 
| 223|0x000000008df00000, 0x000000008df00000, 0x000000008e000000|  0%| F|  |TAMS 0x000000008df00000, 0x000000008df00000| Untracked 
| 224|0x000000008e000000, 0x000000008e000000, 0x000000008e100000|  0%| F|  |TAMS 0x000000008e000000, 0x000000008e000000| Untracked 
| 225|0x000000008e100000, 0x000000008e100000, 0x000000008e200000|  0%| F|  |TAMS 0x000000008e100000, 0x000000008e100000| Untracked 
| 226|0x000000008e200000, 0x000000008e200000, 0x000000008e300000|  0%| F|  |TAMS 0x000000008e200000, 0x000000008e200000| Untracked 
| 227|0x000000008e300000, 0x000000008e300000, 0x000000008e400000|  0%| F|  |TAMS 0x000000008e300000, 0x000000008e300000| Untracked 
| 228|0x000000008e400000, 0x000000008e400000, 0x000000008e500000|  0%| F|  |TAMS 0x000000008e400000, 0x000000008e400000| Untracked 
| 229|0x000000008e500000, 0x000000008e500000, 0x000000008e600000|  0%| F|  |TAMS 0x000000008e500000, 0x000000008e500000| Untracked 
| 230|0x000000008e600000, 0x000000008e600000, 0x000000008e700000|  0%| F|  |TAMS 0x000000008e600000, 0x000000008e600000| Untracked 
| 231|0x000000008e700000, 0x000000008e700000, 0x000000008e800000|  0%| F|  |TAMS 0x000000008e700000, 0x000000008e700000| Untracked 
| 232|0x000000008e800000, 0x000000008e800000, 0x000000008e900000|  0%| F|  |TAMS 0x000000008e800000, 0x000000008e800000| Untracked 
| 233|0x000000008e900000, 0x000000008e900000, 0x000000008ea00000|  0%| F|  |TAMS 0x000000008e900000, 0x000000008e900000| Untracked 
| 234|0x000000008ea00000, 0x000000008ea00000, 0x000000008eb00000|  0%| F|  |TAMS 0x000000008ea00000, 0x000000008ea00000| Untracked 
| 235|0x000000008eb00000, 0x000000008eb00000, 0x000000008ec00000|  0%| F|  |TAMS 0x000000008eb00000, 0x000000008eb00000| Untracked 
| 236|0x000000008ec00000, 0x000000008ec00000, 0x000000008ed00000|  0%| F|  |TAMS 0x000000008ec00000, 0x000000008ec00000| Untracked 
| 237|0x000000008ed00000, 0x000000008ed00000, 0x000000008ee00000|  0%| F|  |TAMS 0x000000008ed00000, 0x000000008ed00000| Untracked 
| 238|0x000000008ee00000, 0x000000008ee00000, 0x000000008ef00000|  0%| F|  |TAMS 0x000000008ee00000, 0x000000008ee00000| Untracked 
| 239|0x000000008ef00000, 0x000000008ef00000, 0x000000008f000000|  0%| F|  |TAMS 0x000000008ef00000, 0x000000008ef00000| Untracked 
| 240|0x000000008f000000, 0x000000008f000000, 0x000000008f100000|  0%| F|  |TAMS 0x000000008f000000, 0x000000008f000000| Untracked 
| 241|0x000000008f100000, 0x000000008f100000, 0x000000008f200000|  0%| F|  |TAMS 0x000000008f100000, 0x000000008f100000| Untracked 
| 242|0x000000008f200000, 0x000000008f200000, 0x000000008f300000|  0%| F|  |TAMS 0x000000008f200000, 0x000000008f200000| Untracked 
| 243|0x000000008f300000, 0x000000008f300000, 0x000000008f400000|  0%| F|  |TAMS 0x000000008f300000, 0x000000008f300000| Untracked 
| 244|0x000000008f400000, 0x000000008f400000, 0x000000008f500000|  0%| F|  |TAMS 0x000000008f400000, 0x000000008f400000| Untracked 
| 245|0x000000008f500000, 0x000000008f500000, 0x000000008f600000|  0%| F|  |TAMS 0x000000008f500000, 0x000000008f500000| Untracked 
| 246|0x000000008f600000, 0x000000008f600000, 0x000000008f700000|  0%| F|  |TAMS 0x000000008f600000, 0x000000008f600000| Untracked 
| 247|0x000000008f700000, 0x000000008f700000, 0x000000008f800000|  0%| F|  |TAMS 0x000000008f700000, 0x000000008f700000| Untracked 
| 248|0x000000008f800000, 0x000000008f800000, 0x000000008f900000|  0%| F|  |TAMS 0x000000008f800000, 0x000000008f800000| Untracked 
| 249|0x000000008f900000, 0x000000008f900000, 0x000000008fa00000|  0%| F|  |TAMS 0x000000008f900000, 0x000000008f900000| Untracked 

Card table byte_map: [0x0000019fd4670000,0x0000019fd4a70000] _byte_map_base: 0x0000019fd4270000

Marking Bits (Prev, Next): (CMBitMap*) 0x0000019fbf51f5c8, (CMBitMap*) 0x0000019fbf51f600
 Prev Bits: [0x0000019fd4e70000, 0x0000019fd6e70000)
 Next Bits: [0x0000019fd6e70000, 0x0000019fd8e70000)

Polling page: 0x0000019fbf380000

Metaspace:

Usage:
  Non-class:     76.76 MB capacity,    75.37 MB ( 98%) used,     1.12 MB (  1%) free+waste,   265.75 KB ( <1%) overhead. 
      Class:     12.23 MB capacity,    11.44 MB ( 94%) used,   695.44 KB (  6%) free+waste,   118.44 KB ( <1%) overhead. 
       Both:     88.99 MB capacity,    86.81 MB ( 98%) used,     1.80 MB (  2%) free+waste,   384.19 KB ( <1%) overhead. 

Virtual space:
  Non-class space:       78.00 MB reserved,      77.00 MB ( 99%) committed 
      Class space:        1.00 GB reserved,      12.32 MB (  1%) committed 
             Both:        1.08 GB reserved,      89.32 MB (  8%) committed 

Chunk freelists:
   Non-Class:  58.00 KB
       Class:  27.00 KB
        Both:  85.00 KB

MaxMetaspaceSize: 17179869184.00 GB
CompressedClassSpaceSize: 1.00 GB

CodeHeap 'non-profiled nmethods': size=120000Kb used=7109Kb max_used=7109Kb free=112890Kb
 bounds [0x0000019fcc2c0000, 0x0000019fcc9c0000, 0x0000019fd37f0000]
CodeHeap 'profiled nmethods': size=120000Kb used=23895Kb max_used=23895Kb free=96105Kb
 bounds [0x0000019fc4d90000, 0x0000019fc64f0000, 0x0000019fcc2c0000]
CodeHeap 'non-nmethods': size=5760Kb used=2293Kb max_used=2390Kb free=3466Kb
 bounds [0x0000019fc47f0000, 0x0000019fc4a60000, 0x0000019fc4d90000]
 total_blobs=12201 nmethods=11308 adapters=804
 compilation: enabled
              stopped_count=0, restarted_count=0
 full_count=0

Compilation events (20 events):
Event: 21.121 Thread 0x0000019fdc1e3800 11539       2       com.android.tools.r8.naming.w$b::a (88 bytes)
Event: 21.122 Thread 0x0000019fdc1e3800 nmethod 11539 0x0000019fc64e2710 code [0x0000019fc64e29c0, 0x0000019fc64e33f8]
Event: 21.122 Thread 0x0000019fdc1e3800 11535       2       com.android.tools.r8.graph.X::S (11 bytes)
Event: 21.123 Thread 0x0000019fdc1e3800 nmethod 11535 0x0000019fc64e3a90 code [0x0000019fc64e3c40, 0x0000019fc64e3d58]
Event: 21.123 Thread 0x0000019fdc1e3800 11536       2       com.android.tools.r8.graph.S::E (5 bytes)
Event: 21.123 Thread 0x0000019fdc1e3800 nmethod 11536 0x0000019fc64e3e90 code [0x0000019fc64e4040, 0x0000019fc64e4168]
Event: 21.123 Thread 0x0000019fdc1e3800 11537       2       com.android.tools.r8.naming.w$b::<init> (16 bytes)
Event: 21.123 Thread 0x0000019fdc1e3800 nmethod 11537 0x0000019fc64e4210 code [0x0000019fc64e43c0, 0x0000019fc64e45d8]
Event: 21.123 Thread 0x0000019fdc1e3800 11538       2       com.android.tools.r8.naming.w$c::<init> (10 bytes)
Event: 21.123 Thread 0x0000019fdc1e3800 nmethod 11538 0x0000019fc64e4690 code [0x0000019fc64e4840, 0x0000019fc64e4978]
Event: 21.123 Thread 0x0000019fdc1e3800 11532       2       com.android.tools.r8.naming.w$b::toString (54 bytes)
Event: 21.124 Thread 0x0000019fdc1e3800 nmethod 11532 0x0000019fc64e4a10 code [0x0000019fc64e4c40, 0x0000019fc64e5058]
Event: 21.125 Thread 0x0000019fdc1e3800 11540       2       com.android.tools.r8.dex.m$$Lambda$1282/0x0000000100c1b040::get$Lambda (11 bytes)
Event: 21.125 Thread 0x0000019fdc1e3800 nmethod 11540 0x0000019fc64e5290 code [0x0000019fc64e5440, 0x0000019fc64e5698]
Event: 21.125 Thread 0x0000019fdc1e3800 11541       2       com.android.tools.r8.dex.m$$Lambda$1282/0x0000000100c1b040::<init> (20 bytes)
Event: 21.125 Thread 0x0000019fdc1e3800 nmethod 11541 0x0000019fc64e5790 code [0x0000019fc64e5940, 0x0000019fc64e5b58]
Event: 21.129 Thread 0x0000019fdd115800 nmethod 11471% 0x0000019fcc9af990 code [0x0000019fcc9afba0, 0x0000019fcc9b09f8]
Event: 21.129 Thread 0x0000019fdd115800 11525       4       com.android.tools.r8.graph.Z$$Lambda$1180/0x0000000100c1a440::accept (16 bytes)
Event: 21.134 Thread 0x0000019fdd115800 nmethod 11525 0x0000019fcc9b1010 code [0x0000019fcc9b11c0, 0x0000019fcc9b1458]
Event: 21.134 Thread 0x0000019fdd115800 11461       4       java.util.TimSort::sort (229 bytes)

GC Heap History (20 events):
Event: 17.243 GC heap after
{Heap after GC invocations=22 (full 0):
 garbage-first heap   total 131072K, used 68846K [0x0000000080000000, 0x0000000100000000)
  region size 1024K, 5 young (5120K), 5 survivors (5120K)
 Metaspace       used 80856K, capacity 82983K, committed 83276K, reserved 1122304K
  class space    used 10479K, capacity 11266K, committed 11340K, reserved 1048576K
}
Event: 17.667 GC heap before
{Heap before GC invocations=23 (full 0):
 garbage-first heap   total 131072K, used 91374K [0x0000000080000000, 0x0000000100000000)
  region size 1024K, 24 young (24576K), 5 survivors (5120K)
 Metaspace       used 83380K, capacity 85448K, committed 85708K, reserved 1124352K
  class space    used 10824K, capacity 11594K, committed 11724K, reserved 1048576K
}
Event: 17.675 GC heap after
{Heap after GC invocations=24 (full 0):
 garbage-first heap   total 131072K, used 75592K [0x0000000080000000, 0x0000000100000000)
  region size 1024K, 4 young (4096K), 4 survivors (4096K)
 Metaspace       used 83380K, capacity 85448K, committed 85708K, reserved 1124352K
  class space    used 10824K, capacity 11594K, committed 11724K, reserved 1048576K
}
Event: 18.013 GC heap before
{Heap before GC invocations=25 (full 0):
 garbage-first heap   total 131072K, used 117576K [0x0000000080000000, 0x0000000100000000)
  region size 1024K, 36 young (36864K), 4 survivors (4096K)
 Metaspace       used 83593K, capacity 85651K, committed 85964K, reserved 1124352K
  class space    used 10849K, capacity 11597K, committed 11724K, reserved 1048576K
}
Event: 18.032 GC heap after
{Heap after GC invocations=26 (full 0):
 garbage-first heap   total 162816K, used 93148K [0x0000000080000000, 0x0000000100000000)
  region size 1024K, 5 young (5120K), 5 survivors (5120K)
 Metaspace       used 83593K, capacity 85651K, committed 85964K, reserved 1124352K
  class space    used 10849K, capacity 11597K, committed 11724K, reserved 1048576K
}
Event: 18.534 GC heap before
{Heap before GC invocations=26 (full 0):
 garbage-first heap   total 162816K, used 126940K [0x0000000080000000, 0x0000000100000000)
  region size 1024K, 38 young (38912K), 5 survivors (5120K)
 Metaspace       used 85888K, capacity 88016K, committed 88268K, reserved 1126400K
  class space    used 11331K, capacity 12132K, committed 12236K, reserved 1048576K
}
Event: 18.611 GC heap after
{Heap after GC invocations=27 (full 0):
 garbage-first heap   total 162816K, used 109126K [0x0000000080000000, 0x0000000100000000)
  region size 1024K, 5 young (5120K), 5 survivors (5120K)
 Metaspace       used 85888K, capacity 88016K, committed 88268K, reserved 1126400K
  class space    used 11331K, capacity 12132K, committed 12236K, reserved 1048576K
}
Event: 18.859 GC heap before
{Heap before GC invocations=27 (full 0):
 garbage-first heap   total 162816K, used 128582K [0x0000000080000000, 0x0000000100000000)
  region size 1024K, 25 young (25600K), 5 survivors (5120K)
 Metaspace       used 85941K, capacity 88083K, committed 88268K, reserved 1126400K
  class space    used 11332K, capacity 12132K, committed 12236K, reserved 1048576K
}
Event: 18.887 GC heap after
{Heap after GC invocations=28 (full 0):
 garbage-first heap   total 162816K, used 121114K [0x0000000080000000, 0x0000000100000000)
  region size 1024K, 4 young (4096K), 4 survivors (4096K)
 Metaspace       used 85941K, capacity 88083K, committed 88268K, reserved 1126400K
  class space    used 11332K, capacity 12132K, committed 12236K, reserved 1048576K
}
Event: 19.089 GC heap before
{Heap before GC invocations=29 (full 0):
 garbage-first heap   total 162816K, used 132378K [0x0000000080000000, 0x0000000100000000)
  region size 1024K, 16 young (16384K), 4 survivors (4096K)
 Metaspace       used 87255K, capacity 89415K, committed 89676K, reserved 1126400K
  class space    used 11532K, capacity 12320K, committed 12364K, reserved 1048576K
}
Event: 19.100 GC heap after
{Heap after GC invocations=30 (full 0):
 garbage-first heap   total 162816K, used 126820K [0x0000000080000000, 0x0000000100000000)
  region size 1024K, 2 young (2048K), 2 survivors (2048K)
 Metaspace       used 87255K, capacity 89415K, committed 89676K, reserved 1126400K
  class space    used 11532K, capacity 12320K, committed 12364K, reserved 1048576K
}
Event: 19.214 GC heap before
{Heap before GC invocations=30 (full 0):
 garbage-first heap   total 162816K, used 136036K [0x0000000080000000, 0x0000000100000000)
  region size 1024K, 11 young (11264K), 2 survivors (2048K)
 Metaspace       used 87720K, capacity 89957K, committed 90060K, reserved 1126400K
  class space    used 11600K, capacity 12432K, committed 12492K, reserved 1048576K
}
Event: 19.227 GC heap after
{Heap after GC invocations=31 (full 0):
 garbage-first heap   total 256000K, used 129017K [0x0000000080000000, 0x0000000100000000)
  region size 1024K, 2 young (2048K), 2 survivors (2048K)
 Metaspace       used 87720K, capacity 89957K, committed 90060K, reserved 1126400K
  class space    used 11600K, capacity 12432K, committed 12492K, reserved 1048576K
}
Event: 19.855 GC heap before
{Heap before GC invocations=32 (full 0):
 garbage-first heap   total 256000K, used 161785K [0x0000000080000000, 0x0000000100000000)
  region size 1024K, 40 young (40960K), 2 survivors (2048K)
 Metaspace       used 88393K, capacity 90596K, committed 90956K, reserved 1128448K
  class space    used 11670K, capacity 12486K, committed 12620K, reserved 1048576K
}
Event: 19.882 GC heap after
{Heap after GC invocations=33 (full 0):
 garbage-first heap   total 256000K, used 132942K [0x0000000080000000, 0x0000000100000000)
  region size 1024K, 5 young (5120K), 5 survivors (5120K)
 Metaspace       used 88393K, capacity 90596K, committed 90956K, reserved 1128448K
  class space    used 11670K, capacity 12486K, committed 12620K, reserved 1048576K
}
Event: 19.947 GC heap before
{Heap before GC invocations=33 (full 0):
 garbage-first heap   total 256000K, used 137038K [0x0000000080000000, 0x0000000100000000)
  region size 1024K, 10 young (10240K), 5 survivors (5120K)
 Metaspace       used 88399K, capacity 90599K, committed 90956K, reserved 1128448K
  class space    used 11670K, capacity 12486K, committed 12620K, reserved 1048576K
}
Event: 19.965 GC heap after
{Heap after GC invocations=34 (full 0):
 garbage-first heap   total 256000K, used 135095K [0x0000000080000000, 0x0000000100000000)
  region size 1024K, 2 young (2048K), 2 survivors (2048K)
 Metaspace       used 88399K, capacity 90599K, committed 90956K, reserved 1128448K
  class space    used 11670K, capacity 12486K, committed 12620K, reserved 1048576K
}
Event: 20.613 GC heap before
{Heap before GC invocations=35 (full 0):
 garbage-first heap   total 256000K, used 160695K [0x0000000080000000, 0x0000000100000000)
  region size 1024K, 23 young (23552K), 2 survivors (2048K)
 Metaspace       used 88658K, capacity 90952K, committed 91212K, reserved 1128448K
  class space    used 11695K, capacity 12533K, committed 12620K, reserved 1048576K
}
Event: 20.621 GC heap after
{Heap after GC invocations=36 (full 0):
 garbage-first heap   total 256000K, used 142953K [0x0000000080000000, 0x0000000100000000)
  region size 1024K, 4 young (4096K), 4 survivors (4096K)
 Metaspace       used 88658K, capacity 90952K, committed 91212K, reserved 1128448K
  class space    used 11695K, capacity 12533K, committed 12620K, reserved 1048576K
}
Event: 21.144 GC heap before
{Heap before GC invocations=37 (full 0):
 garbage-first heap   total 256000K, used 180841K [0x0000000080000000, 0x0000000100000000)
  region size 1024K, 39 young (39936K), 4 survivors (4096K)
 Metaspace       used 88892K, capacity 91122K, committed 91468K, reserved 1128448K
  class space    used 11710K, capacity 12524K, committed 12620K, reserved 1048576K
}

Deoptimization events (20 events):
Event: 21.071 Thread 0x0000019fdf060800 Uncommon trap: trap_request=0xffffff4d fr.pc=0x0000019fcc9328fc relative=0x000000000000005c
Event: 21.071 Thread 0x0000019fdf060800 Uncommon trap: reason=unstable_if action=reinterpret pc=0x0000019fcc9328fc method=com.android.tools.r8.internal.DF.a()Z @ 4 c2
Event: 21.071 Thread 0x0000019fdf060800 DEOPT PACKING pc=0x0000019fcc9328fc sp=0x00000085a2afeb30
Event: 21.071 Thread 0x0000019fdf060800 DEOPT UNPACKING pc=0x0000019fc48178af sp=0x00000085a2afeab8 mode 2
Event: 21.115 Thread 0x0000019fdf060800 Uncommon trap: trap_request=0xffffffc6 fr.pc=0x0000019fcc919d10 relative=0x0000000000000730
Event: 21.115 Thread 0x0000019fdf060800 Uncommon trap: reason=bimorphic_or_optimized_type_check action=maybe_recompile pc=0x0000019fcc919d10 method=com.android.tools.r8.graph.Z.c(Ljava/util/function/Consumer;Lcom/android/tools/r8/graph/P;)V @ 12 c2
Event: 21.115 Thread 0x0000019fdf060800 DEOPT PACKING pc=0x0000019fcc919d10 sp=0x00000085a2afeb40
Event: 21.115 Thread 0x0000019fdf060800 DEOPT UNPACKING pc=0x0000019fc48178af sp=0x00000085a2afeaa8 mode 2
Event: 21.115 Thread 0x0000019fdf060800 Uncommon trap: trap_request=0xffffffc6 fr.pc=0x0000019fcc919d10 relative=0x0000000000000730
Event: 21.115 Thread 0x0000019fdf060800 Uncommon trap: reason=bimorphic_or_optimized_type_check action=maybe_recompile pc=0x0000019fcc919d10 method=com.android.tools.r8.graph.Z.c(Ljava/util/function/Consumer;Lcom/android/tools/r8/graph/P;)V @ 12 c2
Event: 21.115 Thread 0x0000019fdf060800 DEOPT PACKING pc=0x0000019fcc919d10 sp=0x00000085a2afeb40
Event: 21.115 Thread 0x0000019fdf060800 DEOPT UNPACKING pc=0x0000019fc48178af sp=0x00000085a2afeaa8 mode 2
Event: 21.115 Thread 0x0000019fdf060800 Uncommon trap: trap_request=0xffffffc6 fr.pc=0x0000019fcc919d10 relative=0x0000000000000730
Event: 21.115 Thread 0x0000019fdf060800 Uncommon trap: reason=bimorphic_or_optimized_type_check action=maybe_recompile pc=0x0000019fcc919d10 method=com.android.tools.r8.graph.Z.c(Ljava/util/function/Consumer;Lcom/android/tools/r8/graph/P;)V @ 12 c2
Event: 21.115 Thread 0x0000019fdf060800 DEOPT PACKING pc=0x0000019fcc919d10 sp=0x00000085a2afeb40
Event: 21.115 Thread 0x0000019fdf060800 DEOPT UNPACKING pc=0x0000019fc48178af sp=0x00000085a2afeaa8 mode 2
Event: 21.115 Thread 0x0000019fdf060800 Uncommon trap: trap_request=0xffffffc6 fr.pc=0x0000019fcc919d10 relative=0x0000000000000730
Event: 21.115 Thread 0x0000019fdf060800 Uncommon trap: reason=bimorphic_or_optimized_type_check action=maybe_recompile pc=0x0000019fcc919d10 method=com.android.tools.r8.graph.Z.c(Ljava/util/function/Consumer;Lcom/android/tools/r8/graph/P;)V @ 12 c2
Event: 21.115 Thread 0x0000019fdf060800 DEOPT PACKING pc=0x0000019fcc919d10 sp=0x00000085a2afeb40
Event: 21.115 Thread 0x0000019fdf060800 DEOPT UNPACKING pc=0x0000019fc48178af sp=0x00000085a2afeaa8 mode 2

Classes redefined (0 events):
No events

Internal exceptions (20 events):
Event: 18.085 Thread 0x0000019fe1c9d800 Exception <a 'java/lang/NoSuchMethodError'{0x0000000089b4c480}: 'java.lang.Object java.lang.invoke.DirectMethodHandle$Holder.newInvokeSpecial(java.lang.Object, int)'> (0x0000000089b4c480) thrown at [./src/hotspot/share/interpreter/linkResolver.cpp, line 773]
Event: 18.086 Thread 0x0000019fdf060800 Exception <a 'java/lang/IncompatibleClassChangeError'{0x0000000089b656b0}: Found class java.lang.Object, but interface was expected> (0x0000000089b656b0) thrown at [./src/hotspot/share/interpreter/linkResolver.cpp, line 839]
Event: 18.091 Thread 0x0000019fe1c9f800 Exception <a 'java/lang/IncompatibleClassChangeError'{0x0000000089ba8958}: Found class java.lang.Object, but interface was expected> (0x0000000089ba8958) thrown at [./src/hotspot/share/interpreter/linkResolver.cpp, line 839]
Event: 18.091 Thread 0x0000019fdf060800 Exception <a 'java/lang/IncompatibleClassChangeError'{0x0000000089bb7778}: Found class java.lang.Object, but interface was expected> (0x0000000089bb7778) thrown at [./src/hotspot/share/interpreter/linkResolver.cpp, line 839]
Event: 18.092 Thread 0x0000019fe1c9f800 Exception <a 'java/lang/IncompatibleClassChangeError'{0x0000000089bc3300}: Found class java.lang.Object, but interface was expected> (0x0000000089bc3300) thrown at [./src/hotspot/share/interpreter/linkResolver.cpp, line 839]
Event: 18.092 Thread 0x0000019fdf060800 Exception <a 'java/lang/IncompatibleClassChangeError'{0x0000000089bba1a8}: Found class java.lang.Object, but interface was expected> (0x0000000089bba1a8) thrown at [./src/hotspot/share/interpreter/linkResolver.cpp, line 839]
Event: 18.159 Thread 0x0000019fe1c95800 Exception <a 'java/lang/NoSuchMethodError'{0x0000000089b12a78}: 'long java.lang.invoke.DirectMethodHandle$Holder.invokeStatic(java.lang.Object, java.lang.Object, java.lang.Object)'> (0x0000000089b12a78) thrown at [./src/hotspot/share/interpreter/linkResolver.cpp, line 773]
Event: 18.907 Thread 0x0000019fe1c95800 Implicit null exception at 0x0000019fcc8c7bfd to 0x0000019fcc8cef14
Event: 18.994 Thread 0x0000019fe1c9b800 Exception <a 'java/lang/NoSuchMethodError'{0x0000000089618838}: 'int java.lang.invoke.DirectMethodHandle$Holder.invokeVirtual(java.lang.Object, java.lang.Object, java.lang.Object, java.lang.Object)'> (0x0000000089618838) thrown at [./src/hotspot/share/interpreter/linkResolver.cpp, line 773]
Event: 19.024 Thread 0x0000019fe1c9b800 Exception <a 'java/lang/NoSuchMethodError'{0x00000000895317b0}: 'void java.lang.invoke.DirectMethodHandle$Holder.invokeStatic(java.lang.Object, java.lang.Object, java.lang.Object, int)'> (0x00000000895317b0) thrown at [./src/hotspot/share/interpreter/linkResolver.cpp, line 773]
Event: 19.025 Thread 0x0000019fe1c9b800 Exception <a 'java/lang/IncompatibleClassChangeError'{0x0000000089539560}: Found class java.lang.Object, but interface was expected> (0x0000000089539560) thrown at [./src/hotspot/share/interpreter/linkResolver.cpp, line 839]
Event: 19.030 Thread 0x0000019fe1c9c000 Exception <a 'java/lang/NoSuchMethodError'{0x00000000895791c0}: 'int java.lang.invoke.DirectMethodHandle$Holder.invokeVirtual(java.lang.Object, java.lang.Object, java.lang.Object)'> (0x00000000895791c0) thrown at [./src/hotspot/share/interpreter/linkResolver.cpp, line 773]
Event: 19.030 Thread 0x0000019fe1c9d000 Exception <a 'java/lang/NoSuchMethodError'{0x000000008956f288}: 'int java.lang.invoke.DirectMethodHandle$Holder.invokeVirtual(java.lang.Object, java.lang.Object, java.lang.Object)'> (0x000000008956f288) thrown at [./src/hotspot/share/interpreter/linkResolver.cpp, line 773]
Event: 19.030 Thread 0x0000019fe1c95800 Exception <a 'java/lang/NoSuchMethodError'{0x00000000898ab9c0}: 'int java.lang.invoke.DirectMethodHandle$Holder.invokeVirtual(java.lang.Object, java.lang.Object, java.lang.Object)'> (0x00000000898ab9c0) thrown at [./src/hotspot/share/interpreter/linkResolver.cpp, line 773]
Event: 19.030 Thread 0x0000019fe1c9e800 Exception <a 'java/lang/NoSuchMethodError'{0x000000008957b688}: 'int java.lang.invoke.DirectMethodHandle$Holder.invokeVirtual(java.lang.Object, java.lang.Object, java.lang.Object)'> (0x000000008957b688) thrown at [./src/hotspot/share/interpreter/linkResolver.cpp, line 773]
Event: 19.330 Thread 0x0000019fe1c9b800 Exception <a 'java/lang/NoSuchMethodError'{0x000000008f325898}: 'java.lang.Object java.lang.invoke.Invokers$Holder.linkToTargetMethod(java.lang.Object, int, java.lang.Object, java.lang.Object, java.lang.Object, java.lang.Object)'> (0x000000008f325898) thrown at [./src/hotspot/share/interpreter/linkResolver.cpp, line 773]
Event: 19.331 Thread 0x0000019fe1c9b800 Exception <a 'java/lang/NoSuchMethodError'{0x000000008f329550}: 'void java.lang.invoke.DirectMethodHandle$Holder.invokeSpecial(java.lang.Object, java.lang.Object, java.lang.Object, java.lang.Object, java.lang.Object, java.lang.Object, java.lang.Object, java.lang.Object, java.lang.Object)'> (0x000000008f329550) thrown at [./src/hotspot/share/interpreter/linkResolver.cpp, line 773]
Event: 19.332 Thread 0x0000019fe1c9b800 Exception <a 'java/lang/NoSuchMethodError'{0x000000008f332748}: 'java.lang.Object java.lang.invoke.Invokers$Holder.linkToTargetMethod(java.lang.Object, java.lang.Object, java.lang.Object, java.lang.Object, java.lang.Object, java.lang.Object, java.lang.Object)'> (0x000000008f332748) thrown at [./src/hotspot/share/interpreter/linkResolver.cpp, line 773]
Event: 19.337 Thread 0x0000019fe1c9b800 Exception <a 'java/lang/NoSuchMethodError'{0x000000008f3444e8}: 'void java.lang.invoke.DirectMethodHandle$Holder.invokeStatic(java.lang.Object, java.lang.Object, java.lang.Object, java.lang.Object, java.lang.Object, java.lang.Object, java.lang.Object, java.lang.Object)'> (0x000000008f3444e8) thrown at [./src/hotspot/share/interpreter/linkResolver.cpp, line 773]
Event: 20.106 Thread 0x0000019fe1c9b800 Exception <a 'java/lang/IncompatibleClassChangeError'{0x000000008f6e1810}: Found class java.lang.Object, but interface was expected> (0x000000008f6e1810) thrown at [./src/hotspot/share/interpreter/linkResolver.cpp, line 839]

Events (20 events):
Event: 21.112 loading class com/android/tools/r8/internal/pr done
Event: 21.112 loading class com/android/tools/r8/graph/P
Event: 21.112 loading class com/android/tools/r8/graph/P done
Event: 21.112 loading class com/android/tools/r8/internal/pr
Event: 21.112 loading class com/android/tools/r8/internal/pr done
Event: 21.114 loading class com/android/tools/r8/dex/n
Event: 21.114 loading class com/android/tools/r8/dex/n done
Event: 21.115 loading class com/android/tools/r8/graph/V0
Event: 21.115 loading class com/android/tools/r8/graph/V0 done
Event: 21.115 loading class com/android/tools/r8/dex/m
Event: 21.115 loading class com/android/tools/r8/dex/m done
Event: 21.115 loading class com/android/tools/r8/internal/Gw
Event: 21.115 loading class com/android/tools/r8/internal/Gw done
Event: 21.116 loading class com/android/tools/r8/naming/w$b
Event: 21.116 loading class com/android/tools/r8/naming/w$b done
Event: 21.116 loading class com/android/tools/r8/naming/w$c
Event: 21.116 loading class com/android/tools/r8/naming/w$c done
Event: 21.117 loading class com/android/tools/r8/naming/w
Event: 21.117 loading class com/android/tools/r8/naming/w done
Event: 21.144 Executing VM operation: G1CollectForAllocation


Dynamic libraries:
0x00007ff66f130000 - 0x00007ff66f13a000 	E:\MySoftWare\ForCode\Android Studio\jre\bin\java.exe
0x00007ff90e4b0000 - 0x00007ff90e6a5000 	C:\WINDOWS\SYSTEM32\ntdll.dll
0x00007ff90d280000 - 0x00007ff90d33e000 	C:\WINDOWS\System32\KERNEL32.DLL
0x00007ff90c230000 - 0x00007ff90c4f8000 	C:\WINDOWS\System32\KERNELBASE.dll
0x00007ff90bd60000 - 0x00007ff90be60000 	C:\WINDOWS\System32\ucrtbase.dll
0x00007ff905520000 - 0x00007ff905539000 	E:\MySoftWare\ForCode\Android Studio\jre\bin\jli.dll
0x00007ff9049b0000 - 0x00007ff9049c7000 	E:\MySoftWare\ForCode\Android Studio\jre\bin\VCRUNTIME140.dll
0x00007ff90d4d0000 - 0x00007ff90d671000 	C:\WINDOWS\System32\USER32.dll
0x00007ff90bfb0000 - 0x00007ff90bfd2000 	C:\WINDOWS\System32\win32u.dll
0x00007ff90ceb0000 - 0x00007ff90cedb000 	C:\WINDOWS\System32\GDI32.dll
0x00007ff90bc50000 - 0x00007ff90bd5b000 	C:\WINDOWS\System32\gdi32full.dll
0x00007ff90be60000 - 0x00007ff90befd000 	C:\WINDOWS\System32\msvcp_win.dll
0x00007ff900790000 - 0x00007ff900a2a000 	C:\WINDOWS\WinSxS\amd64_microsoft.windows.common-controls_6595b64144ccf1df_6.0.19041.1110_none_60b5254171f9507e\COMCTL32.dll
0x00007ff90cf90000 - 0x00007ff90d02e000 	C:\WINDOWS\System32\msvcrt.dll
0x00007ff90d950000 - 0x00007ff90d980000 	C:\WINDOWS\System32\IMM32.DLL
0x00007ff901db0000 - 0x00007ff901e4d000 	E:\MySoftWare\ForCode\Android Studio\jre\bin\msvcp140.dll
0x00007ff8cf5c0000 - 0x00007ff8d008f000 	E:\MySoftWare\ForCode\Android Studio\jre\bin\server\jvm.dll
0x00007ff90cee0000 - 0x00007ff90cf8c000 	C:\WINDOWS\System32\ADVAPI32.dll
0x00007ff90c500000 - 0x00007ff90c59b000 	C:\WINDOWS\System32\sechost.dll
0x00007ff90d820000 - 0x00007ff90d94a000 	C:\WINDOWS\System32\RPCRT4.dll
0x00007ff90d680000 - 0x00007ff90d688000 	C:\WINDOWS\System32\PSAPI.DLL
0x00007ff8f7f40000 - 0x00007ff8f7f49000 	C:\WINDOWS\SYSTEM32\WSOCK32.dll
0x00007ff8fe550000 - 0x00007ff8fe577000 	C:\WINDOWS\SYSTEM32\WINMM.dll
0x00007ff903130000 - 0x00007ff90313a000 	C:\WINDOWS\SYSTEM32\VERSION.dll
0x00007ff90d210000 - 0x00007ff90d27b000 	C:\WINDOWS\System32\WS2_32.dll
0x00007ff90a4a0000 - 0x00007ff90a4b2000 	C:\WINDOWS\SYSTEM32\kernel.appcore.dll
0x00007ff904460000 - 0x00007ff904471000 	E:\MySoftWare\ForCode\Android Studio\jre\bin\verify.dll
0x00007ff90a160000 - 0x00007ff90a344000 	C:\WINDOWS\SYSTEM32\DBGHELP.DLL
0x00007ff9027a0000 - 0x00007ff9027cc000 	C:\WINDOWS\SYSTEM32\dbgcore.DLL
0x00007ff90c1a0000 - 0x00007ff90c223000 	C:\WINDOWS\System32\bcryptPrimitives.dll
0x00007ff902c00000 - 0x00007ff902c29000 	E:\MySoftWare\ForCode\Android Studio\jre\bin\java.dll
0x00007ff9058a0000 - 0x00007ff9058ab000 	E:\MySoftWare\ForCode\Android Studio\jre\bin\jimage.dll
0x00007ff903940000 - 0x00007ff903958000 	E:\MySoftWare\ForCode\Android Studio\jre\bin\zip.dll
0x00007ff90d980000 - 0x00007ff90e0bf000 	C:\WINDOWS\System32\SHELL32.dll
0x00007ff9099c0000 - 0x00007ff90a150000 	C:\WINDOWS\SYSTEM32\windows.storage.dll
0x00007ff90c5a0000 - 0x00007ff90c8f5000 	C:\WINDOWS\System32\combase.dll
0x00007ff90b620000 - 0x00007ff90b64e000 	C:\WINDOWS\SYSTEM32\Wldp.dll
0x00007ff90d6a0000 - 0x00007ff90d74d000 	C:\WINDOWS\System32\SHCORE.dll
0x00007ff90e350000 - 0x00007ff90e3a5000 	C:\WINDOWS\System32\shlwapi.dll
0x00007ff90bb10000 - 0x00007ff90bb2f000 	C:\WINDOWS\SYSTEM32\profapi.dll
0x00007ff902b40000 - 0x00007ff902b5a000 	E:\MySoftWare\ForCode\Android Studio\jre\bin\net.dll
0x00007ff902c90000 - 0x00007ff902d9c000 	C:\WINDOWS\SYSTEM32\WINHTTP.dll
0x00007ff90b380000 - 0x00007ff90b3ea000 	C:\WINDOWS\system32\mswsock.dll
0x00007ff902b20000 - 0x00007ff902b34000 	E:\MySoftWare\ForCode\Android Studio\jre\bin\nio.dll
0x00007ff900c00000 - 0x00007ff900c27000 	C:\Users\HUAWEI\.gradle\native\8bec1ad78214c89d9ad589b4d07fe93259594b29d510b10fafb7a158f7737e5d\windows-amd64\native-platform.dll
0x00007ff8d1b20000 - 0x00007ff8d1c5d000 	C:\Users\HUAWEI\.gradle\native\53dbd7edfb1c66fb8903c78663c9afc45aea4f116125fa6feffd364cf09443e8\windows-amd64\native-platform-file-events.dll
0x00007ff905510000 - 0x00007ff90551a000 	E:\MySoftWare\ForCode\Android Studio\jre\bin\management.dll
0x00007ff904450000 - 0x00007ff90445c000 	E:\MySoftWare\ForCode\Android Studio\jre\bin\management_ext.dll
0x00007ff90b580000 - 0x00007ff90b598000 	C:\WINDOWS\SYSTEM32\CRYPTSP.dll
0x00007ff90ac30000 - 0x00007ff90ac64000 	C:\WINDOWS\system32\rsaenh.dll
0x00007ff90bbd0000 - 0x00007ff90bbf7000 	C:\WINDOWS\System32\bcrypt.dll
0x00007ff90bad0000 - 0x00007ff90bafe000 	C:\WINDOWS\SYSTEM32\USERENV.dll
0x00007ff90b570000 - 0x00007ff90b57c000 	C:\WINDOWS\SYSTEM32\CRYPTBASE.dll
0x00007ff90b020000 - 0x00007ff90b05b000 	C:\WINDOWS\SYSTEM32\IPHLPAPI.DLL
0x00007ff90d690000 - 0x00007ff90d698000 	C:\WINDOWS\System32\NSI.dll
0x00007ff9044c0000 - 0x00007ff9044d7000 	C:\WINDOWS\SYSTEM32\dhcpcsvc6.DLL
0x00007ff9044a0000 - 0x00007ff9044bd000 	C:\WINDOWS\SYSTEM32\dhcpcsvc.DLL
0x00007ff90b070000 - 0x00007ff90b13b000 	C:\WINDOWS\SYSTEM32\DNSAPI.dll

dbghelp: loaded successfully - version: 4.0.5 - missing functions: none
symbol engine: initialized successfully - sym options: 0x614 - pdb path: .;E:\MySoftWare\ForCode\Android Studio\jre\bin;C:\WINDOWS\SYSTEM32;C:\WINDOWS\WinSxS\amd64_microsoft.windows.common-controls_6595b64144ccf1df_6.0.19041.1110_none_60b5254171f9507e;E:\MySoftWare\ForCode\Android Studio\jre\bin\server;C:\Users\HUAWEI\.gradle\native\8bec1ad78214c89d9ad589b4d07fe93259594b29d510b10fafb7a158f7737e5d\windows-amd64;C:\Users\HUAWEI\.gradle\native\53dbd7edfb1c66fb8903c78663c9afc45aea4f116125fa6feffd364cf09443e8\windows-amd64

VM Arguments:
jvm_args: --add-opens=java.base/java.util=ALL-UNNAMED --add-opens=java.base/java.lang=ALL-UNNAMED --add-opens=java.base/java.lang.invoke=ALL-UNNAMED --add-opens=java.base/java.util=ALL-UNNAMED --add-opens=java.prefs/java.util.prefs=ALL-UNNAMED --add-opens=java.prefs/java.util.prefs=ALL-UNNAMED --add-opens=java.base/java.nio.charset=ALL-UNNAMED --add-opens=java.base/java.net=ALL-UNNAMED --add-opens=java.base/java.util.concurrent.atomic=ALL-UNNAMED -Xmx2048m -Dfile.encoding=UTF-8 -Duser.country=CN -Duser.language=zh -Duser.variant 
java_command: org.gradle.launcher.daemon.bootstrap.GradleDaemon 7.0.2
java_class_path (initial): C:\Users\HUAWEI\.gradle\wrapper\dists\gradle-7.0.2-bin\857tjihv64xamwrf0h14cai3r\gradle-7.0.2\lib\gradle-launcher-7.0.2.jar
Launcher Type: SUN_STANDARD

[Global flags]
     intx CICompilerCount                          = 4                                         {product} {ergonomic}
     uint ConcGCThreads                            = 2                                         {product} {ergonomic}
     uint G1ConcRefinementThreads                  = 8                                         {product} {ergonomic}
   size_t G1HeapRegionSize                         = 1048576                                   {product} {ergonomic}
    uintx GCDrainStackTargetSize                   = 64                                        {product} {ergonomic}
   size_t InitialHeapSize                          = 134217728                                 {product} {ergonomic}
   size_t MarkStackSize                            = 4194304                                   {product} {ergonomic}
   size_t MaxHeapSize                              = 2147483648                                {product} {command line}
   size_t MaxNewSize                               = 1287651328                                {product} {ergonomic}
   size_t MinHeapDeltaBytes                        = 1048576                                   {product} {ergonomic}
    uintx NonNMethodCodeHeapSize                   = 5836300                                {pd product} {ergonomic}
    uintx NonProfiledCodeHeapSize                  = 122910970                              {pd product} {ergonomic}
    uintx ProfiledCodeHeapSize                     = 122910970                              {pd product} {ergonomic}
    uintx ReservedCodeCacheSize                    = 251658240                              {pd product} {ergonomic}
     bool SegmentedCodeCache                       = true                                      {product} {ergonomic}
     bool UseCompressedClassPointers               = true                                 {lp64_product} {ergonomic}
     bool UseCompressedOops                        = true                                 {lp64_product} {ergonomic}
     bool UseG1GC                                  = true                                      {product} {ergonomic}
     bool UseLargePagesIndividualAllocation        = false                                  {pd product} {ergonomic}

Logging:
Log output configuration:
 #0: stdout all=warning uptime,level,tags
 #1: stderr all=off uptime,level,tags

Environment Variables:
PATH=E:\MySoftWare\MyLinux\VMware\bin\;C:\Windows\system32;C:\Windows;C:\Windows\System32\Wbem;C:\Windows\System32\WindowsPowerShell\v1.0\;C:\Windows\System32\OpenSSH\;C:\Program Files (x86)\Intel\Intel(R) Management Engine Components\DAL;C:\Program Files\Intel\Intel(R) Management Engine Components\DAL;C:\Program Files (x86)\NVIDIA Corporation\PhysX\Common;C:\Program Files\NVIDIA Corporation\NVIDIA NvDLISR;E:\Matlab\runtime\win64;E:\Matlab\bin;E:\Matlab\polyspace\bin;C:\WINDOWS\system32;C:\WINDOWS;C:\WINDOWS\System32\Wbem;C:\WINDOWS\System32\WindowsPowerShell\v1.0\;C:\WINDOWS\System32\OpenSSH\;C:\Program Files (x86)\EasyShare\x86\;C:\Program Files (x86)\EasyShare\x64\;C:\Program Files\Git\cmd;C:\Users\HUAWEI\AppData\Local\Microsoft\WindowsApps;C:\Program Files\Bandizip\;E:\软件工具\编程\Dev-C++\Dev-Cpp\MinGW64\bin;C:\Users\HUAWEI\AppData\Local\Microsoft\WindowsApps;E:\软件工具\编程\汇编语言\masm5.0\MASM-master;
USERNAME=HUAWEI
OS=Windows_NT
PROCESSOR_IDENTIFIER=Intel64 Family 6 Model 142 Stepping 10, GenuineIntel



---------------  S Y S T E M  ---------------

OS: Windows 10 , 64 bit Build 19041 (10.0.19041.1348)
OS uptime: 6 days 2:16 hours

CPU:total 8 (initial active 8) (4 cores per cpu, 2 threads per core) family 6 model 142 stepping 10 microcode 0xb4, cmov, cx8, fxsr, mmx, sse, sse2, sse3, ssse3, sse4.1, sse4.2, popcnt, avx, avx2, aes, clmul, erms, 3dnowpref, lzcnt, ht, tsc, tscinvbit, bmi1, bmi2, adx, fma

Memory: 4k page, system-wide physical 8075M (627M free)
TotalPageFile size 18315M (AvailPageFile size 64M)
current process WorkingSet (physical memory assigned to process): 480M, peak: 504M
current process commit charge ("private bytes"): 565M, peak: 631M

vm_info: OpenJDK 64-Bit Server VM (11.0.10+0-b96-7249189) for windows-amd64 JRE (11.0.10+0-b96-7249189), built on Mar 31 2021 21:44:00 by "builder" with MS VC++ 14.0 (VS2015)

END.
