#
# There is insufficient memory for the Java Runtime Environment to continue.
# Native memory allocation (mmap) failed to map 170917888 bytes for Failed to commit area from 0x000000008f700000 to 0x0000000099a00000 of length 170917888.
# Possible reasons:
#   The system is out of physical RAM or swap space
#   The process is running with CompressedOops enabled, and the Java Heap may be blocking the growth of the native heap
# Possible solutions:
#   Reduce memory load on the system
#   Increase physical memory or swap space
#   Check if swap backing store is full
#   Decrease Java heap size (-Xmx/-Xms)
#   Decrease number of Java threads
#   Decrease Java thread stack sizes (-Xss)
#   Set larger code cache with -XX:ReservedCodeCacheSize=
#   JVM is running with Unscaled Compressed Oops mode in which the Java heap is
#     placed in the first 4GB address space. The Java Heap base address is the
#     maximum limit for the native heap growth. Please use -XX:HeapBaseMinAddress
#     to set the Java Heap base and to place the Java Heap above 4GB virtual address.
# This output file may be truncated or incomplete.
#
#  Out of Memory Error (./src/hotspot/os/windows/os_windows.cpp:3301), pid=13568, tid=7052
#
# JRE version: OpenJDK Runtime Environment (11.0.10) (build 11.0.10+0-b96-7249189)
# Java VM: OpenJDK 64-Bit Server VM (11.0.10+0-b96-7249189, mixed mode, tiered, compressed oops, g1 gc, windows-amd64)
# No core dump will be written. Minidumps are not enabled by default on client versions of Windows
#

---------------  S U M M A R Y ------------

Command Line: --add-opens=java.base/java.util=ALL-UNNAMED --add-opens=java.base/java.lang=ALL-UNNAMED --add-opens=java.base/java.lang.invoke=ALL-UNNAMED --add-opens=java.base/java.util=ALL-UNNAMED --add-opens=java.prefs/java.util.prefs=ALL-UNNAMED --add-opens=java.prefs/java.util.prefs=ALL-UNNAMED --add-opens=java.base/java.nio.charset=ALL-UNNAMED --add-opens=java.base/java.net=ALL-UNNAMED --add-opens=java.base/java.util.concurrent.atomic=ALL-UNNAMED -Xmx2048m -Dfile.encoding=UTF-8 -Duser.country=CN -Duser.language=zh -Duser.variant org.gradle.launcher.daemon.bootstrap.GradleDaemon 7.0.2

Host: Intel(R) Core(TM) i5-8250U CPU @ 1.60GHz, 8 cores, 7G,  Windows 10 , 64 bit Build 19041 (10.0.19041.1348)
Time: Fri Nov 19 23:32:01 2021 中国标准时间 elapsed time: 22.120284 seconds (0d 0h 0m 22s)

---------------  T H R E A D  ---------------

Current thread (0x000002e838911000):  VMThread "VM Thread" [stack: 0x000000f7b9100000,0x000000f7b9200000] [id=7052]

Stack: [0x000000f7b9100000,0x000000f7b9200000]
[error occurred during error reporting (printing stack bounds), id 0xc0000005, EXCEPTION_ACCESS_VIOLATION (0xc0000005) at pc=0x000002e8217d0f2d]

Native frames: (J=compiled Java code, j=interpreted, Vv=VM code, C=native code)
V  [jvm.dll+0x5ecfaa]
V  [jvm.dll+0x722bd5]
V  [jvm.dll+0x72412d]
V  [jvm.dll+0x724745]
V  [jvm.dll+0x7246fb]
V  [jvm.dll+0x5ec348]
V  [jvm.dll+0x5ecad8]
C  [ntdll.dll+0xa20cf]
C  [ntdll.dll+0x51454]
C  [ntdll.dll+0xa0bfe]
C  0x000002e8217d0f2d

VM_Operation (0x000000f7be0fe270): G1CollectForAllocation, mode: safepoint, requested by thread 0x000002e83fbca800


---------------  P R O C E S S  ---------------

Threads class SMR info:
_java_thread_list=0x000002e841fd5010, length=77, elements={
0x000002e81c50b000, 0x000002e838913800, 0x000002e83891d000, 0x000002e83892e800,
0x000002e83892f800, 0x000002e838930800, 0x000002e83893e800, 0x000002e838943000,
0x000002e838948800, 0x000002e83938d800, 0x000002e83b35c800, 0x000002e83a4ef000,
0x000002e83a427000, 0x000002e83b2a0800, 0x000002e83a3b4000, 0x000002e83a428000,
0x000002e83a790000, 0x000002e83a2cb000, 0x000002e83a791000, 0x000002e83b6ee800,
0x000002e83b6ef800, 0x000002e83b6f1800, 0x000002e83b6f0000, 0x000002e83b6f2800,
0x000002e83b6f1000, 0x000002e83b6f3800, 0x000002e83b6ed800, 0x000002e83b6f4000,
0x000002e83be03000, 0x000002e83be01000, 0x000002e83bdfd000, 0x000002e83bdff000,
0x000002e83be03800, 0x000002e83be06000, 0x000002e83be02000, 0x000002e83be04800,
0x000002e83be05800, 0x000002e83be00800, 0x000002e83be0c000, 0x000002e83be08000,
0x000002e83be07000, 0x000002e83be08800, 0x000002e83be09800, 0x000002e83be0a000,
0x000002e83be0b000, 0x000002e83ddd5000, 0x000002e83ddd3000, 0x000002e83ddd4800,
0x000002e83ddd6000, 0x000002e83ddd2000, 0x000002e83ddd9800, 0x000002e83ddd3800,
0x000002e83ddda000, 0x000002e83ddd7800, 0x000002e83dddb000, 0x000002e83dddc000,
0x000002e83ddd7000, 0x000002e83ddde000, 0x000002e83dddc800, 0x000002e83dddd800,
0x000002e83dddf000, 0x000002e83dde0800, 0x000002e83dde0000, 0x000002e83fbc2800,
0x000002e83fbc5800, 0x000002e83fbc7000, 0x000002e83fbc1800, 0x000002e83fbc9000,
0x000002e83fbc8000, 0x000002e83fbca800, 0x000002e83fbc6800, 0x000002e83fbc5000,
0x000002e83fbcb800, 0x000002e83fbcd000, 0x000002e83fbd0000, 0x000002e83fbce000,
0x000002e83fbcc000
}

Java Threads: ( => current thread )
  0x000002e81c50b000 JavaThread "main" [_thread_blocked, id=13852, stack(0x000000f7b8b00000,0x000000f7b8c00000)]
  0x000002e838913800 JavaThread "Reference Handler" daemon [_thread_blocked, id=14588, stack(0x000000f7b9200000,0x000000f7b9300000)]
  0x000002e83891d000 JavaThread "Finalizer" daemon [_thread_blocked, id=7472, stack(0x000000f7b9300000,0x000000f7b9400000)]
  0x000002e83892e800 JavaThread "Signal Dispatcher" daemon [_thread_blocked, id=11804, stack(0x000000f7b9400000,0x000000f7b9500000)]
  0x000002e83892f800 JavaThread "Attach Listener" daemon [_thread_blocked, id=13316, stack(0x000000f7b9500000,0x000000f7b9600000)]
  0x000002e838930800 JavaThread "Service Thread" daemon [_thread_blocked, id=14608, stack(0x000000f7b9600000,0x000000f7b9700000)]
  0x000002e83893e800 JavaThread "C2 CompilerThread0" daemon [_thread_in_native, id=17200, stack(0x000000f7b9700000,0x000000f7b9800000)]
  0x000002e838943000 JavaThread "C1 CompilerThread0" daemon [_thread_blocked, id=7588, stack(0x000000f7b9800000,0x000000f7b9900000)]
  0x000002e838948800 JavaThread "Sweeper thread" daemon [_thread_blocked, id=10060, stack(0x000000f7b9900000,0x000000f7b9a00000)]
  0x000002e83938d800 JavaThread "Common-Cleaner" daemon [_thread_blocked, id=17812, stack(0x000000f7b9a00000,0x000000f7b9b00000)]
  0x000002e83b35c800 JavaThread "Daemon health stats" [_thread_blocked, id=15508, stack(0x000000f7b9c00000,0x000000f7b9d00000)]
  0x000002e83a4ef000 JavaThread "Incoming local TCP Connector on port 58176" [_thread_in_native, id=19148, stack(0x000000f7b9f00000,0x000000f7ba000000)]
  0x000002e83a427000 JavaThread "Daemon periodic checks" [_thread_blocked, id=18988, stack(0x000000f7ba000000,0x000000f7ba100000)]
  0x000002e83b2a0800 JavaThread "Daemon" [_thread_blocked, id=16496, stack(0x000000f7ba100000,0x000000f7ba200000)]
  0x000002e83a3b4000 JavaThread "Handler for socket connection from /127.0.0.1:58176 to /127.0.0.1:58177" [_thread_in_native, id=18692, stack(0x000000f7ba200000,0x000000f7ba300000)]
  0x000002e83a428000 JavaThread "Cancel handler" [_thread_blocked, id=13416, stack(0x000000f7ba300000,0x000000f7ba400000)]
  0x000002e83a790000 JavaThread "Daemon worker" [_thread_blocked, id=18740, stack(0x000000f7ba400000,0x000000f7ba500000)]
  0x000002e83a2cb000 JavaThread "Asynchronous log dispatcher for DefaultDaemonConnection: socket connection from /127.0.0.1:58176 to /127.0.0.1:58177" [_thread_blocked, id=9312, stack(0x000000f7ba500000,0x000000f7ba600000)]
  0x000002e83a791000 JavaThread "Stdin handler" [_thread_blocked, id=10756, stack(0x000000f7ba600000,0x000000f7ba700000)]
  0x000002e83b6ee800 JavaThread "Daemon client event forwarder" [_thread_blocked, id=11916, stack(0x000000f7ba700000,0x000000f7ba800000)]
  0x000002e83b6ef800 JavaThread "Cache worker for file hash cache (C:\Users\HUAWEI\.gradle\caches\7.0.2\fileHashes)" [_thread_blocked, id=15260, stack(0x000000f7bad00000,0x000000f7bae00000)]
  0x000002e83b6f1800 JavaThread "File lock request listener" [_thread_in_native, id=6192, stack(0x000000f7bae00000,0x000000f7baf00000)]
  0x000002e83b6f0000 JavaThread "Cache worker for journal cache (C:\Users\HUAWEI\.gradle\caches\journal-1)" [_thread_blocked, id=7244, stack(0x000000f7bb000000,0x000000f7bb100000)]
  0x000002e83b6f2800 JavaThread "Cache worker for file hash cache (E:\codefile\Android\MyAccount\.gradle\7.0.2\fileHashes)" [_thread_blocked, id=14072, stack(0x000000f7bb100000,0x000000f7bb200000)]
  0x000002e83b6f1000 JavaThread "File watcher server" daemon [_thread_blocked, id=14940, stack(0x000000f7bb200000,0x000000f7bb300000)]
  0x000002e83b6f3800 JavaThread "File watcher consumer" daemon [_thread_blocked, id=16656, stack(0x000000f7bb300000,0x000000f7bb400000)]
  0x000002e83b6ed800 JavaThread "Cache worker for checksums cache (E:\codefile\Android\MyAccount\.gradle\checksums)" [_thread_blocked, id=8252, stack(0x000000f7bb400000,0x000000f7bb500000)]
  0x000002e83b6f4000 JavaThread "Cache worker for cache directory md-supplier (C:\Users\HUAWEI\.gradle\caches\7.0.2\md-supplier)" [_thread_blocked, id=12964, stack(0x000000f7bb500000,0x000000f7bb600000)]
  0x000002e83be03000 JavaThread "Cache worker for cache directory md-rule (C:\Users\HUAWEI\.gradle\caches\7.0.2\md-rule)" [_thread_blocked, id=19132, stack(0x000000f7bb600000,0x000000f7bb700000)]
  0x000002e83be01000 JavaThread "Cache worker for execution history cache (C:\Users\HUAWEI\.gradle\caches\7.0.2\executionHistory)" [_thread_blocked, id=18932, stack(0x000000f7bb700000,0x000000f7bb800000)]
  0x000002e83bdfd000 JavaThread "jar transforms" [_thread_blocked, id=12948, stack(0x000000f7bb800000,0x000000f7bb900000)]
  0x000002e83bdff000 JavaThread "jar transforms Thread 2" [_thread_blocked, id=10232, stack(0x000000f7bb900000,0x000000f7bba00000)]
  0x000002e83be03800 JavaThread "Cache worker for file content cache (C:\Users\HUAWEI\.gradle\caches\7.0.2\fileContent)" [_thread_blocked, id=1692, stack(0x000000f7bba00000,0x000000f7bbb00000)]
  0x000002e83be06000 JavaThread "Cache worker for dependencies-accessors (E:\codefile\Android\MyAccount\.gradle\7.0.2\dependencies-accessors)" [_thread_blocked, id=3752, stack(0x000000f7bbb00000,0x000000f7bbc00000)]
  0x000002e83be02000 JavaThread "jar transforms Thread 3" [_thread_blocked, id=19084, stack(0x000000f7bbc00000,0x000000f7bbd00000)]
  0x000002e83be04800 JavaThread "Cache worker for Build Output Cleanup Cache (E:\codefile\Android\MyAccount\.gradle\buildOutputCleanup)" [_thread_blocked, id=3064, stack(0x000000f7bbd00000,0x000000f7bbe00000)]
  0x000002e83be05800 JavaThread "Build operations" [_thread_blocked, id=19048, stack(0x000000f7bbe00000,0x000000f7bbf00000)]
  0x000002e83be00800 JavaThread "Build operations Thread 2" [_thread_blocked, id=5664, stack(0x000000f7bbf00000,0x000000f7bc000000)]
  0x000002e83be0c000 JavaThread "Build operations Thread 3" [_thread_blocked, id=14692, stack(0x000000f7bc000000,0x000000f7bc100000)]
  0x000002e83be08000 JavaThread "Build operations Thread 4" [_thread_blocked, id=5372, stack(0x000000f7bc100000,0x000000f7bc200000)]
  0x000002e83be07000 JavaThread "Build operations Thread 5" [_thread_blocked, id=15132, stack(0x000000f7bc200000,0x000000f7bc300000)]
  0x000002e83be08800 JavaThread "Build operations Thread 6" [_thread_blocked, id=12324, stack(0x000000f7bc300000,0x000000f7bc400000)]
  0x000002e83be09800 JavaThread "Build operations Thread 7" [_thread_blocked, id=10652, stack(0x000000f7bc400000,0x000000f7bc500000)]
  0x000002e83be0a000 JavaThread "Build operations Thread 8" [_thread_blocked, id=5704, stack(0x000000f7bc500000,0x000000f7bc600000)]
  0x000002e83be0b000 JavaThread "jar transforms Thread 4" [_thread_blocked, id=5400, stack(0x000000f7bc600000,0x000000f7bc700000)]
  0x000002e83ddd5000 JavaThread "jar transforms Thread 5" [_thread_blocked, id=11360, stack(0x000000f7bc700000,0x000000f7bc800000)]
  0x000002e83ddd3000 JavaThread "jar transforms Thread 6" [_thread_blocked, id=15388, stack(0x000000f7bc800000,0x000000f7bc900000)]
  0x000002e83ddd4800 JavaThread "jar transforms Thread 7" [_thread_blocked, id=17392, stack(0x000000f7bc900000,0x000000f7bca00000)]
  0x000002e83ddd6000 JavaThread "jar transforms Thread 8" [_thread_blocked, id=3728, stack(0x000000f7bca00000,0x000000f7bcb00000)]
  0x000002e83ddd2000 JavaThread "Memory manager" [_thread_blocked, id=1296, stack(0x000000f7bcb00000,0x000000f7bcc00000)]
  0x000002e83ddd9800 JavaThread "build event listener" [_thread_blocked, id=6224, stack(0x000000f7bcc00000,0x000000f7bcd00000)]
  0x000002e83ddd3800 JavaThread "Execution worker for ':'" [_thread_blocked, id=14128, stack(0x000000f7bcd00000,0x000000f7bce00000)]
  0x000002e83ddda000 JavaThread "Execution worker for ':' Thread 2" [_thread_blocked, id=1960, stack(0x000000f7bce00000,0x000000f7bcf00000)]
  0x000002e83ddd7800 JavaThread "Execution worker for ':' Thread 3" [_thread_blocked, id=5492, stack(0x000000f7bcf00000,0x000000f7bd000000)]
  0x000002e83dddb000 JavaThread "Execution worker for ':' Thread 4" [_thread_blocked, id=240, stack(0x000000f7bd000000,0x000000f7bd100000)]
  0x000002e83dddc000 JavaThread "Execution worker for ':' Thread 5" [_thread_blocked, id=18580, stack(0x000000f7bd100000,0x000000f7bd200000)]
  0x000002e83ddd7000 JavaThread "Execution worker for ':' Thread 6" [_thread_blocked, id=2924, stack(0x000000f7bd200000,0x000000f7bd300000)]
  0x000002e83ddde000 JavaThread "Execution worker for ':' Thread 7" [_thread_blocked, id=8964, stack(0x000000f7bd300000,0x000000f7bd400000)]
  0x000002e83dddc800 JavaThread "Cache worker for execution history cache (E:\codefile\Android\MyAccount\.gradle\7.0.2\executionHistory)" [_thread_blocked, id=14140, stack(0x000000f7bd400000,0x000000f7bd500000)]
  0x000002e83dddd800 JavaThread "Cache worker for Java compile cache (C:\Users\HUAWEI\.gradle\caches\7.0.2\javaCompile)" [_thread_blocked, id=6728, stack(0x000000f7bd500000,0x000000f7bd600000)]
  0x000002e83dddf000 JavaThread "Cache worker for Java compile cache (E:\codefile\Android\MyAccount\.gradle\7.0.2\javaCompile)" [_thread_blocked, id=14120, stack(0x000000f7bd600000,0x000000f7bd700000)]
  0x000002e83dde0800 JavaThread "WorkerExecutor Queue" [_thread_blocked, id=17696, stack(0x000000f7bd700000,0x000000f7bd800000)]
  0x000002e83dde0000 JavaThread "WorkerExecutor Queue Thread 2" [_thread_blocked, id=12568, stack(0x000000f7bd800000,0x000000f7bd900000)]
  0x000002e83fbc2800 JavaThread "WorkerExecutor Queue Thread 3" [_thread_blocked, id=2460, stack(0x000000f7bd900000,0x000000f7bda00000)]
  0x000002e83fbc5800 JavaThread "WorkerExecutor Queue Thread 4" [_thread_blocked, id=16544, stack(0x000000f7bda00000,0x000000f7bdb00000)]
  0x000002e83fbc7000 JavaThread "WorkerExecutor Queue Thread 5" [_thread_blocked, id=6564, stack(0x000000f7bdb00000,0x000000f7bdc00000)]
  0x000002e83fbc1800 JavaThread "WorkerExecutor Queue Thread 6" [_thread_blocked, id=10144, stack(0x000000f7bdc00000,0x000000f7bdd00000)]
  0x000002e83fbc9000 JavaThread "WorkerExecutor Queue Thread 7" [_thread_blocked, id=17380, stack(0x000000f7bdd00000,0x000000f7bde00000)]
  0x000002e83fbc8000 JavaThread "WorkerExecutor Queue Thread 8" [_thread_blocked, id=18864, stack(0x000000f7bde00000,0x000000f7bdf00000)]
  0x000002e83fbca800 JavaThread "ForkJoinPool-1-worker-3" daemon [_thread_blocked, id=4204, stack(0x000000f7be000000,0x000000f7be100000)]
  0x000002e83fbc6800 JavaThread "ForkJoinPool-1-worker-5" daemon [_thread_blocked, id=18696, stack(0x000000f7be100000,0x000000f7be200000)]
  0x000002e83fbc5000 JavaThread "ForkJoinPool-1-worker-7" daemon [_thread_blocked, id=18256, stack(0x000000f7be200000,0x000000f7be300000)]
  0x000002e83fbcb800 JavaThread "ForkJoinPool-1-worker-9" daemon [_thread_blocked, id=13092, stack(0x000000f7be300000,0x000000f7be400000)]
  0x000002e83fbcd000 JavaThread "ForkJoinPool-1-worker-11" daemon [_thread_blocked, id=1216, stack(0x000000f7be400000,0x000000f7be500000)]
  0x000002e83fbd0000 JavaThread "ForkJoinPool-1-worker-13" daemon [_thread_blocked, id=13456, stack(0x000000f7be500000,0x000000f7be600000)]
  0x000002e83fbce000 JavaThread "ForkJoinPool-1-worker-15" daemon [_thread_blocked, id=18472, stack(0x000000f7be600000,0x000000f7be700000)]
  0x000002e83fbcc000 JavaThread "ForkJoinPool-1-worker-1" daemon [_thread_blocked, id=15924, stack(0x000000f7be700000,0x000000f7be800000)]

Other Threads:
=>0x000002e838911000 VMThread "VM Thread" [stack: 0x000000f7b9100000,0x000000f7b9200000] [id=7052]
  0x000002e83939e800 WatcherThread [stack: 0x000000f7b9b00000,0x000000f7b9c00000] [id=7952]
  0x000002e81c523800 GCTaskThread "GC Thread#0" [stack: 0x000000f7b8c00000,0x000000f7b8d00000] [id=11512]
  0x000002e83a188800 GCTaskThread "GC Thread#1" [stack: 0x000000f7b9d00000,0x000000f7b9e00000] [id=13496]
  0x000002e8398f5800 GCTaskThread "GC Thread#2" [stack: 0x000000f7b9e00000,0x000000f7b9f00000] [id=9192]
  0x000002e83b1ed000 GCTaskThread "GC Thread#3" [stack: 0x000000f7ba800000,0x000000f7ba900000] [id=15488]
  0x000002e83b325000 GCTaskThread "GC Thread#4" [stack: 0x000000f7ba900000,0x000000f7baa00000] [id=13252]
  0x000002e83b6fd000 GCTaskThread "GC Thread#5" [stack: 0x000000f7baa00000,0x000000f7bab00000] [id=4468]
  0x000002e83b7d7000 GCTaskThread "GC Thread#6" [stack: 0x000000f7bab00000,0x000000f7bac00000] [id=13064]
  0x000002e83b6f7800 GCTaskThread "GC Thread#7" [stack: 0x000000f7bac00000,0x000000f7bad00000] [id=1652]
  0x000002e81c558800 ConcurrentGCThread "G1 Main Marker" [stack: 0x000000f7b8d00000,0x000000f7b8e00000] [id=17184]
  0x000002e81c55b000 ConcurrentGCThread "G1 Conc#0" [stack: 0x000000f7b8e00000,0x000000f7b8f00000] [id=16064]
  0x000002e83b6d1000 ConcurrentGCThread "G1 Conc#1" [stack: 0x000000f7baf00000,0x000000f7bb000000] [id=5460]
  0x000002e838760800 ConcurrentGCThread "G1 Refine#0" [stack: 0x000000f7b8f00000,0x000000f7b9000000] [id=1504]
  0x000002e83d631000 ConcurrentGCThread "G1 Refine#1" [stack: 0x000000f7be800000,0x000000f7be900000] [id=19104]
  0x000002e841c65800 ConcurrentGCThread "G1 Refine#2" [stack: 0x000000f7be900000,0x000000f7bea00000] [id=15456]
  0x000002e83d633800 ConcurrentGCThread "G1 Refine#3" [stack: 0x000000f7bea00000,0x000000f7beb00000] [id=3840]
  0x000002e838761800 ConcurrentGCThread "G1 Young RemSet Sampling" [stack: 0x000000f7b9000000,0x000000f7b9100000] [id=4792]

Threads with active compile tasks:
C2 CompilerThread0  22151 11609 %     4       com.android.tools.r8.dex.j::a @ 315 (1038 bytes)

VM state:at safepoint (normal execution)

VM Mutex/Monitor currently owned by a thread:  ([mutex/lock_event])
[0x000002e81c509e00] Threads_lock - owner thread: 0x000002e838911000
[0x000002e81c50a430] Heap_lock - owner thread: 0x000002e83fbca800

Heap address: 0x0000000080000000, size: 2048 MB, Compressed Oops mode: 32-bit
Narrow klass base: 0x0000000000000000, Narrow klass shift: 3
Compressed class space size: 1073741824 Address: 0x0000000100000000

Heap:
 garbage-first heap   total 419840K, used 164192K [0x0000000080000000, 0x0000000100000000)
  region size 1024K, 5 young (5120K), 5 survivors (5120K)
 Metaspace       used 101729K, capacity 104546K, committed 105548K, reserved 1140736K
  class space    used 13396K, capacity 14491K, committed 14924K, reserved 1048576K
Heap Regions: E=young(eden), S=young(survivor), O=old, HS=humongous(starts), HC=humongous(continues), CS=collection set, F=free, A=archive, TAMS=top-at-mark-start (previous, next)
|   0|0x0000000080000000, 0x0000000080100000, 0x0000000080100000|100%| O|  |TAMS 0x0000000080100000, 0x0000000080000000| Untracked 
|   1|0x0000000080100000, 0x0000000080200000, 0x0000000080200000|100%| O|  |TAMS 0x0000000080200000, 0x0000000080100000| Untracked 
|   2|0x0000000080200000, 0x0000000080300000, 0x0000000080300000|100%| O|  |TAMS 0x0000000080300000, 0x0000000080200000| Untracked 
|   3|0x0000000080300000, 0x0000000080400000, 0x0000000080400000|100%|HS|  |TAMS 0x0000000080400000, 0x0000000080300000| Complete 
|   4|0x0000000080400000, 0x0000000080500000, 0x0000000080500000|100%|HC|  |TAMS 0x0000000080500000, 0x0000000080400000| Complete 
|   5|0x0000000080500000, 0x0000000080600000, 0x0000000080600000|100%|HC|  |TAMS 0x0000000080600000, 0x0000000080500000| Complete 
|   6|0x0000000080600000, 0x0000000080700000, 0x0000000080700000|100%| O|  |TAMS 0x0000000080700000, 0x0000000080600000| Untracked 
|   7|0x0000000080700000, 0x0000000080800000, 0x0000000080800000|100%| O|  |TAMS 0x0000000080800000, 0x0000000080700000| Untracked 
|   8|0x0000000080800000, 0x0000000080900000, 0x0000000080900000|100%| O|  |TAMS 0x0000000080900000, 0x0000000080800000| Untracked 
|   9|0x0000000080900000, 0x0000000080a00000, 0x0000000080a00000|100%| O|  |TAMS 0x0000000080a00000, 0x0000000080900000| Untracked 
|  10|0x0000000080a00000, 0x0000000080b00000, 0x0000000080b00000|100%| O|  |TAMS 0x0000000080b00000, 0x0000000080a00000| Untracked 
|  11|0x0000000080b00000, 0x0000000080c00000, 0x0000000080c00000|100%| O|  |TAMS 0x0000000080c00000, 0x0000000080b00000| Untracked 
|  12|0x0000000080c00000, 0x0000000080d00000, 0x0000000080d00000|100%| O|  |TAMS 0x0000000080d00000, 0x0000000080c00000| Untracked 
|  13|0x0000000080d00000, 0x0000000080e00000, 0x0000000080e00000|100%| O|  |TAMS 0x0000000080e00000, 0x0000000080d00000| Untracked 
|  14|0x0000000080e00000, 0x0000000080f00000, 0x0000000080f00000|100%| O|  |TAMS 0x0000000080f00000, 0x0000000080e00000| Untracked 
|  15|0x0000000080f00000, 0x0000000081000000, 0x0000000081000000|100%| O|  |TAMS 0x0000000081000000, 0x0000000080f00000| Untracked 
|  16|0x0000000081000000, 0x0000000081100000, 0x0000000081100000|100%|HS|  |TAMS 0x0000000081100000, 0x0000000081000000| Complete 
|  17|0x0000000081100000, 0x0000000081200000, 0x0000000081200000|100%| O|  |TAMS 0x0000000081200000, 0x0000000081100000| Untracked 
|  18|0x0000000081200000, 0x0000000081300000, 0x0000000081300000|100%| O|  |TAMS 0x0000000081300000, 0x0000000081200000| Untracked 
|  19|0x0000000081300000, 0x0000000081400000, 0x0000000081400000|100%| O|  |TAMS 0x0000000081400000, 0x0000000081300000| Untracked 
|  20|0x0000000081400000, 0x0000000081500000, 0x0000000081500000|100%| O|  |TAMS 0x0000000081500000, 0x0000000081400000| Untracked 
|  21|0x0000000081500000, 0x0000000081600000, 0x0000000081600000|100%| O|  |TAMS 0x0000000081600000, 0x0000000081500000| Untracked 
|  22|0x0000000081600000, 0x0000000081700000, 0x0000000081700000|100%| O|  |TAMS 0x0000000081700000, 0x0000000081600000| Untracked 
|  23|0x0000000081700000, 0x0000000081800000, 0x0000000081800000|100%| O|  |TAMS 0x0000000081800000, 0x0000000081700000| Untracked 
|  24|0x0000000081800000, 0x0000000081900000, 0x0000000081900000|100%| O|  |TAMS 0x0000000081900000, 0x0000000081800000| Untracked 
|  25|0x0000000081900000, 0x0000000081a00000, 0x0000000081a00000|100%| O|  |TAMS 0x0000000081a00000, 0x0000000081900000| Untracked 
|  26|0x0000000081a00000, 0x0000000081b00000, 0x0000000081b00000|100%| O|  |TAMS 0x0000000081b00000, 0x0000000081a00000| Untracked 
|  27|0x0000000081b00000, 0x0000000081c00000, 0x0000000081c00000|100%|HS|  |TAMS 0x0000000081c00000, 0x0000000081b00000| Complete 
|  28|0x0000000081c00000, 0x0000000081d00000, 0x0000000081d00000|100%|HS|  |TAMS 0x0000000081d00000, 0x0000000081c00000| Complete 
|  29|0x0000000081d00000, 0x0000000081e00000, 0x0000000081e00000|100%|HC|  |TAMS 0x0000000081e00000, 0x0000000081d00000| Complete 
|  30|0x0000000081e00000, 0x0000000081f00000, 0x0000000081f00000|100%| O|  |TAMS 0x0000000081f00000, 0x0000000081e00000| Untracked 
|  31|0x0000000081f00000, 0x0000000082000000, 0x0000000082000000|100%| O|  |TAMS 0x0000000082000000, 0x0000000081f00000| Untracked 
|  32|0x0000000082000000, 0x0000000082100000, 0x0000000082100000|100%| O|  |TAMS 0x0000000082100000, 0x0000000082000000| Untracked 
|  33|0x0000000082100000, 0x0000000082200000, 0x0000000082200000|100%| O|  |TAMS 0x0000000082200000, 0x0000000082100000| Untracked 
|  34|0x0000000082200000, 0x0000000082300000, 0x0000000082300000|100%| O|  |TAMS 0x0000000082300000, 0x0000000082200000| Untracked 
|  35|0x0000000082300000, 0x0000000082400000, 0x0000000082400000|100%| O|  |TAMS 0x0000000082400000, 0x0000000082300000| Untracked 
|  36|0x0000000082400000, 0x0000000082500000, 0x0000000082500000|100%| O|  |TAMS 0x0000000082500000, 0x0000000082400000| Untracked 
|  37|0x0000000082500000, 0x0000000082600000, 0x0000000082600000|100%| O|  |TAMS 0x0000000082600000, 0x0000000082500000| Untracked 
|  38|0x0000000082600000, 0x0000000082700000, 0x0000000082700000|100%| O|  |TAMS 0x0000000082700000, 0x0000000082600000| Untracked 
|  39|0x0000000082700000, 0x0000000082800000, 0x0000000082800000|100%| O|  |TAMS 0x0000000082800000, 0x0000000082700000| Untracked 
|  40|0x0000000082800000, 0x0000000082900000, 0x0000000082900000|100%| O|  |TAMS 0x0000000082900000, 0x0000000082800000| Untracked 
|  41|0x0000000082900000, 0x0000000082a00000, 0x0000000082a00000|100%| O|  |TAMS 0x0000000082a00000, 0x0000000082900000| Untracked 
|  42|0x0000000082a00000, 0x0000000082b00000, 0x0000000082b00000|100%| O|  |TAMS 0x0000000082b00000, 0x0000000082a00000| Untracked 
|  43|0x0000000082b00000, 0x0000000082c00000, 0x0000000082c00000|100%| O|  |TAMS 0x0000000082c00000, 0x0000000082b00000| Untracked 
|  44|0x0000000082c00000, 0x0000000082d00000, 0x0000000082d00000|100%| O|  |TAMS 0x0000000082d00000, 0x0000000082c00000| Untracked 
|  45|0x0000000082d00000, 0x0000000082e00000, 0x0000000082e00000|100%| O|  |TAMS 0x0000000082e00000, 0x0000000082d00000| Untracked 
|  46|0x0000000082e00000, 0x0000000082f00000, 0x0000000082f00000|100%| O|  |TAMS 0x0000000082f00000, 0x0000000082e00000| Untracked 
|  47|0x0000000082f00000, 0x0000000083000000, 0x0000000083000000|100%| O|  |TAMS 0x0000000083000000, 0x0000000082f00000| Untracked 
|  48|0x0000000083000000, 0x0000000083100000, 0x0000000083100000|100%| O|  |TAMS 0x0000000083100000, 0x0000000083000000| Untracked 
|  49|0x0000000083100000, 0x0000000083200000, 0x0000000083200000|100%| O|  |TAMS 0x0000000083200000, 0x0000000083100000| Untracked 
|  50|0x0000000083200000, 0x0000000083300000, 0x0000000083300000|100%| O|  |TAMS 0x0000000083300000, 0x0000000083200000| Untracked 
|  51|0x0000000083300000, 0x0000000083400000, 0x0000000083400000|100%| O|  |TAMS 0x0000000083400000, 0x0000000083300000| Untracked 
|  52|0x0000000083400000, 0x0000000083500000, 0x0000000083500000|100%| O|  |TAMS 0x0000000083500000, 0x0000000083400000| Untracked 
|  53|0x0000000083500000, 0x0000000083600000, 0x0000000083600000|100%| O|  |TAMS 0x0000000083600000, 0x0000000083500000| Untracked 
|  54|0x0000000083600000, 0x0000000083700000, 0x0000000083700000|100%| O|  |TAMS 0x0000000083700000, 0x0000000083600000| Untracked 
|  55|0x0000000083700000, 0x0000000083800000, 0x0000000083800000|100%| O|  |TAMS 0x0000000083800000, 0x0000000083700000| Untracked 
|  56|0x0000000083800000, 0x0000000083900000, 0x0000000083900000|100%| O|  |TAMS 0x0000000083900000, 0x0000000083800000| Untracked 
|  57|0x0000000083900000, 0x0000000083a00000, 0x0000000083a00000|100%| O|  |TAMS 0x0000000083a00000, 0x0000000083900000| Untracked 
|  58|0x0000000083a00000, 0x0000000083b00000, 0x0000000083b00000|100%| O|  |TAMS 0x0000000083b00000, 0x0000000083a00000| Untracked 
|  59|0x0000000083b00000, 0x0000000083c00000, 0x0000000083c00000|100%| O|  |TAMS 0x0000000083c00000, 0x0000000083b00000| Untracked 
|  60|0x0000000083c00000, 0x0000000083d00000, 0x0000000083d00000|100%| O|  |TAMS 0x0000000083d00000, 0x0000000083c00000| Untracked 
|  61|0x0000000083d00000, 0x0000000083e00000, 0x0000000083e00000|100%| O|  |TAMS 0x0000000083e00000, 0x0000000083d00000| Untracked 
|  62|0x0000000083e00000, 0x0000000083f00000, 0x0000000083f00000|100%| O|  |TAMS 0x0000000083f00000, 0x0000000083e00000| Untracked 
|  63|0x0000000083f00000, 0x0000000084000000, 0x0000000084000000|100%| O|  |TAMS 0x0000000084000000, 0x0000000083f00000| Untracked 
|  64|0x0000000084000000, 0x0000000084100000, 0x0000000084100000|100%| O|  |TAMS 0x0000000084100000, 0x0000000084000000| Untracked 
|  65|0x0000000084100000, 0x0000000084200000, 0x0000000084200000|100%| O|  |TAMS 0x0000000084200000, 0x0000000084100000| Untracked 
|  66|0x0000000084200000, 0x0000000084300000, 0x0000000084300000|100%| O|  |TAMS 0x0000000084300000, 0x0000000084200000| Untracked 
|  67|0x0000000084300000, 0x0000000084400000, 0x0000000084400000|100%| O|  |TAMS 0x0000000084400000, 0x0000000084300000| Untracked 
|  68|0x0000000084400000, 0x0000000084500000, 0x0000000084500000|100%| O|  |TAMS 0x0000000084500000, 0x0000000084400000| Untracked 
|  69|0x0000000084500000, 0x0000000084600000, 0x0000000084600000|100%| O|  |TAMS 0x0000000084600000, 0x0000000084500000| Untracked 
|  70|0x0000000084600000, 0x0000000084700000, 0x0000000084700000|100%| O|  |TAMS 0x0000000084700000, 0x0000000084600000| Untracked 
|  71|0x0000000084700000, 0x0000000084800000, 0x0000000084800000|100%|HS|  |TAMS 0x0000000084700000, 0x0000000084700000| Complete 
|  72|0x0000000084800000, 0x0000000084900000, 0x0000000084900000|100%| O|  |TAMS 0x0000000084900000, 0x0000000084800000| Untracked 
|  73|0x0000000084900000, 0x0000000084a00000, 0x0000000084a00000|100%| O|  |TAMS 0x0000000084a00000, 0x0000000084900000| Untracked 
|  74|0x0000000084a00000, 0x0000000084b00000, 0x0000000084b00000|100%| O|  |TAMS 0x0000000084b00000, 0x0000000084a00000| Untracked 
|  75|0x0000000084b00000, 0x0000000084c00000, 0x0000000084c00000|100%| O|  |TAMS 0x0000000084c00000, 0x0000000084b00000| Untracked 
|  76|0x0000000084c00000, 0x0000000084d00000, 0x0000000084d00000|100%|HS|  |TAMS 0x0000000084c00000, 0x0000000084c00000| Complete 
|  77|0x0000000084d00000, 0x0000000084e00000, 0x0000000084e00000|100%| O|  |TAMS 0x0000000084e00000, 0x0000000084d00000| Untracked 
|  78|0x0000000084e00000, 0x0000000084f00000, 0x0000000084f00000|100%| O|  |TAMS 0x0000000084f00000, 0x0000000084e00000| Untracked 
|  79|0x0000000084f00000, 0x0000000085000000, 0x0000000085000000|100%| O|  |TAMS 0x0000000085000000, 0x0000000084f00000| Untracked 
|  80|0x0000000085000000, 0x0000000085100000, 0x0000000085100000|100%| O|  |TAMS 0x0000000085100000, 0x0000000085000000| Untracked 
|  81|0x0000000085100000, 0x0000000085200000, 0x0000000085200000|100%| O|  |TAMS 0x0000000085200000, 0x0000000085100000| Untracked 
|  82|0x0000000085200000, 0x0000000085300000, 0x0000000085300000|100%| O|  |TAMS 0x0000000085300000, 0x0000000085200000| Untracked 
|  83|0x0000000085300000, 0x0000000085400000, 0x0000000085400000|100%| O|  |TAMS 0x0000000085400000, 0x0000000085300000| Untracked 
|  84|0x0000000085400000, 0x0000000085500000, 0x0000000085500000|100%| O|  |TAMS 0x0000000085500000, 0x0000000085400000| Untracked 
|  85|0x0000000085500000, 0x0000000085600000, 0x0000000085600000|100%|HS|  |TAMS 0x0000000085500000, 0x0000000085500000| Complete 
|  86|0x0000000085600000, 0x0000000085700000, 0x0000000085700000|100%|HS|  |TAMS 0x0000000085700000, 0x0000000085600000| Complete 
|  87|0x0000000085700000, 0x0000000085800000, 0x0000000085800000|100%|HC|  |TAMS 0x0000000085800000, 0x0000000085700000| Complete 
|  88|0x0000000085800000, 0x0000000085900000, 0x0000000085900000|100%|HC|  |TAMS 0x0000000085900000, 0x0000000085800000| Complete 
|  89|0x0000000085900000, 0x0000000085a00000, 0x0000000085a00000|100%|HC|  |TAMS 0x0000000085a00000, 0x0000000085900000| Complete 
|  90|0x0000000085a00000, 0x0000000085b00000, 0x0000000085b00000|100%|HC|  |TAMS 0x0000000085b00000, 0x0000000085a00000| Complete 
|  91|0x0000000085b00000, 0x0000000085c00000, 0x0000000085c00000|100%| O|  |TAMS 0x0000000085c00000, 0x0000000085b00000| Untracked 
|  92|0x0000000085c00000, 0x0000000085d00000, 0x0000000085d00000|100%| O|  |TAMS 0x0000000085d00000, 0x0000000085c00000| Untracked 
|  93|0x0000000085d00000, 0x0000000085e00000, 0x0000000085e00000|100%| O|  |TAMS 0x0000000085e00000, 0x0000000085d00000| Untracked 
|  94|0x0000000085e00000, 0x0000000085f00000, 0x0000000085f00000|100%| O|  |TAMS 0x0000000085f00000, 0x0000000085e00000| Untracked 
|  95|0x0000000085f00000, 0x0000000086000000, 0x0000000086000000|100%| O|  |TAMS 0x0000000086000000, 0x0000000085f00000| Untracked 
|  96|0x0000000086000000, 0x0000000086100000, 0x0000000086100000|100%|HS|  |TAMS 0x0000000086000000, 0x0000000086000000| Complete 
|  97|0x0000000086100000, 0x0000000086200000, 0x0000000086200000|100%|HS|  |TAMS 0x0000000086100000, 0x0000000086100000| Complete 
|  98|0x0000000086200000, 0x0000000086300000, 0x0000000086300000|100%|HS|  |TAMS 0x0000000086200000, 0x0000000086200000| Complete 
|  99|0x0000000086300000, 0x0000000086400000, 0x0000000086400000|100%|HC|  |TAMS 0x0000000086300000, 0x0000000086300000| Complete 
| 100|0x0000000086400000, 0x0000000086500000, 0x0000000086500000|100%|HS|  |TAMS 0x0000000086400000, 0x0000000086400000| Complete 
| 101|0x0000000086500000, 0x0000000086600000, 0x0000000086600000|100%| O|  |TAMS 0x0000000086600000, 0x0000000086500000| Untracked 
| 102|0x0000000086600000, 0x0000000086700000, 0x0000000086700000|100%| O|  |TAMS 0x0000000086700000, 0x0000000086600000| Untracked 
| 103|0x0000000086700000, 0x0000000086800000, 0x0000000086800000|100%| O|  |TAMS 0x0000000086800000, 0x0000000086700000| Untracked 
| 104|0x0000000086800000, 0x0000000086900000, 0x0000000086900000|100%| O|  |TAMS 0x0000000086900000, 0x0000000086800000| Untracked 
| 105|0x0000000086900000, 0x0000000086a00000, 0x0000000086a00000|100%| O|  |TAMS 0x0000000086a00000, 0x0000000086900000| Untracked 
| 106|0x0000000086a00000, 0x0000000086b00000, 0x0000000086b00000|100%| O|  |TAMS 0x0000000086b00000, 0x0000000086a00000| Untracked 
| 107|0x0000000086b00000, 0x0000000086c00000, 0x0000000086c00000|100%| O|  |TAMS 0x0000000086c00000, 0x0000000086b00000| Untracked 
| 108|0x0000000086c00000, 0x0000000086d00000, 0x0000000086d00000|100%| O|  |TAMS 0x0000000086d00000, 0x0000000086c00000| Untracked 
| 109|0x0000000086d00000, 0x0000000086e00000, 0x0000000086e00000|100%| O|  |TAMS 0x0000000086e00000, 0x0000000086d00000| Untracked 
| 110|0x0000000086e00000, 0x0000000086f00000, 0x0000000086f00000|100%| O|  |TAMS 0x0000000086f00000, 0x0000000086e00000| Untracked 
| 111|0x0000000086f00000, 0x0000000087000000, 0x0000000087000000|100%| O|  |TAMS 0x0000000087000000, 0x0000000086f00000| Untracked 
| 112|0x0000000087000000, 0x0000000087100000, 0x0000000087100000|100%| O|  |TAMS 0x0000000087100000, 0x0000000087000000| Untracked 
| 113|0x0000000087100000, 0x0000000087200000, 0x0000000087200000|100%| O|  |TAMS 0x0000000087200000, 0x0000000087100000| Untracked 
| 114|0x0000000087200000, 0x0000000087300000, 0x0000000087300000|100%| O|  |TAMS 0x0000000087300000, 0x0000000087200000| Untracked 
| 115|0x0000000087300000, 0x0000000087400000, 0x0000000087400000|100%| O|  |TAMS 0x0000000087400000, 0x0000000087300000| Untracked 
| 116|0x0000000087400000, 0x0000000087500000, 0x0000000087500000|100%| O|  |TAMS 0x0000000087500000, 0x0000000087400000| Untracked 
| 117|0x0000000087500000, 0x0000000087600000, 0x0000000087600000|100%| O|  |TAMS 0x0000000087600000, 0x0000000087500000| Untracked 
| 118|0x0000000087600000, 0x0000000087700000, 0x0000000087700000|100%| O|  |TAMS 0x0000000087700000, 0x0000000087600000| Untracked 
| 119|0x0000000087700000, 0x0000000087800000, 0x0000000087800000|100%| O|  |TAMS 0x0000000087800000, 0x0000000087700000| Untracked 
| 120|0x0000000087800000, 0x0000000087900000, 0x0000000087900000|100%| O|  |TAMS 0x0000000087900000, 0x0000000087800000| Untracked 
| 121|0x0000000087900000, 0x0000000087a00000, 0x0000000087a00000|100%| O|  |TAMS 0x0000000087a00000, 0x0000000087900000| Untracked 
| 122|0x0000000087a00000, 0x0000000087b00000, 0x0000000087b00000|100%| O|  |TAMS 0x0000000087b00000, 0x0000000087a00000| Untracked 
| 123|0x0000000087b00000, 0x0000000087c00000, 0x0000000087c00000|100%| O|  |TAMS 0x0000000087c00000, 0x0000000087b00000| Untracked 
| 124|0x0000000087c00000, 0x0000000087d00000, 0x0000000087d00000|100%| O|  |TAMS 0x0000000087d00000, 0x0000000087c00000| Untracked 
| 125|0x0000000087d00000, 0x0000000087e00000, 0x0000000087e00000|100%| O|  |TAMS 0x0000000087e00000, 0x0000000087d00000| Untracked 
| 126|0x0000000087e00000, 0x0000000087f00000, 0x0000000087f00000|100%| O|  |TAMS 0x0000000087f00000, 0x0000000087e00000| Untracked 
| 127|0x0000000087f00000, 0x0000000088000000, 0x0000000088000000|100%| O|  |TAMS 0x0000000088000000, 0x0000000087f00000| Untracked 
| 128|0x0000000088000000, 0x0000000088100000, 0x0000000088100000|100%| O|  |TAMS 0x0000000088100000, 0x0000000088000000| Untracked 
| 129|0x0000000088100000, 0x0000000088200000, 0x0000000088200000|100%| O|  |TAMS 0x0000000088200000, 0x0000000088100000| Untracked 
| 130|0x0000000088200000, 0x0000000088300000, 0x0000000088300000|100%| O|  |TAMS 0x0000000088200000, 0x0000000088200000| Untracked 
| 131|0x0000000088300000, 0x0000000088400000, 0x0000000088400000|100%| O|  |TAMS 0x0000000088300000, 0x0000000088300000| Untracked 
| 132|0x0000000088400000, 0x0000000088500000, 0x0000000088500000|100%| O|  |TAMS 0x0000000088400000, 0x0000000088400000| Untracked 
| 133|0x0000000088500000, 0x0000000088600000, 0x0000000088600000|100%| O|  |TAMS 0x0000000088600000, 0x0000000088500000| Untracked 
| 134|0x0000000088600000, 0x0000000088700000, 0x0000000088700000|100%| O|  |TAMS 0x0000000088700000, 0x0000000088600000| Untracked 
| 135|0x0000000088700000, 0x0000000088800000, 0x0000000088800000|100%| O|  |TAMS 0x0000000088800000, 0x0000000088700000| Untracked 
| 136|0x0000000088800000, 0x0000000088900000, 0x0000000088900000|100%| O|  |TAMS 0x0000000088900000, 0x0000000088800000| Untracked 
| 137|0x0000000088900000, 0x0000000088a00000, 0x0000000088a00000|100%| O|  |TAMS 0x0000000088988a00, 0x0000000088900000| Untracked 
| 138|0x0000000088a00000, 0x0000000088b00000, 0x0000000088b00000|100%|HS|  |TAMS 0x0000000088a00000, 0x0000000088a00000| Complete 
| 139|0x0000000088b00000, 0x0000000088c00000, 0x0000000088c00000|100%|HS|  |TAMS 0x0000000088b00000, 0x0000000088b00000| Complete 
| 140|0x0000000088c00000, 0x0000000088d00000, 0x0000000088d00000|100%|HS|  |TAMS 0x0000000088c00000, 0x0000000088c00000| Complete 
| 141|0x0000000088d00000, 0x0000000088e00000, 0x0000000088e00000|100%| O|  |TAMS 0x0000000088d00000, 0x0000000088d00000| Untracked 
| 142|0x0000000088e00000, 0x0000000088f00000, 0x0000000088f00000|100%| O|  |TAMS 0x0000000088e00000, 0x0000000088e00000| Untracked 
| 143|0x0000000088f00000, 0x0000000089000000, 0x0000000089000000|100%| O|  |TAMS 0x0000000088f00000, 0x0000000088f00000| Untracked 
| 144|0x0000000089000000, 0x0000000089100000, 0x0000000089100000|100%| O|  |TAMS 0x0000000089000000, 0x0000000089000000| Untracked 
| 145|0x0000000089100000, 0x0000000089200000, 0x0000000089200000|100%| O|  |TAMS 0x0000000089100000, 0x0000000089100000| Untracked 
| 146|0x0000000089200000, 0x0000000089300000, 0x0000000089300000|100%| O|  |TAMS 0x0000000089200000, 0x0000000089200000| Untracked 
| 147|0x0000000089300000, 0x0000000089400000, 0x0000000089400000|100%| O|  |TAMS 0x0000000089300000, 0x0000000089300000| Untracked 
| 148|0x0000000089400000, 0x0000000089500000, 0x0000000089500000|100%| O|  |TAMS 0x0000000089400000, 0x0000000089400000| Untracked 
| 149|0x0000000089500000, 0x0000000089600000, 0x0000000089600000|100%| O|  |TAMS 0x0000000089500000, 0x0000000089500000| Untracked 
| 150|0x0000000089600000, 0x0000000089700000, 0x0000000089700000|100%| O|  |TAMS 0x0000000089600000, 0x0000000089600000| Untracked 
| 151|0x0000000089700000, 0x0000000089800000, 0x0000000089800000|100%| O|  |TAMS 0x0000000089700000, 0x0000000089700000| Untracked 
| 152|0x0000000089800000, 0x0000000089900000, 0x0000000089900000|100%| O|  |TAMS 0x0000000089800000, 0x0000000089800000| Untracked 
| 153|0x0000000089900000, 0x0000000089a00000, 0x0000000089a00000|100%| O|  |TAMS 0x0000000089900000, 0x0000000089900000| Untracked 
| 154|0x0000000089a00000, 0x0000000089b00000, 0x0000000089b00000|100%| O|  |TAMS 0x0000000089a00000, 0x0000000089a00000| Untracked 
| 155|0x0000000089b00000, 0x0000000089b58200, 0x0000000089c00000| 34%| O|  |TAMS 0x0000000089b00000, 0x0000000089b00000| Untracked 
| 156|0x0000000089c00000, 0x0000000089c00000, 0x0000000089d00000|  0%| F|  |TAMS 0x0000000089c00000, 0x0000000089c00000| Untracked 
| 157|0x0000000089d00000, 0x0000000089d00000, 0x0000000089e00000|  0%| F|  |TAMS 0x0000000089d00000, 0x0000000089d00000| Untracked 
| 158|0x0000000089e00000, 0x0000000089e00000, 0x0000000089f00000|  0%| F|  |TAMS 0x0000000089e00000, 0x0000000089e00000| Untracked 
| 159|0x0000000089f00000, 0x0000000089f00000, 0x000000008a000000|  0%| F|  |TAMS 0x0000000089f00000, 0x0000000089f00000| Untracked 
| 160|0x000000008a000000, 0x000000008a000000, 0x000000008a100000|  0%| F|  |TAMS 0x000000008a000000, 0x000000008a000000| Untracked 
| 161|0x000000008a100000, 0x000000008a100000, 0x000000008a200000|  0%| F|  |TAMS 0x000000008a100000, 0x000000008a100000| Untracked 
| 162|0x000000008a200000, 0x000000008a200000, 0x000000008a300000|  0%| F|  |TAMS 0x000000008a200000, 0x000000008a200000| Untracked 
| 163|0x000000008a300000, 0x000000008a300000, 0x000000008a400000|  0%| F|  |TAMS 0x000000008a300000, 0x000000008a300000| Untracked 
| 164|0x000000008a400000, 0x000000008a400000, 0x000000008a500000|  0%| F|  |TAMS 0x000000008a400000, 0x000000008a400000| Untracked 
| 165|0x000000008a500000, 0x000000008a500000, 0x000000008a600000|  0%| F|  |TAMS 0x000000008a500000, 0x000000008a500000| Untracked 
| 166|0x000000008a600000, 0x000000008a600000, 0x000000008a700000|  0%| F|  |TAMS 0x000000008a600000, 0x000000008a600000| Untracked 
| 167|0x000000008a700000, 0x000000008a700000, 0x000000008a800000|  0%| F|  |TAMS 0x000000008a700000, 0x000000008a700000| Untracked 
| 168|0x000000008a800000, 0x000000008a800000, 0x000000008a900000|  0%| F|  |TAMS 0x000000008a800000, 0x000000008a800000| Untracked 
| 169|0x000000008a900000, 0x000000008a900000, 0x000000008aa00000|  0%| F|  |TAMS 0x000000008a900000, 0x000000008a900000| Untracked 
| 170|0x000000008aa00000, 0x000000008aa00000, 0x000000008ab00000|  0%| F|  |TAMS 0x000000008aa00000, 0x000000008aa00000| Untracked 
| 171|0x000000008ab00000, 0x000000008ab00000, 0x000000008ac00000|  0%| F|  |TAMS 0x000000008ab00000, 0x000000008ab00000| Untracked 
| 172|0x000000008ac00000, 0x000000008ac00000, 0x000000008ad00000|  0%| F|  |TAMS 0x000000008ac00000, 0x000000008ac00000| Untracked 
| 173|0x000000008ad00000, 0x000000008ad00000, 0x000000008ae00000|  0%| F|  |TAMS 0x000000008ad00000, 0x000000008ad00000| Untracked 
| 174|0x000000008ae00000, 0x000000008ae00000, 0x000000008af00000|  0%| F|  |TAMS 0x000000008ae00000, 0x000000008ae00000| Untracked 
| 175|0x000000008af00000, 0x000000008af00000, 0x000000008b000000|  0%| F|  |TAMS 0x000000008af00000, 0x000000008af00000| Untracked 
| 176|0x000000008b000000, 0x000000008b000000, 0x000000008b100000|  0%| F|  |TAMS 0x000000008b000000, 0x000000008b000000| Untracked 
| 177|0x000000008b100000, 0x000000008b100000, 0x000000008b200000|  0%| F|  |TAMS 0x000000008b100000, 0x000000008b100000| Untracked 
| 178|0x000000008b200000, 0x000000008b200000, 0x000000008b300000|  0%| F|  |TAMS 0x000000008b200000, 0x000000008b200000| Untracked 
| 179|0x000000008b300000, 0x000000008b300000, 0x000000008b400000|  0%| F|  |TAMS 0x000000008b300000, 0x000000008b300000| Untracked 
| 180|0x000000008b400000, 0x000000008b400000, 0x000000008b500000|  0%| F|  |TAMS 0x000000008b400000, 0x000000008b400000| Untracked 
| 181|0x000000008b500000, 0x000000008b500000, 0x000000008b600000|  0%| F|  |TAMS 0x000000008b500000, 0x000000008b500000| Untracked 
| 182|0x000000008b600000, 0x000000008b600000, 0x000000008b700000|  0%| F|  |TAMS 0x000000008b600000, 0x000000008b600000| Untracked 
| 183|0x000000008b700000, 0x000000008b700000, 0x000000008b800000|  0%| F|  |TAMS 0x000000008b700000, 0x000000008b700000| Untracked 
| 184|0x000000008b800000, 0x000000008b800000, 0x000000008b900000|  0%| F|  |TAMS 0x000000008b800000, 0x000000008b800000| Untracked 
| 185|0x000000008b900000, 0x000000008b900000, 0x000000008ba00000|  0%| F|  |TAMS 0x000000008b900000, 0x000000008b900000| Untracked 
| 186|0x000000008ba00000, 0x000000008ba00000, 0x000000008bb00000|  0%| F|  |TAMS 0x000000008ba00000, 0x000000008ba00000| Untracked 
| 187|0x000000008bb00000, 0x000000008bb00000, 0x000000008bc00000|  0%| F|  |TAMS 0x000000008bb00000, 0x000000008bb00000| Untracked 
| 188|0x000000008bc00000, 0x000000008bc00000, 0x000000008bd00000|  0%| F|  |TAMS 0x000000008bc00000, 0x000000008bc00000| Untracked 
| 189|0x000000008bd00000, 0x000000008bd00000, 0x000000008be00000|  0%| F|  |TAMS 0x000000008bd00000, 0x000000008bd00000| Untracked 
| 190|0x000000008be00000, 0x000000008be00000, 0x000000008bf00000|  0%| F|  |TAMS 0x000000008be00000, 0x000000008be00000| Untracked 
| 191|0x000000008bf00000, 0x000000008bf00000, 0x000000008c000000|  0%| F|  |TAMS 0x000000008bf00000, 0x000000008bf00000| Untracked 
| 192|0x000000008c000000, 0x000000008c000000, 0x000000008c100000|  0%| F|  |TAMS 0x000000008c000000, 0x000000008c000000| Untracked 
| 193|0x000000008c100000, 0x000000008c100000, 0x000000008c200000|  0%| F|  |TAMS 0x000000008c100000, 0x000000008c100000| Untracked 
| 194|0x000000008c200000, 0x000000008c200000, 0x000000008c300000|  0%| F|  |TAMS 0x000000008c200000, 0x000000008c200000| Untracked 
| 195|0x000000008c300000, 0x000000008c300000, 0x000000008c400000|  0%| F|  |TAMS 0x000000008c300000, 0x000000008c300000| Untracked 
| 196|0x000000008c400000, 0x000000008c400000, 0x000000008c500000|  0%| F|  |TAMS 0x000000008c400000, 0x000000008c400000| Untracked 
| 197|0x000000008c500000, 0x000000008c500000, 0x000000008c600000|  0%| F|  |TAMS 0x000000008c500000, 0x000000008c500000| Untracked 
| 198|0x000000008c600000, 0x000000008c600000, 0x000000008c700000|  0%| F|  |TAMS 0x000000008c600000, 0x000000008c600000| Untracked 
| 199|0x000000008c700000, 0x000000008c700000, 0x000000008c800000|  0%| F|  |TAMS 0x000000008c700000, 0x000000008c700000| Untracked 
| 200|0x000000008c800000, 0x000000008c800000, 0x000000008c900000|  0%| F|  |TAMS 0x000000008c800000, 0x000000008c800000| Untracked 
| 201|0x000000008c900000, 0x000000008c900000, 0x000000008ca00000|  0%| F|  |TAMS 0x000000008c900000, 0x000000008c900000| Untracked 
| 202|0x000000008ca00000, 0x000000008cb00000, 0x000000008cb00000|100%| S|CS|TAMS 0x000000008ca00000, 0x000000008ca00000| Complete 
| 203|0x000000008cb00000, 0x000000008cc00000, 0x000000008cc00000|100%| S|CS|TAMS 0x000000008cb00000, 0x000000008cb00000| Complete 
| 204|0x000000008cc00000, 0x000000008cd00000, 0x000000008cd00000|100%| S|CS|TAMS 0x000000008cc00000, 0x000000008cc00000| Complete 
| 205|0x000000008cd00000, 0x000000008ce00000, 0x000000008ce00000|100%| S|CS|TAMS 0x000000008cd00000, 0x000000008cd00000| Complete 
| 206|0x000000008ce00000, 0x000000008cf00000, 0x000000008cf00000|100%| S|CS|TAMS 0x000000008ce00000, 0x000000008ce00000| Complete 
| 207|0x000000008cf00000, 0x000000008cf00000, 0x000000008d000000|  0%| F|  |TAMS 0x000000008cf00000, 0x000000008cf00000| Untracked 
| 208|0x000000008d000000, 0x000000008d000000, 0x000000008d100000|  0%| F|  |TAMS 0x000000008d000000, 0x000000008d000000| Untracked 
| 209|0x000000008d100000, 0x000000008d100000, 0x000000008d200000|  0%| F|  |TAMS 0x000000008d100000, 0x000000008d100000| Untracked 
| 210|0x000000008d200000, 0x000000008d200000, 0x000000008d300000|  0%| F|  |TAMS 0x000000008d200000, 0x000000008d200000| Untracked 
| 211|0x000000008d300000, 0x000000008d300000, 0x000000008d400000|  0%| F|  |TAMS 0x000000008d300000, 0x000000008d300000| Untracked 
| 212|0x000000008d400000, 0x000000008d400000, 0x000000008d500000|  0%| F|  |TAMS 0x000000008d400000, 0x000000008d400000| Untracked 
| 213|0x000000008d500000, 0x000000008d500000, 0x000000008d600000|  0%| F|  |TAMS 0x000000008d500000, 0x000000008d500000| Untracked 
| 214|0x000000008d600000, 0x000000008d600000, 0x000000008d700000|  0%| F|  |TAMS 0x000000008d600000, 0x000000008d600000| Untracked 
| 215|0x000000008d700000, 0x000000008d700000, 0x000000008d800000|  0%| F|  |TAMS 0x000000008d700000, 0x000000008d700000| Untracked 
| 216|0x000000008d800000, 0x000000008d800000, 0x000000008d900000|  0%| F|  |TAMS 0x000000008d800000, 0x000000008d800000| Untracked 
| 217|0x000000008d900000, 0x000000008d900000, 0x000000008da00000|  0%| F|  |TAMS 0x000000008d900000, 0x000000008d900000| Untracked 
| 218|0x000000008da00000, 0x000000008da00000, 0x000000008db00000|  0%| F|  |TAMS 0x000000008da00000, 0x000000008da00000| Untracked 
| 219|0x000000008db00000, 0x000000008db00000, 0x000000008dc00000|  0%| F|  |TAMS 0x000000008db00000, 0x000000008db00000| Untracked 
| 220|0x000000008dc00000, 0x000000008dc00000, 0x000000008dd00000|  0%| F|  |TAMS 0x000000008dc00000, 0x000000008dc00000| Untracked 
| 221|0x000000008dd00000, 0x000000008dd00000, 0x000000008de00000|  0%| F|  |TAMS 0x000000008dd00000, 0x000000008dd00000| Untracked 
| 222|0x000000008de00000, 0x000000008de00000, 0x000000008df00000|  0%| F|  |TAMS 0x000000008de00000, 0x000000008de00000| Untracked 
| 223|0x000000008df00000, 0x000000008df00000, 0x000000008e000000|  0%| F|  |TAMS 0x000000008df00000, 0x000000008df00000| Untracked 
| 224|0x000000008e000000, 0x000000008e000000, 0x000000008e100000|  0%| F|  |TAMS 0x000000008e000000, 0x000000008e000000| Untracked 
| 225|0x000000008e100000, 0x000000008e100000, 0x000000008e200000|  0%| F|  |TAMS 0x000000008e100000, 0x000000008e100000| Untracked 
| 226|0x000000008e200000, 0x000000008e200000, 0x000000008e300000|  0%| F|  |TAMS 0x000000008e200000, 0x000000008e200000| Untracked 
| 227|0x000000008e300000, 0x000000008e300000, 0x000000008e400000|  0%| F|  |TAMS 0x000000008e300000, 0x000000008e300000| Untracked 
| 228|0x000000008e400000, 0x000000008e400000, 0x000000008e500000|  0%| F|  |TAMS 0x000000008e400000, 0x000000008e400000| Untracked 
| 229|0x000000008e500000, 0x000000008e500000, 0x000000008e600000|  0%| F|  |TAMS 0x000000008e500000, 0x000000008e500000| Untracked 
| 230|0x000000008e600000, 0x000000008e600000, 0x000000008e700000|  0%| F|  |TAMS 0x000000008e600000, 0x000000008e600000| Untracked 
| 231|0x000000008e700000, 0x000000008e700000, 0x000000008e800000|  0%| F|  |TAMS 0x000000008e700000, 0x000000008e700000| Untracked 
| 232|0x000000008e800000, 0x000000008e800000, 0x000000008e900000|  0%| F|  |TAMS 0x000000008e800000, 0x000000008e800000| Untracked 
| 233|0x000000008e900000, 0x000000008e900000, 0x000000008ea00000|  0%| F|  |TAMS 0x000000008e900000, 0x000000008e900000| Untracked 
| 234|0x000000008ea00000, 0x000000008ea00000, 0x000000008eb00000|  0%| F|  |TAMS 0x000000008ea00000, 0x000000008ea00000| Untracked 
| 235|0x000000008eb00000, 0x000000008eb00000, 0x000000008ec00000|  0%| F|  |TAMS 0x000000008eb00000, 0x000000008eb00000| Untracked 
| 236|0x000000008ec00000, 0x000000008ec00000, 0x000000008ed00000|  0%| F|  |TAMS 0x000000008ec00000, 0x000000008ec00000| Untracked 
| 237|0x000000008ed00000, 0x000000008ed00000, 0x000000008ee00000|  0%| F|  |TAMS 0x000000008ed00000, 0x000000008ed00000| Untracked 
| 238|0x000000008ee00000, 0x000000008ee00000, 0x000000008ef00000|  0%| F|  |TAMS 0x000000008ee00000, 0x000000008ee00000| Untracked 
| 239|0x000000008ef00000, 0x000000008ef00000, 0x000000008f000000|  0%| F|  |TAMS 0x000000008ef00000, 0x000000008ef00000| Untracked 
| 240|0x000000008f000000, 0x000000008f000000, 0x000000008f100000|  0%| F|  |TAMS 0x000000008f000000, 0x000000008f000000| Untracked 
| 241|0x000000008f100000, 0x000000008f100000, 0x000000008f200000|  0%| F|  |TAMS 0x000000008f100000, 0x000000008f100000| Untracked 
| 242|0x000000008f200000, 0x000000008f200000, 0x000000008f300000|  0%| F|  |TAMS 0x000000008f200000, 0x000000008f200000| Untracked 
| 243|0x000000008f300000, 0x000000008f300000, 0x000000008f400000|  0%| F|  |TAMS 0x000000008f300000, 0x000000008f300000| Untracked 
| 244|0x000000008f400000, 0x000000008f400000, 0x000000008f500000|  0%| F|  |TAMS 0x000000008f400000, 0x000000008f400000| Untracked 
| 245|0x000000008f500000, 0x000000008f500000, 0x000000008f600000|  0%| F|  |TAMS 0x000000008f500000, 0x000000008f500000| Untracked 
| 246|0x000000008f600000, 0x000000008f600000, 0x000000008f700000|  0%| F|  |TAMS 0x000000008f600000, 0x000000008f600000| Untracked 

Card table byte_map: [0x000002e831640000,0x000002e831a40000] _byte_map_base: 0x000002e831240000

Marking Bits (Prev, Next): (CMBitMap*) 0x000002e81c54fc98, (CMBitMap*) 0x000002e81c54fcd0
 Prev Bits: [0x000002e831e40000, 0x000002e833e40000)
 Next Bits: [0x000002e833e40000, 0x000002e835e40000)

Polling page: 0x000002e81c5f0000

Metaspace:

Usage:
  Non-class:     87.94 MB capacity,    86.26 MB ( 98%) used,     1.36 MB (  2%) free+waste,   330.81 KB ( <1%) overhead. 
      Class:     14.15 MB capacity,    13.08 MB ( 92%) used,   942.10 KB (  7%) free+waste,   152.19 KB (  1%) overhead. 
       Both:    102.10 MB capacity,    99.35 MB ( 97%) used,     2.28 MB (  2%) free+waste,   483.00 KB ( <1%) overhead. 

Virtual space:
  Non-class space:       90.00 MB reserved,      88.50 MB ( 98%) committed 
      Class space:        1.00 GB reserved,      14.57 MB (  1%) committed 
             Both:        1.09 GB reserved,     103.07 MB (  9%) committed 

Chunk freelists:
   Non-Class:  441.00 KB
       Class:  326.00 KB
        Both:  767.00 KB

MaxMetaspaceSize: 17179869184.00 GB
CompressedClassSpaceSize: 1.00 GB

CodeHeap 'non-profiled nmethods': size=120000Kb used=4596Kb max_used=4596Kb free=115403Kb
 bounds [0x000002e8292a0000, 0x000002e829720000, 0x000002e8307d0000]
CodeHeap 'profiled nmethods': size=120000Kb used=23842Kb max_used=23842Kb free=96157Kb
 bounds [0x000002e821d70000, 0x000002e8234c0000, 0x000002e8292a0000]
CodeHeap 'non-nmethods': size=5760Kb used=2313Kb max_used=2358Kb free=3446Kb
 bounds [0x000002e8217d0000, 0x000002e821a40000, 0x000002e821d70000]
 total_blobs=12944 nmethods=12022 adapters=833
 compilation: enabled
              stopped_count=0, restarted_count=0
 full_count=0

Compilation events (20 events):
Event: 22.049 Thread 0x000002e838943000 12512       2       com.android.tools.r8.graph.X::S (11 bytes)
Event: 22.049 Thread 0x000002e838943000 nmethod 12512 0x000002e8234b2190 code [0x000002e8234b2340, 0x000002e8234b2458]
Event: 22.049 Thread 0x000002e838943000 12515       2       com.android.tools.r8.graph.S::E (5 bytes)
Event: 22.049 Thread 0x000002e838943000 nmethod 12515 0x000002e8234b2590 code [0x000002e8234b2740, 0x000002e8234b2868]
Event: 22.049 Thread 0x000002e838943000 12516       2       com.android.tools.r8.naming.w$b::<init> (16 bytes)
Event: 22.049 Thread 0x000002e838943000 nmethod 12516 0x000002e8234b2910 code [0x000002e8234b2ac0, 0x000002e8234b2cd8]
Event: 22.049 Thread 0x000002e838943000 12517       2       com.android.tools.r8.naming.w$c::<init> (10 bytes)
Event: 22.049 Thread 0x000002e838943000 nmethod 12517 0x000002e8234b2d90 code [0x000002e8234b2f40, 0x000002e8234b3078]
Event: 22.050 Thread 0x000002e838943000 12507       2       com.android.tools.r8.internal.gr::m (8 bytes)
Event: 22.050 Thread 0x000002e838943000 nmethod 12507 0x000002e8234b3110 code [0x000002e8234b32c0, 0x000002e8234b33e8]
Event: 22.050 Thread 0x000002e838943000 12508       2       com.android.tools.r8.internal.fr::i (32 bytes)
Event: 22.050 Thread 0x000002e838943000 nmethod 12508 0x000002e8234b3490 code [0x000002e8234b3660, 0x000002e8234b38c8]
Event: 22.050 Thread 0x000002e838943000 12522       2       com.android.tools.r8.dex.m$$Lambda$1990/0x0000000100dfe040::get$Lambda (11 bytes)
Event: 22.050 Thread 0x000002e838943000 nmethod 12522 0x000002e8234b3a10 code [0x000002e8234b3bc0, 0x000002e8234b3e18]
Event: 22.050 Thread 0x000002e838943000 12523       2       com.android.tools.r8.dex.m$$Lambda$1990/0x0000000100dfe040::<init> (20 bytes)
Event: 22.050 Thread 0x000002e838943000 nmethod 12523 0x000002e8234b3f10 code [0x000002e8234b40c0, 0x000002e8234b42d8]
Event: 22.066 Thread 0x000002e838943000 12525 %     3       com.android.tools.r8.naming.w$b::a @ 22 (88 bytes)
Event: 22.068 Thread 0x000002e838943000 nmethod 12525% 0x000002e8234b4390 code [0x000002e8234b4720, 0x000002e8234b5dd8]
Event: 22.071 Thread 0x000002e838943000 12526       3       com.android.tools.r8.naming.w$b::a (88 bytes)
Event: 22.073 Thread 0x000002e838943000 nmethod 12526 0x000002e8234b6810 code [0x000002e8234b6ba0, 0x000002e8234b8138]

GC Heap History (20 events):
Event: 18.377 GC heap after
{Heap after GC invocations=29 (full 0):
 garbage-first heap   total 157696K, used 85907K [0x0000000080000000, 0x0000000100000000)
  region size 1024K, 1 young (1024K), 1 survivors (1024K)
 Metaspace       used 93453K, capacity 95787K, committed 96076K, reserved 1132544K
  class space    used 12141K, capacity 13029K, committed 13132K, reserved 1048576K
}
Event: 18.882 GC heap before
{Heap before GC invocations=29 (full 0):
 garbage-first heap   total 157696K, used 118675K [0x0000000080000000, 0x0000000100000000)
  region size 1024K, 34 young (34816K), 1 survivors (1024K)
 Metaspace       used 99802K, capacity 102766K, committed 102860K, reserved 1138688K
  class space    used 13239K, capacity 14455K, committed 14540K, reserved 1048576K
}
Event: 18.889 GC heap after
{Heap after GC invocations=30 (full 0):
 garbage-first heap   total 157696K, used 85647K [0x0000000080000000, 0x0000000100000000)
  region size 1024K, 3 young (3072K), 3 survivors (3072K)
 Metaspace       used 99802K, capacity 102766K, committed 102860K, reserved 1138688K
  class space    used 13239K, capacity 14455K, committed 14540K, reserved 1048576K
}
Event: 19.243 GC heap before
{Heap before GC invocations=31 (full 0):
 garbage-first heap   total 157696K, used 132751K [0x0000000080000000, 0x0000000100000000)
  region size 1024K, 37 young (37888K), 3 survivors (3072K)
 Metaspace       used 100467K, capacity 103539K, committed 104012K, reserved 1138688K
  class space    used 13297K, capacity 14527K, committed 14668K, reserved 1048576K
}
Event: 19.251 GC heap after
{Heap after GC invocations=32 (full 0):
 garbage-first heap   total 189440K, used 97522K [0x0000000080000000, 0x0000000100000000)
  region size 1024K, 5 young (5120K), 5 survivors (5120K)
 Metaspace       used 100467K, capacity 103539K, committed 104012K, reserved 1138688K
  class space    used 13297K, capacity 14527K, committed 14668K, reserved 1048576K
}
Event: 19.280 GC heap before
{Heap before GC invocations=32 (full 0):
 garbage-first heap   total 189440K, used 101618K [0x0000000080000000, 0x0000000100000000)
  region size 1024K, 9 young (9216K), 5 survivors (5120K)
 Metaspace       used 100498K, capacity 103540K, committed 104012K, reserved 1138688K
  class space    used 13297K, capacity 14527K, committed 14668K, reserved 1048576K
}
Event: 19.287 GC heap after
{Heap after GC invocations=33 (full 0):
 garbage-first heap   total 189440K, used 99307K [0x0000000080000000, 0x0000000100000000)
  region size 1024K, 2 young (2048K), 2 survivors (2048K)
 Metaspace       used 100498K, capacity 103540K, committed 104012K, reserved 1138688K
  class space    used 13297K, capacity 14527K, committed 14668K, reserved 1048576K
}
Event: 19.761 GC heap before
{Heap before GC invocations=33 (full 0):
 garbage-first heap   total 189440K, used 141291K [0x0000000080000000, 0x0000000100000000)
  region size 1024K, 44 young (45056K), 2 survivors (2048K)
 Metaspace       used 101685K, capacity 104781K, committed 105036K, reserved 1138688K
  class space    used 13572K, capacity 14817K, committed 14924K, reserved 1048576K
}
Event: 19.788 GC heap after
{Heap after GC invocations=34 (full 0):
 garbage-first heap   total 189440K, used 118239K [0x0000000080000000, 0x0000000100000000)
  region size 1024K, 6 young (6144K), 6 survivors (6144K)
 Metaspace       used 101685K, capacity 104781K, committed 105036K, reserved 1138688K
  class space    used 13572K, capacity 14817K, committed 14924K, reserved 1048576K
}
Event: 20.115 GC heap before
{Heap before GC invocations=35 (full 0):
 garbage-first heap   total 189440K, used 146911K [0x0000000080000000, 0x0000000100000000)
  region size 1024K, 35 young (35840K), 6 survivors (6144K)
 Metaspace       used 101284K, capacity 104079K, committed 105036K, reserved 1138688K
  class space    used 13402K, capacity 14513K, committed 14924K, reserved 1048576K
}
Event: 20.141 GC heap after
{Heap after GC invocations=36 (full 0):
 garbage-first heap   total 189440K, used 134677K [0x0000000080000000, 0x0000000100000000)
  region size 1024K, 5 young (5120K), 5 survivors (5120K)
 Metaspace       used 101284K, capacity 104079K, committed 105036K, reserved 1138688K
  class space    used 13402K, capacity 14513K, committed 14924K, reserved 1048576K
}
Event: 20.170 GC heap before
{Heap before GC invocations=36 (full 0):
 garbage-first heap   total 189440K, used 138773K [0x0000000080000000, 0x0000000100000000)
  region size 1024K, 9 young (9216K), 5 survivors (5120K)
 Metaspace       used 101285K, capacity 104079K, committed 105036K, reserved 1138688K
  class space    used 13402K, capacity 14513K, committed 14924K, reserved 1048576K
}
Event: 20.199 GC heap after
{Heap after GC invocations=37 (full 0):
 garbage-first heap   total 252928K, used 134491K [0x0000000080000000, 0x0000000100000000)
  region size 1024K, 2 young (2048K), 2 survivors (2048K)
 Metaspace       used 101285K, capacity 104079K, committed 105036K, reserved 1138688K
  class space    used 13402K, capacity 14513K, committed 14924K, reserved 1048576K
}
Event: 20.813 GC heap before
{Heap before GC invocations=37 (full 0):
 garbage-first heap   total 252928K, used 176475K [0x0000000080000000, 0x0000000100000000)
  region size 1024K, 44 young (45056K), 2 survivors (2048K)
 Metaspace       used 101601K, capacity 104403K, committed 105292K, reserved 1140736K
  class space    used 13412K, capacity 14522K, committed 14924K, reserved 1048576K
}
Event: 20.835 GC heap after
{Heap after GC invocations=38 (full 0):
 garbage-first heap   total 252928K, used 146978K [0x0000000080000000, 0x0000000100000000)
  region size 1024K, 6 young (6144K), 6 survivors (6144K)
 Metaspace       used 101601K, capacity 104403K, committed 105292K, reserved 1140736K
  class space    used 13412K, capacity 14522K, committed 14924K, reserved 1048576K
}
Event: 21.834 GC heap before
{Heap before GC invocations=39 (full 0):
 garbage-first heap   total 252928K, used 188962K [0x0000000080000000, 0x0000000100000000)
  region size 1024K, 45 young (46080K), 6 survivors (6144K)
 Metaspace       used 101670K, capacity 104452K, committed 105548K, reserved 1140736K
  class space    used 13392K, capacity 14483K, committed 14924K, reserved 1048576K
}
Event: 21.863 GC heap after
{Heap after GC invocations=40 (full 0):
 garbage-first heap   total 252928K, used 158208K [0x0000000080000000, 0x0000000100000000)
  region size 1024K, 6 young (6144K), 6 survivors (6144K)
 Metaspace       used 101670K, capacity 104452K, committed 105548K, reserved 1140736K
  class space    used 13392K, capacity 14483K, committed 14924K, reserved 1048576K
}
Event: 21.907 GC heap before
{Heap before GC invocations=40 (full 0):
 garbage-first heap   total 252928K, used 163328K [0x0000000080000000, 0x0000000100000000)
  region size 1024K, 12 young (12288K), 6 survivors (6144K)
 Metaspace       used 101680K, capacity 104466K, committed 105548K, reserved 1140736K
  class space    used 13394K, capacity 14488K, committed 14924K, reserved 1048576K
}
Event: 21.930 GC heap after
{Heap after GC invocations=41 (full 0):
 garbage-first heap   total 252928K, used 154390K [0x0000000080000000, 0x0000000100000000)
  region size 1024K, 2 young (2048K), 2 survivors (2048K)
 Metaspace       used 101680K, capacity 104466K, committed 105548K, reserved 1140736K
  class space    used 13394K, capacity 14488K, committed 14924K, reserved 1048576K
}
Event: 22.084 GC heap before
{Heap before GC invocations=41 (full 0):
 garbage-first heap   total 252928K, used 195350K [0x0000000080000000, 0x0000000100000000)
  region size 1024K, 40 young (40960K), 2 survivors (2048K)
 Metaspace       used 101729K, capacity 104546K, committed 105548K, reserved 1140736K
  class space    used 13396K, capacity 14491K, committed 14924K, reserved 1048576K
}

Deoptimization events (20 events):
Event: 21.348 Thread 0x000002e83fbc1800 DEOPT PACKING pc=0x000002e82343f538 sp=0x000000f7bdcfd770
Event: 21.348 Thread 0x000002e83fbc1800 DEOPT UNPACKING pc=0x000002e8217f76ce sp=0x000000f7bdcfcc90 mode 0
Event: 21.349 Thread 0x000002e83fbc1800 DEOPT PACKING pc=0x000002e82343f538 sp=0x000000f7bdcfd770
Event: 21.349 Thread 0x000002e83fbc1800 DEOPT UNPACKING pc=0x000002e8217f76ce sp=0x000000f7bdcfcc90 mode 0
Event: 21.350 Thread 0x000002e83fbc1800 DEOPT PACKING pc=0x000002e82343f538 sp=0x000000f7bdcfd710
Event: 21.350 Thread 0x000002e83fbc1800 DEOPT UNPACKING pc=0x000002e8217f76ce sp=0x000000f7bdcfcc30 mode 0
Event: 21.351 Thread 0x000002e83fbc1800 DEOPT PACKING pc=0x000002e82343f538 sp=0x000000f7bdcfd710
Event: 21.351 Thread 0x000002e83fbc1800 DEOPT UNPACKING pc=0x000002e8217f76ce sp=0x000000f7bdcfcc30 mode 0
Event: 21.402 Thread 0x000002e83fbca800 DEOPT PACKING pc=0x000002e8234392bb sp=0x000000f7be0fe580
Event: 21.402 Thread 0x000002e83fbca800 DEOPT UNPACKING pc=0x000002e8217f76ce sp=0x000000f7be0fda90 mode 0
Event: 21.404 Thread 0x000002e83fbca800 DEOPT PACKING pc=0x000002e8234392bb sp=0x000000f7be0fe580
Event: 21.404 Thread 0x000002e83fbca800 DEOPT UNPACKING pc=0x000002e8217f76ce sp=0x000000f7be0fda90 mode 0
Event: 21.404 Thread 0x000002e83fbca800 Uncommon trap: trap_request=0xffffffe4 fr.pc=0x000002e829714af8 relative=0x0000000000000238
Event: 21.405 Thread 0x000002e83fbca800 Uncommon trap: reason=range_check action=make_not_entrant pc=0x000002e829714af8 method=com.android.tools.r8.graph.c0.a(Lcom/android/tools/r8/graph/c0;)I @ 9 c2
Event: 21.405 Thread 0x000002e83fbca800 DEOPT PACKING pc=0x000002e829714af8 sp=0x000000f7be0fe690
Event: 21.405 Thread 0x000002e83fbca800 DEOPT UNPACKING pc=0x000002e8217f78af sp=0x000000f7be0fe608 mode 2
Event: 21.408 Thread 0x000002e83fbca800 DEOPT PACKING pc=0x000002e82345cd3c sp=0x000000f7be0fe570
Event: 21.408 Thread 0x000002e83fbca800 DEOPT UNPACKING pc=0x000002e8217f76ce sp=0x000000f7be0fda88 mode 0
Event: 21.505 Thread 0x000002e83fbca800 DEOPT PACKING pc=0x000002e82316fb27 sp=0x000000f7be0fe890
Event: 21.505 Thread 0x000002e83fbca800 DEOPT UNPACKING pc=0x000002e8217f76ce sp=0x000000f7be0fdda0 mode 0

Classes redefined (0 events):
No events

Internal exceptions (20 events):
Event: 18.604 Thread 0x000002e83dde0800 Exception <a 'java/lang/NoSuchMethodError'{0x0000000088ba0870}: 'java.lang.Object java.lang.invoke.DirectMethodHandle$Holder.invokeVirtual(java.lang.Object, java.lang.Object, int, java.lang.Object)'> (0x0000000088ba0870) thrown at [./src/hotspot/share/interpreter/linkResolver.cpp, line 773]
Event: 18.604 Thread 0x000002e83fbc5800 Exception <a 'java/lang/NoSuchMethodError'{0x0000000088bb35e8}: 'java.lang.Object java.lang.invoke.DirectMethodHandle$Holder.invokeVirtual(java.lang.Object, java.lang.Object, int, java.lang.Object)'> (0x0000000088bb35e8) thrown at [./src/hotspot/share/interpreter/linkResolver.cpp, line 773]
Event: 18.627 Thread 0x000002e83dde0800 Exception <a 'java/lang/NoSuchMethodError'{0x0000000088ad88f0}: 'void java.lang.invoke.DirectMethodHandle$Holder.invokeVirtual(java.lang.Object, java.lang.Object, int, java.lang.Object)'> (0x0000000088ad88f0) thrown at [./src/hotspot/share/interpreter/linkResolver.cpp, line 773]
Event: 18.742 Thread 0x000002e83fbc5800 Exception <a 'java/lang/IncompatibleClassChangeError'{0x00000000883bfcd8}: Found class java.lang.Object, but interface was expected> (0x00000000883bfcd8) thrown at [./src/hotspot/share/interpreter/linkResolver.cpp, line 839]
Event: 18.742 Thread 0x000002e83dde0800 Exception <a 'java/lang/IncompatibleClassChangeError'{0x00000000883e1d98}: Found class java.lang.Object, but interface was expected> (0x00000000883e1d98) thrown at [./src/hotspot/share/interpreter/linkResolver.cpp, line 839]
Event: 18.760 Thread 0x000002e83fbc5800 Exception <a 'java/lang/NoSuchMethodError'{0x0000000088217a38}: 'void java.lang.invoke.DirectMethodHandle$Holder.invokeSpecial(java.lang.Object, java.lang.Object, int, java.lang.Object, java.lang.Object, java.lang.Object, java.lang.Object)'> (0x0000000088217a38) thrown at [./src/hotspot/share/interpreter/linkResolver.cpp, line 773]
Event: 18.760 Thread 0x000002e83dde0800 Exception <a 'java/lang/NoSuchMethodError'{0x00000000882a9aa0}: 'void java.lang.invoke.DirectMethodHandle$Holder.invokeSpecial(java.lang.Object, java.lang.Object, int, java.lang.Object, java.lang.Object, java.lang.Object, java.lang.Object)'> (0x00000000882a9aa0) thrown at [./src/hotspot/share/interpreter/linkResolver.cpp, line 773]
Event: 18.761 Thread 0x000002e83dde0800 Exception <a 'java/lang/NoSuchMethodError'{0x00000000882b4060}: 'java.lang.Object java.lang.invoke.Invokers$Holder.linkToTargetMethod(java.lang.Object, int, java.lang.Object, java.lang.Object, java.lang.Object, java.lang.Object)'> (0x00000000882b4060) thrown at [./src/hotspot/share/interpreter/linkResolver.cpp, line 773]
Event: 18.762 Thread 0x000002e83fbc5800 Exception <a 'java/lang/NoSuchMethodError'{0x0000000088222800}: 'java.lang.Object java.lang.invoke.Invokers$Holder.linkToTargetMethod(java.lang.Object, int, java.lang.Object, java.lang.Object, java.lang.Object, java.lang.Object)'> (0x0000000088222800) thrown at [./src/hotspot/share/interpreter/linkResolver.cpp, line 773]
Event: 18.762 Thread 0x000002e83dde0800 Exception <a 'java/lang/NoSuchMethodError'{0x00000000882b7d18}: 'void java.lang.invoke.DirectMethodHandle$Holder.invokeSpecial(java.lang.Object, java.lang.Object, java.lang.Object, java.lang.Object, java.lang.Object, java.lang.Object, java.lang.Object, java.lang.Object, java.lang.Object)'> (0x00000000882b7d18) thrown at [./src/hotspot/share/interpreter/linkResolver.cpp, line 773]
Event: 18.762 Thread 0x000002e83fbc5800 Exception <a 'java/lang/NoSuchMethodError'{0x0000000088225e00}: 'void java.lang.invoke.DirectMethodHandle$Holder.invokeSpecial(java.lang.Object, java.lang.Object, java.lang.Object, java.lang.Object, java.lang.Object, java.lang.Object, java.lang.Object, java.lang.Object, java.lang.Object)'> (0x0000000088225e00) thrown at [./src/hotspot/share/interpreter/linkResolver.cpp, line 773]
Event: 18.764 Thread 0x000002e83fbc5800 Exception <a 'java/lang/NoSuchMethodError'{0x00000000882dc6a8}: 'void java.lang.invoke.DirectMethodHandle$Holder.invokeStatic(java.lang.Object, java.lang.Object, java.lang.Object, java.lang.Object, java.lang.Object, java.lang.Object, java.lang.Object, java.lang.Object)'> (0x00000000882dc6a8) thrown at [./src/hotspot/share/interpreter/linkResolver.cpp, line 773]
Event: 18.764 Thread 0x000002e83dde0800 Exception <a 'java/lang/NoSuchMethodError'{0x00000000882cc5d0}: 'void java.lang.invoke.DirectMethodHandle$Holder.invokeStatic(java.lang.Object, java.lang.Object, java.lang.Object, java.lang.Object, java.lang.Object, java.lang.Object, java.lang.Object, java.lang.Object)'> (0x00000000882cc5d0) thrown at [./src/hotspot/share/interpreter/linkResolver.cpp, line 773]
Event: 18.796 Thread 0x000002e83fbc5800 Exception <a 'java/lang/IncompatibleClassChangeError'{0x00000000880a2738}: Found class java.lang.Object, but interface was expected> (0x00000000880a2738) thrown at [./src/hotspot/share/interpreter/linkResolver.cpp, line 839]
Event: 18.822 Thread 0x000002e83dde0800 Exception <a 'java/lang/NoSuchMethodError'{0x0000000087e7bc30}: 'void java.lang.invoke.DirectMethodHandle$Holder.invokeVirtual(java.lang.Object, java.lang.Object, int)'> (0x0000000087e7bc30) thrown at [./src/hotspot/share/interpreter/linkResolver.cpp, line 773]
Event: 18.822 Thread 0x000002e83fbc5800 Exception <a 'java/lang/NoSuchMethodError'{0x0000000087ea4778}: 'void java.lang.invoke.DirectMethodHandle$Holder.invokeVirtual(java.lang.Object, java.lang.Object, int)'> (0x0000000087ea4778) thrown at [./src/hotspot/share/interpreter/linkResolver.cpp, line 773]
Event: 18.837 Thread 0x000002e83dde0800 Exception <a 'sun/nio/fs/WindowsException'{0x0000000087d4cfd8}> (0x0000000087d4cfd8) thrown at [./src/hotspot/share/prims/jni.cpp, line 615]
Event: 18.837 Thread 0x000002e83fbc5800 Exception <a 'sun/nio/fs/WindowsException'{0x0000000087d78a48}> (0x0000000087d78a48) thrown at [./src/hotspot/share/prims/jni.cpp, line 615]
Event: 19.102 Thread 0x000002e83ddda000 Exception <a 'java/lang/NoSuchMethodError'{0x0000000088715e20}: <clinit>> (0x0000000088715e20) thrown at [./src/hotspot/share/prims/jni.cpp, line 1362]
Event: 19.199 Thread 0x000002e83fbc1800 Exception <a 'sun/nio/fs/WindowsException'{0x0000000087b6a6f0}> (0x0000000087b6a6f0) thrown at [./src/hotspot/share/prims/jni.cpp, line 615]

Events (20 events):
Event: 22.015 Executing VM operation: RevokeBias done
Event: 22.015 Executing VM operation: RevokeBias
Event: 22.015 Executing VM operation: RevokeBias done
Event: 22.015 Executing VM operation: RevokeBias
Event: 22.015 Executing VM operation: RevokeBias done
Event: 22.015 Executing VM operation: RevokeBias
Event: 22.015 Executing VM operation: RevokeBias done
Event: 22.015 Executing VM operation: RevokeBias
Event: 22.015 Executing VM operation: RevokeBias done
Event: 22.015 Executing VM operation: RevokeBias
Event: 22.015 Executing VM operation: RevokeBias done
Event: 22.015 Executing VM operation: BulkRevokeBias
Event: 22.016 Executing VM operation: BulkRevokeBias done
Event: 22.040 loading class com/android/tools/r8/internal/pr
Event: 22.040 loading class com/android/tools/r8/internal/pr done
Event: 22.040 loading class com/android/tools/r8/graph/P
Event: 22.040 loading class com/android/tools/r8/graph/P done
Event: 22.040 loading class com/android/tools/r8/internal/pr
Event: 22.040 loading class com/android/tools/r8/internal/pr done
Event: 22.084 Executing VM operation: G1CollectForAllocation


Dynamic libraries:
0x00007ff639110000 - 0x00007ff63911a000 	E:\MySoftWare\ForCode\Android Studio\jre\bin\java.exe
0x00007ff90e4b0000 - 0x00007ff90e6a5000 	C:\WINDOWS\SYSTEM32\ntdll.dll
0x00007ff90d280000 - 0x00007ff90d33e000 	C:\WINDOWS\System32\KERNEL32.DLL
0x00007ff90c230000 - 0x00007ff90c4f8000 	C:\WINDOWS\System32\KERNELBASE.dll
0x00007ff90bd60000 - 0x00007ff90be60000 	C:\WINDOWS\System32\ucrtbase.dll
0x00007ff905520000 - 0x00007ff905539000 	E:\MySoftWare\ForCode\Android Studio\jre\bin\jli.dll
0x00007ff901f50000 - 0x00007ff901f67000 	E:\MySoftWare\ForCode\Android Studio\jre\bin\VCRUNTIME140.dll
0x00007ff90d4d0000 - 0x00007ff90d671000 	C:\WINDOWS\System32\USER32.dll
0x00007ff90bfb0000 - 0x00007ff90bfd2000 	C:\WINDOWS\System32\win32u.dll
0x00007ff90ceb0000 - 0x00007ff90cedb000 	C:\WINDOWS\System32\GDI32.dll
0x00007ff90bc50000 - 0x00007ff90bd5b000 	C:\WINDOWS\System32\gdi32full.dll
0x00007ff90be60000 - 0x00007ff90befd000 	C:\WINDOWS\System32\msvcp_win.dll
0x00007ff900790000 - 0x00007ff900a2a000 	C:\WINDOWS\WinSxS\amd64_microsoft.windows.common-controls_6595b64144ccf1df_6.0.19041.1110_none_60b5254171f9507e\COMCTL32.dll
0x00007ff90cf90000 - 0x00007ff90d02e000 	C:\WINDOWS\System32\msvcrt.dll
0x00007ff90d950000 - 0x00007ff90d980000 	C:\WINDOWS\System32\IMM32.DLL
0x00007ff8e3070000 - 0x00007ff8e310d000 	E:\MySoftWare\ForCode\Android Studio\jre\bin\msvcp140.dll
0x00007ff8cf5c0000 - 0x00007ff8d008f000 	E:\MySoftWare\ForCode\Android Studio\jre\bin\server\jvm.dll
0x00007ff90cee0000 - 0x00007ff90cf8c000 	C:\WINDOWS\System32\ADVAPI32.dll
0x00007ff90c500000 - 0x00007ff90c59b000 	C:\WINDOWS\System32\sechost.dll
0x00007ff90d820000 - 0x00007ff90d94a000 	C:\WINDOWS\System32\RPCRT4.dll
0x00007ff90d680000 - 0x00007ff90d688000 	C:\WINDOWS\System32\PSAPI.DLL
0x00007ff8fe550000 - 0x00007ff8fe577000 	C:\WINDOWS\SYSTEM32\WINMM.dll
0x00007ff8f7f40000 - 0x00007ff8f7f49000 	C:\WINDOWS\SYSTEM32\WSOCK32.dll
0x00007ff903130000 - 0x00007ff90313a000 	C:\WINDOWS\SYSTEM32\VERSION.dll
0x00007ff90d210000 - 0x00007ff90d27b000 	C:\WINDOWS\System32\WS2_32.dll
0x00007ff90a4a0000 - 0x00007ff90a4b2000 	C:\WINDOWS\SYSTEM32\kernel.appcore.dll
0x00007ff904460000 - 0x00007ff904471000 	E:\MySoftWare\ForCode\Android Studio\jre\bin\verify.dll
0x00007ff90a160000 - 0x00007ff90a344000 	C:\WINDOWS\SYSTEM32\DBGHELP.DLL
0x00007ff9027a0000 - 0x00007ff9027cc000 	C:\WINDOWS\SYSTEM32\dbgcore.DLL
0x00007ff90c1a0000 - 0x00007ff90c223000 	C:\WINDOWS\System32\bcryptPrimitives.dll
0x00007ff902c00000 - 0x00007ff902c29000 	E:\MySoftWare\ForCode\Android Studio\jre\bin\java.dll
0x00007ff9058a0000 - 0x00007ff9058ab000 	E:\MySoftWare\ForCode\Android Studio\jre\bin\jimage.dll
0x00007ff903940000 - 0x00007ff903958000 	E:\MySoftWare\ForCode\Android Studio\jre\bin\zip.dll
0x00007ff90d980000 - 0x00007ff90e0bf000 	C:\WINDOWS\System32\SHELL32.dll
0x00007ff9099c0000 - 0x00007ff90a150000 	C:\WINDOWS\SYSTEM32\windows.storage.dll
0x00007ff90c5a0000 - 0x00007ff90c8f5000 	C:\WINDOWS\System32\combase.dll
0x00007ff90b620000 - 0x00007ff90b64e000 	C:\WINDOWS\SYSTEM32\Wldp.dll
0x00007ff90d6a0000 - 0x00007ff90d74d000 	C:\WINDOWS\System32\SHCORE.dll
0x00007ff90e350000 - 0x00007ff90e3a5000 	C:\WINDOWS\System32\shlwapi.dll
0x00007ff90bb10000 - 0x00007ff90bb2f000 	C:\WINDOWS\SYSTEM32\profapi.dll
0x00007ff902b40000 - 0x00007ff902b5a000 	E:\MySoftWare\ForCode\Android Studio\jre\bin\net.dll
0x00007ff902c90000 - 0x00007ff902d9c000 	C:\WINDOWS\SYSTEM32\WINHTTP.dll
0x00007ff90b380000 - 0x00007ff90b3ea000 	C:\WINDOWS\system32\mswsock.dll
0x00007ff902b20000 - 0x00007ff902b34000 	E:\MySoftWare\ForCode\Android Studio\jre\bin\nio.dll
0x00007ff900c00000 - 0x00007ff900c27000 	C:\Users\HUAWEI\.gradle\native\8bec1ad78214c89d9ad589b4d07fe93259594b29d510b10fafb7a158f7737e5d\windows-amd64\native-platform.dll
0x00007ff8d1b20000 - 0x00007ff8d1c5d000 	C:\Users\HUAWEI\.gradle\native\53dbd7edfb1c66fb8903c78663c9afc45aea4f116125fa6feffd364cf09443e8\windows-amd64\native-platform-file-events.dll
0x00007ff905510000 - 0x00007ff90551a000 	E:\MySoftWare\ForCode\Android Studio\jre\bin\management.dll
0x00007ff904450000 - 0x00007ff90445c000 	E:\MySoftWare\ForCode\Android Studio\jre\bin\management_ext.dll
0x00007ff90b580000 - 0x00007ff90b598000 	C:\WINDOWS\SYSTEM32\CRYPTSP.dll
0x00007ff90ac30000 - 0x00007ff90ac64000 	C:\WINDOWS\system32\rsaenh.dll
0x00007ff90bbd0000 - 0x00007ff90bbf7000 	C:\WINDOWS\System32\bcrypt.dll
0x00007ff90bad0000 - 0x00007ff90bafe000 	C:\WINDOWS\SYSTEM32\USERENV.dll
0x00007ff90b570000 - 0x00007ff90b57c000 	C:\WINDOWS\SYSTEM32\CRYPTBASE.dll
0x00007ff90b020000 - 0x00007ff90b05b000 	C:\WINDOWS\SYSTEM32\IPHLPAPI.DLL
0x00007ff90d690000 - 0x00007ff90d698000 	C:\WINDOWS\System32\NSI.dll
0x00007ff9044c0000 - 0x00007ff9044d7000 	C:\WINDOWS\SYSTEM32\dhcpcsvc6.DLL
0x00007ff9044a0000 - 0x00007ff9044bd000 	C:\WINDOWS\SYSTEM32\dhcpcsvc.DLL
0x00007ff90b070000 - 0x00007ff90b13b000 	C:\WINDOWS\SYSTEM32\DNSAPI.dll

dbghelp: loaded successfully - version: 4.0.5 - missing functions: none
symbol engine: initialized successfully - sym options: 0x614 - pdb path: .;E:\MySoftWare\ForCode\Android Studio\jre\bin;C:\WINDOWS\SYSTEM32;C:\WINDOWS\WinSxS\amd64_microsoft.windows.common-controls_6595b64144ccf1df_6.0.19041.1110_none_60b5254171f9507e;E:\MySoftWare\ForCode\Android Studio\jre\bin\server;C:\Users\HUAWEI\.gradle\native\8bec1ad78214c89d9ad589b4d07fe93259594b29d510b10fafb7a158f7737e5d\windows-amd64;C:\Users\HUAWEI\.gradle\native\53dbd7edfb1c66fb8903c78663c9afc45aea4f116125fa6feffd364cf09443e8\windows-amd64

VM Arguments:
jvm_args: --add-opens=java.base/java.util=ALL-UNNAMED --add-opens=java.base/java.lang=ALL-UNNAMED --add-opens=java.base/java.lang.invoke=ALL-UNNAMED --add-opens=java.base/java.util=ALL-UNNAMED --add-opens=java.prefs/java.util.prefs=ALL-UNNAMED --add-opens=java.prefs/java.util.prefs=ALL-UNNAMED --add-opens=java.base/java.nio.charset=ALL-UNNAMED --add-opens=java.base/java.net=ALL-UNNAMED --add-opens=java.base/java.util.concurrent.atomic=ALL-UNNAMED -Xmx2048m -Dfile.encoding=UTF-8 -Duser.country=CN -Duser.language=zh -Duser.variant 
java_command: org.gradle.launcher.daemon.bootstrap.GradleDaemon 7.0.2
java_class_path (initial): C:\Users\HUAWEI\.gradle\wrapper\dists\gradle-7.0.2-bin\857tjihv64xamwrf0h14cai3r\gradle-7.0.2\lib\gradle-launcher-7.0.2.jar
Launcher Type: SUN_STANDARD

[Global flags]
     intx CICompilerCount                          = 4                                         {product} {ergonomic}
     uint ConcGCThreads                            = 2                                         {product} {ergonomic}
     uint G1ConcRefinementThreads                  = 8                                         {product} {ergonomic}
   size_t G1HeapRegionSize                         = 1048576                                   {product} {ergonomic}
    uintx GCDrainStackTargetSize                   = 64                                        {product} {ergonomic}
   size_t InitialHeapSize                          = 134217728                                 {product} {ergonomic}
   size_t MarkStackSize                            = 4194304                                   {product} {ergonomic}
   size_t MaxHeapSize                              = 2147483648                                {product} {command line}
   size_t MaxNewSize                               = 1287651328                                {product} {ergonomic}
   size_t MinHeapDeltaBytes                        = 1048576                                   {product} {ergonomic}
    uintx NonNMethodCodeHeapSize                   = 5836300                                {pd product} {ergonomic}
    uintx NonProfiledCodeHeapSize                  = 122910970                              {pd product} {ergonomic}
    uintx ProfiledCodeHeapSize                     = 122910970                              {pd product} {ergonomic}
    uintx ReservedCodeCacheSize                    = 251658240                              {pd product} {ergonomic}
     bool SegmentedCodeCache                       = true                                      {product} {ergonomic}
     bool UseCompressedClassPointers               = true                                 {lp64_product} {ergonomic}
     bool UseCompressedOops                        = true                                 {lp64_product} {ergonomic}
     bool UseG1GC                                  = true                                      {product} {ergonomic}
     bool UseLargePagesIndividualAllocation        = false                                  {pd product} {ergonomic}

Logging:
Log output configuration:
 #0: stdout all=warning uptime,level,tags
 #1: stderr all=off uptime,level,tags

Environment Variables:
PATH=E:\MySoftWare\MyLinux\VMware\bin\;C:\Windows\system32;C:\Windows;C:\Windows\System32\Wbem;C:\Windows\System32\WindowsPowerShell\v1.0\;C:\Windows\System32\OpenSSH\;C:\Program Files (x86)\Intel\Intel(R) Management Engine Components\DAL;C:\Program Files\Intel\Intel(R) Management Engine Components\DAL;C:\Program Files (x86)\NVIDIA Corporation\PhysX\Common;C:\Program Files\NVIDIA Corporation\NVIDIA NvDLISR;E:\Matlab\runtime\win64;E:\Matlab\bin;E:\Matlab\polyspace\bin;C:\WINDOWS\system32;C:\WINDOWS;C:\WINDOWS\System32\Wbem;C:\WINDOWS\System32\WindowsPowerShell\v1.0\;C:\WINDOWS\System32\OpenSSH\;C:\Program Files (x86)\EasyShare\x86\;C:\Program Files (x86)\EasyShare\x64\;C:\Program Files\Git\cmd;C:\Users\HUAWEI\AppData\Local\Microsoft\WindowsApps;C:\Program Files\Bandizip\;E:\软件工具\编程\Dev-C++\Dev-Cpp\MinGW64\bin;C:\Users\HUAWEI\AppData\Local\Microsoft\WindowsApps;E:\软件工具\编程\汇编语言\masm5.0\MASM-master;
USERNAME=HUAWEI
OS=Windows_NT
PROCESSOR_IDENTIFIER=Intel64 Family 6 Model 142 Stepping 10, GenuineIntel



---------------  S Y S T E M  ---------------

OS: Windows 10 , 64 bit Build 19041 (10.0.19041.1348)
OS uptime: 6 days 2:12 hours

CPU:total 8 (initial active 8) (4 cores per cpu, 2 threads per core) family 6 model 142 stepping 10 microcode 0xb4, cmov, cx8, fxsr, mmx, sse, sse2, sse3, ssse3, sse4.1, sse4.2, popcnt, avx, avx2, aes, clmul, erms, 3dnowpref, lzcnt, ht, tsc, tscinvbit, bmi1, bmi2, adx, fma

Memory: 4k page, system-wide physical 8075M (325M free)
TotalPageFile size 18315M (AvailPageFile size 105M)
current process WorkingSet (physical memory assigned to process): 400M, peak: 425M
current process commit charge ("private bytes"): 553M, peak: 717M

vm_info: OpenJDK 64-Bit Server VM (11.0.10+0-b96-7249189) for windows-amd64 JRE (11.0.10+0-b96-7249189), built on Mar 31 2021 21:44:00 by "builder" with MS VC++ 14.0 (VS2015)

END.
